# 4000 data points
# index number
0 833
1 2804
2 3562
3 4361
4 6097
5 7400
6 9824
7 8393
8 12714
9 13385
10 14290
11 14723
12 23068
13 18801
14 19077
15 115
16 24921
17 31379
18 30928
19 31967
20 34471
21 101681
22 27907
23 149
24 547
25 926
26 831
27 1524
28 1816
29 2248
30 2013
31 4487
32 2296
33 2508
34 2998
35 3105
36 2760
37 3744
38 3941
39 4429
40 4831
41 2591
42 4888
43 4942
44 6575
45 5868
46 5432
47 6089
48 6111
49 6556
50 6711
51 7378
52 7100
53 7707
54 7819
55 6926
56 8015
57 8025
58 8027
59 9581
60 8410
61 8106
62 9256
63 9800
64 9998
65 10578
66 14598
67 9304
68 12014
69 13355
70 14170
71 14725
72 37866
73 35735
74 103007
75 13798
76 42896
77 44777
78 56527
79 65223
80 47393
81 58657
82 58800
83 68496
84 65208
85 61073
86 47144
87 69780
88 70138
89 71241
90 74860
91 75501
92 78511
93 81662
94 147609
95 85327
96 76799
97 81981
98 93653
99 97972
100 99616
101 108741
102 47739
103 85037
104 8571
105 15570
106 15848
107 15871
108 16125
109 16231
110 15824
111 17447
112 17877
113 18191
114 18738
115 18746
116 19445
117 19000
118 21061
119 21402
120 22111
121 22378
122 22157
123 21418
124 22744
125 23856
126 22812
127 18047
128 24162
129 23715
130 24214
131 24271
132 24304
133 24637
134 24724
135 25334
136 24766
137 25784
138 25917
139 26208
140 26211
141 27852
142 29143
143 26801
144 28219
145 28809
146 29027
147 29475
148 29566
149 29882
150 29787
151 86897
152 28800
153 30448
154 30319
155 30375
156 29926
157 30514
158 30749
159 37151
160 30789
161 50034
162 82509
163 48327
164 29704
165 92467
166 151120
167 30920
168 31703
169 32782
170 31428
171 32043
172 31556
173 31682
174 32019
175 32046
176 31790
177 38028
178 32800
179 32966
180 32978
181 34672
182 33041
183 35083
184 33468
185 34264
186 33890
187 34888
188 34724
189 34873
190 36376
191 38426
192 33669
193 36418
194 36932
195 31730
196 38111
197 37447
198 37649
199 38245
200 37033
201 38801
202 38882
203 40295
204 39090
205 40784
206 40504
207 40414
208 41444
209 40905
210 41514
211 41209
212 41618
213 40388
214 42052
215 42310
216 42337
217 42779
218 45649
219 42974
220 48705
221 43978
222 46970
223 43003
224 43083
225 43570
226 45621
227 45227
228 46512
229 46515
230 47027
231 47222
232 47599
233 48063
234 48363
235 48404
236 54620
237 49251
238 48264
239 48609
240 48886
241 49611
242 49924
243 50129
244 50444
245 50138
246 48738
247 50672
248 55412
249 51210
250 53017
251 57426
252 51019
253 51318
254 52026
255 52459
256 48969
257 55540
258 55242
259 57030
260 57114
261 57360
262 57356
263 55211
264 57711
265 67807
266 58128
267 58485
268 59333
269 60425
270 62313
271 62656
272 63068
273 62834
274 62933
275 62763
276 63499
277 63734
278 64323
279 64460
280 65344
281 69254
282 69463
283 63835
284 65610
285 68747
286 65659
287 65740
288 67092
289 65869
290 66573
291 69319
292 65689
293 66616
294 68058
295 69379
296 69610
297 70115
298 69518
299 69856
300 65731
301 71282
302 71524
303 71704
304 73232
305 73110
306 73320
307 73555
308 73340
309 75092
310 76329
311 77265
312 77536
313 78164
314 79170
315 79748
316 83575
317 86993
318 80287
319 84106
320 84408
321 88583
322 88421
323 124866
324 80665
325 81802
326 91555
327 81864
328 85462
329 39648
330 53415
331 81900
332 53690
333 54580
334 56202
335 57802
336 62639
337 76064
338 66212
339 56446
340 84285
341 91274
342 91615
343 91962
344 92436
345 94594
346 94976
347 96865
348 58634
349 97864
350 98851
351 99339
352 102812
353 104364
354 104683
355 106623
356 115133
357 100436
358 106869
359 110299
360 111857
361 113883
362 112326
363 114975
364 119899
365 122448
366 120879
367 122292
368 55624
369 118155
370 149102
371 60431
372 61512
373 62210
374 63753
375 125970
376 149445
377 69717
378 70458
379 75251
380 70064
381 126665
382 76564
383 125315
384 80170
385 124714
386 68717
387 127143
388 127875
389 128465
390 129239
391 65715
392 81085
393 82977
394 82449
395 83008
396 94204
397 83638
398 118968
399 92907
400 94061
401 124050
402 128255
403 116328
404 126900
405 129949
406 86211
407 130423
408 131845
409 132235
410 135815
411 136950
412 138470
413 142278
414 133667
415 133722
416 134148
417 139711
418 138516
419 139054
420 139074
421 140507
422 143556
423 143889
424 137527
425 147125
426 143813
427 144874
428 145666
429 146959
430 147524
431 148077
432 149760
433 151545
434 152152
435 151221
436 153106
437 73077
438 153322
439 154521
440 156247
441 157307
442 159565
443 159984
444 161960
445 163795
446 162834
447 156927
448 164798
449 163247
450 165068
451 165582
452 166587
453 169957
454 169968
455 170381
456 170346
457 170580
458 171036
459 171256
460 171620
461 171701
462 174943
463 175764
464 176310
465 178479
466 179711
467 172063
468 177181
469 180772
470 187520
471 182563
472 171598
473 173822
474 175828
475 176473
476 175033
477 179475
478 180306
479 183849
480 185409
481 186764
482 191132
483 183981
484 188911
485 194637
486 184709
487 191506
488 190634
489 187439
490 191747
491 190386
492 169926
493 195100
494 197260
495 198220
496 198470
497 236532
498 197699
499 198835
500 199387
501 199458
502 199671
503 180988
504 200286
505 190278
506 192059
507 200626
508 201025
509 202062
510 197106
511 204668
512 205439
513 204962
514 206000
515 211137
516 208049
517 210384
518 211341
519 211827
520 214368
521 217172
522 218002
523 218514
524 221263
525 221564
526 228978
527 218608
528 223087
529 223792
530 225351
531 235280
532 225346
533 222499
534 225450
535 229488
536 227419
537 232456
538 228403
539 235373
540 239602
541 227655
542 234356
543 214571
544 219905
545 221777
546 223201
547 235736
548 230104
549 220371
550 238453
551 224505
552 236770
553 236974
554 240024
555 241496
556 240334
557 54688
558 84646
559 85318
560 84983
561 85194
562 85351
563 85548
564 122223
565 85548
566 116028
567 135498
568 141002
569 141567
570 143540
571 156875
572 118765
573 157396
574 85945
575 87275
576 88036
577 87873
578 87729
579 88026
580 88154
581 88273
582 88564
583 88307
584 88612
585 88644
586 91592
587 88686
588 91363
589 91819
590 91881
591 92321
592 92528
593 93695
594 95532
595 91954
596 93805
597 93712
598 94340
599 93237
600 94615
601 94618
602 94723
603 95437
604 93203
605 95966
606 96117
607 100526
608 100305
609 102604
610 96527
611 99190
612 99863
613 100178
614 100910
615 101353
616 101046
617 101956
618 99867
619 102519
620 102615
621 102878
622 102648
623 102347
624 103778
625 104419
626 231314
627 104747
628 111557
629 233661
630 157622
631 197059
632 199788
633 204464
634 228387
635 94892
636 232445
637 104955
638 107469
639 109938
640 110053
641 110310
642 110787
643 110936
644 118956
645 105166
646 105684
647 106315
648 108138
649 110413
650 108743
651 106970
652 110521
653 110963
654 111219
655 112121
656 112838
657 113589
658 118919
659 111473
660 112425
661 112405
662 114051
663 114458
664 120392
665 114523
666 111672
667 114658
668 115964
669 116094
670 118833
671 114868
672 117671
673 117979
674 117574
675 118708
676 119228
677 120088
678 117200
679 105691
680 119452
681 119565
682 120725
683 127351
684 121046
685 121814
686 122496
687 122562
688 122613
689 122770
690 122723
691 123010
692 123623
693 123081
694 123876
695 124690
696 125495
697 125635
698 127611
699 128006
700 128651
701 128369
702 132550
703 129131
704 129332
705 129439
706 129510
707 131730
708 132052
709 132208
710 130856
711 129536
712 132620
713 132831
714 133106
715 134216
716 134252
717 134617
718 134888
719 136070
720 136906
721 138534
722 136843
723 137179
724 134596
725 138802
726 143284
727 139457
728 142924
729 142678
730 144581
731 139303
732 143770
733 134274
734 138830
735 139068
736 139994
737 140520
738 143917
739 140603
740 143097
741 140949
742 143281
743 144135
744 150718
745 138944
746 144992
747 146037
748 147181
749 147303
750 141120
751 152599
752 144915
753 136839
754 147654
755 148670
756 149051
757 151103
758 149876
759 149947
760 150149
761 150477
762 152776
763 148095
764 151348
765 151451
766 152213
767 118557
768 152216
769 152790
770 152890
771 152967
772 153808
773 154528
774 155053
775 157175
776 155192
777 155702
778 156673
779 156354
780 158465
781 156881
782 161447
783 158262
784 153936
785 155045
786 155501
787 156054
788 156278
789 156499
790 156515
791 158774
792 157530
793 158362
794 159163
795 156861
796 159883
797 161314
798 162297
799 161480
800 162062
801 162597
802 162715
803 155214
804 162962
805 162818
806 163345
807 162261
808 155727
809 187930
810 163117
811 164596
812 164782
813 167351
814 164461
815 166567
816 167040
817 167246
818 167346
819 169872
820 164149
821 170140
822 170146
823 170236
824 171805
825 171915
826 177841
827 170192
828 175506
829 172461
830 173360
831 174284
832 172904
833 170264
834 174420
835 172452
836 175877
837 176028
838 176462
839 176769
840 177377
841 176974
842 177604
843 177580
844 165327
845 178644
846 178823
847 179269
848 184884
849 178973
850 180456
851 182432
852 182465
853 182980
854 183303
855 187113
856 184996
857 185782
858 186010
859 186266
860 188112
861 184210
862 184784
863 184869
864 186194
865 185521
866 186707
867 186945
868 143201
869 187902
870 188061
871 188527
872 190186
873 191185
874 191574
875 191657
876 190742
877 191835
878 193270
879 194456
880 195123
881 195649
882 197286
883 197978
884 210079
885 191921
886 195137
887 193676
888 194448
889 195140
890 195914
891 198787
892 197466
893 199648
894 202323
895 200443
896 207098
897 200475
898 202658
899 202862
900 194734
901 203670
902 211249
903 210557
904 215505
905 203799
906 204653
907 205806
908 207178
909 207231
910 208932
911 209387
912 209985
913 211644
914 211645
915 213942
916 214110
917 214634
918 214669
919 214930
920 217566
921 214709
922 216564
923 210647
924 215302
925 219697
926 216629
927 217759
928 216845
929 217241
930 220810
931 220411
932 233399
933 195243
934 224210
935 221352
936 222132
937 239895
938 208177
939 231524
940 188986
941 233026
942 234078
943 222339
944 224129
945 225011
946 225015
947 226722
948 226964
949 225033
950 226209
951 226332
952 226713
953 227102
954 227332
955 227541
956 228223
957 229876
958 230236
959 228372
960 230069
961 230126
962 230654
963 231701
964 236471
965 231985
966 232630
967 234983
968 239677
969 233082
970 235225
971 237698
972 237473
973 234580
974 239473
975 240283
976 241862
977 241416
978 243112
979 210215
980 235614
981 237835
982 238586
983 238959
984 239981
985 242218
986 242274
987 242658
988 240751
989 242893
990 22287
991 243750
992 242929
993 243821
994 243517
995 243110
996 243828
997 244408
998 244449
999 244597
1000 244637
1001 244884
1002 244718
1003 244906
1004 245033
1005 245258
1006 246431
1007 245377
1008 245533
1009 246314
1010 245689
1011 246939
1012 246981
1013 247016
1014 247274
1015 251654
1016 247440
1017 247618
1018 247481
1019 247641
1020 247729
1021 248086
1022 248528
1023 248730
1024 248802
1025 248846
1026 249255
1027 251013
1028 252843
1029 250231
1030 247653
1031 251654
1032 251790
1033 247474
1034 251925
1035 253077
1036 253511
1037 253800
1038 254306
1039 253871
1040 254547
1041 254946
1042 255157
1043 256003
1044 262836
1045 255757
1046 253704
1047 256076
1048 257188
1049 257240
1050 258405
1051 259029
1052 254899
1053 261397
1054 259180
1055 258284
1056 258954
1057 259052
1058 259378
1059 259413
1060 261295
1061 259710
1062 261968
1063 262920
1064 259714
1065 261485
1066 262800
1067 262369
1068 254215
1069 255742
1070 256609
1071 258163
1072 260661
1073 261180
1074 261608
1075 261446
1076 262267
1077 262415
1078 264230
1079 263301
1080 263931
1081 257992
1082 264417
1083 264966
1084 265272
1085 265316
1086 265776
1087 265861
1088 266327
1089 266535
1090 266754
1091 267011
1092 267761
1093 267763
1094 268067
1095 268510
1096 270277
1097 268559
1098 268600
1099 268624
1100 268685
1101 270187
1102 268700
1103 269242
1104 277279
1105 266719
1106 271013
1107 274744
1108 275269
1109 273829
1110 271882
1111 274820
1112 275323
1113 279093
1114 275376
1115 280880
1116 276132
1117 269902
1118 276538
1119 271232
1120 272148
1121 275884
1122 272650
1123 273819
1124 276171
1125 274027
1126 276109
1127 274942
1128 274791
1129 276356
1130 273340
1131 281550
1132 272489
1133 277348
1134 277806
1135 278788
1136 280051
1137 281315
1138 281328
1139 281353
1140 282554
1141 281432
1142 274442
1143 282853
1144 283282
1145 283335
1146 284564
1147 285026
1148 283627
1149 285261
1150 285366
1151 286208
1152 286987
1153 286649
1154 288528
1155 289956
1156 290161
1157 290373
1158 290518
1159 291709
1160 284534
1161 287093
1162 289614
1163 290842
1164 292361
1165 289663
1166 292251
1167 292754
1168 297435
1169 292404
1170 294629
1171 294789
1172 297195
1173 294099
1174 295343
1175 297374
1176 297726
1177 297910
1178 289567
1179 299322
1180 298833
1181 301820
1182 299195
1183 300397
1184 301892
1185 305676
1186 299631
1187 294002
1188 301986
1189 301962
1190 302206
1191 302336
1192 302365
1193 307499
1194 310078
1195 304208
1196 305246
1197 305597
1198 308239
1199 308738
1200 309284
1201 308920
1202 309444
1203 309222
1204 312343
1205 309173
1206 310882
1207 311174
1208 311264
1209 311699
1210 311580
1211 312269
1212 312275
1213 313451
1214 313493
1215 265318
1216 276813
1217 277641
1218 278375
1219 278560
1220 278949
1221 279693
1222 279445
1223 280298
1224 280612
1225 282050
1226 283697
1227 285918
1228 289067
1229 287926
1230 288991
1231 289473
1232 290076
1233 290233
1234 291376
1235 295074
1236 290743
1237 291157
1238 292023
1239 292288
1240 292927
1241 296018
1242 294752
1243 294447
1244 296063
1245 296553
1246 298143
1247 298839
1248 299381
1249 296628
1250 296423
1251 299600
1252 299617
1253 299747
1254 300130
1255 300192
1256 303241
1257 318754
1258 302493
1259 300739
1260 304940
1261 302887
1262 308964
1263 317901
1264 318248
1265 319176
1266 319310
1267 318566
1268 321649
1269 321329
1270 323851
1271 319434
1272 321826
1273 322649
1274 300955
1275 323804
1276 301217
1277 313196
1278 301546
1279 314037
1280 321804
1281 314873
1282 316570
1283 318090
1284 319359
1285 320507
1286 320429
1287 321184
1288 322278
1289 319946
1290 322795
1291 324271
1292 322823
1293 323997
1294 324230
1295 339942
1296 284078
1297 303322
1298 325292
1299 313992
1300 326062
1301 327332
1302 326925
1303 327054
1304 327867
1305 328372
1306 328447
1307 329995
1308 304268
1309 304168
1310 334955
1311 328809
1312 320657
1313 330176
1314 329825
1315 324917
1316 325659
1317 329712
1318 328464
1319 333078
1320 325904
1321 327051
1322 328109
1323 328071
1324 331677
1325 326576
1326 327598
1327 328239
1328 330505
1329 328399
1330 332915
1331 331084
1332 328036
1333 336895
1334 332827
1335 333374
1336 333961
1337 333692
1338 334691
1339 335677
1340 336834
1341 337049
1342 337483
1343 337505
1344 337761
1345 340347
1346 338062
1347 341922
1348 339638
1349 338841
1350 339671
1351 327352
1352 339969
1353 332139
1354 341240
1355 338479
1356 334090
1357 341072
1358 355840
1359 337517
1360 338730
1361 341624
1362 246655
1363 312189
1364 318525
1365 312597
1366 312913
1367 315079
1368 315612
1369 313867
1370 315783
1371 316162
1372 325589
1373 338687
1374 318101
1375 317842
1376 320986
1377 321502
1378 322028
1379 330416
1380 324706
1381 325439
1382 325640
1383 329582
1384 331088
1385 331986
1386 332086
1387 331554
1388 331604
1389 332838
1390 334901
1391 335032
1392 338288
1393 335358
1394 338582
1395 339875
1396 338265
1397 327538
1398 338763
1399 340140
1400 342110
1401 340343
1402 342518
1403 342670
1404 343834
1405 344997
1406 345596
1407 345599
1408 345780
1409 346064
1410 346767
1411 346972
1412 347062
1413 347203
1414 346394
1415 347517
1416 342847
1417 343100
1418 343289
1419 343444
1420 343719
1421 344661
1422 344966
1423 345770
1424 346329
1425 346862
1426 347331
1427 347814
1428 348023
1429 349988
1430 349269
1431 347525
1432 349282
1433 347213
1434 348531
1435 349782
1436 348606
1437 348732
1438 349151
1439 349992
1440 350101
1441 350835
1442 351744
1443 350270
1444 350431
1445 351372
1446 353192
1447 350831
1448 352387
1449 350795
1450 354096
1451 353201
1452 353071
1453 353089
1454 354018
1455 353921
1456 354724
1457 354175
1458 354188
1459 354877
1460 354788
1461 354300
1462 357470
1463 351616
1464 354924
1465 355873
1466 355531
1467 354973
1468 355750
1469 355502
1470 356335
1471 356442
1472 356463
1473 357031
1474 357034
1475 357677
1476 357666
1477 331077
1478 418041
1479 353511
1480 358450
1481 358738
1482 358748
1483 359037
1484 359148
1485 359166
1486 359214
1487 359220
1488 359625
1489 358317
1490 360112
1491 360192
1492 361529
1493 360204
1494 361048
1495 361281
1496 361379
1497 361703
1498 361883
1499 362019
1500 362597
1501 362517
1502 362898
1503 363091
1504 362610
1505 362619
1506 363564
1507 362809
1508 362935
1509 363728
1510 363772
1511 363804
1512 364523
1513 364699
1514 364757
1515 364934
1516 364785
1517 367807
1518 365161
1519 365233
1520 365908
1521 366382
1522 367802
1523 366241
1524 367175
1525 368914
1526 365286
1527 366335
1528 367857
1529 369172
1530 369287
1531 368658
1532 367121
1533 369060
1534 370469
1535 366316
1536 369909
1537 371761
1538 370074
1539 370412
1540 371841
1541 371516
1542 371376
1543 362178
1544 371884
1545 372228
1546 379633
1547 371180
1548 371264
1549 371684
1550 372756
1551 373023
1552 374066
1553 373252
1554 376609
1555 373428
1556 374829
1557 371280
1558 375335
1559 373495
1560 373827
1561 376674
1562 377810
1563 375256
1564 375357
1565 375390
1566 376378
1567 377434
1568 377627
1569 377840
1570 378137
1571 378724
1572 373352
1573 373936
1574 378645
1575 379960
1576 378531
1577 363026
1578 379166
1579 379122
1580 380634
1581 380451
1582 381133
1583 382952
1584 381706
1585 382299
1586 391199
1587 381459
1588 381867
1589 382961
1590 383159
1591 388020
1592 383248
1593 384155
1594 384883
1595 385200
1596 385728
1597 386212
1598 386019
1599 386224
1600 386280
1601 386667
1602 387161
1603 387795
1604 387400
1605 387511
1606 387402
1607 387581
1608 387611
1609 388030
1610 386734
1611 388242
1612 388886
1613 389174
1614 393430
1615 389636
1616 391696
1617 389175
1618 389874
1619 389386
1620 392199
1621 392874
1622 393206
1623 394244
1624 390696
1625 395044
1626 395727
1627 395102
1628 395307
1629 395335
1630 396237
1631 396300
1632 396548
1633 396716
1634 397189
1635 400007
1636 397175
1637 399022
1638 399252
1639 399312
1640 396829
1641 400219
1642 400900
1643 405232
1644 408909
1645 399750
1646 386431
1647 403503
1648 402700
1649 403239
1650 400139
1651 400338
1652 403403
1653 404300
1654 401036
1655 405101
1656 402206
1657 402963
1658 404308
1659 406710
1660 402218
1661 404836
1662 403549
1663 405872
1664 406223
1665 407771
1666 406246
1667 408836
1668 408004
1669 408853
1670 383038
1671 409967
1672 409796
1673 410067
1674 410384
1675 410851
1676 411685
1677 411840
1678 411903
1679 412594
1680 415766
1681 411363
1682 411744
1683 411756
1684 412494
1685 413066
1686 412498
1687 413142
1688 413354
1689 413332
1690 414229
1691 414336
1692 414405
1693 414862
1694 416780
1695 416878
1696 417173
1697 415716
1698 417637
1699 416686
1700 418020
1701 412403
1702 416185
1703 417079
1704 416503
1705 417670
1706 417429
1707 417712
1708 417798
1709 418864
1710 420305
1711 418335
1712 419259
1713 419413
1714 419232
1715 419663
1716 420531
1717 420753
1718 385309
1719 420790
1720 421513
1721 422040
1722 422764
1723 422481
1724 422722
1725 422946
1726 423148
1727 423286
1728 424387
1729 424461
1730 424708
1731 425152
1732 425393
1733 431042
1734 425827
1735 426050
1736 427374
1737 427637
1738 427419
1739 427690
1740 423693
1741 430019
1742 428639
1743 430164
1744 425275
1745 426386
1746 427157
1747 428023
1748 431167
1749 431231
1750 426073
1751 431633
1752 433233
1753 427917
1754 428229
1755 428136
1756 429661
1757 429881
1758 431910
1759 432376
1760 433228
1761 430437
1762 432147
1763 432710
1764 433227
1765 433438
1766 433540
1767 434043
1768 434394
1769 434560
1770 436011
1771 434178
1772 435023
1773 436097
1774 431722
1775 434494
1776 435433
1777 427510
1778 436189
1779 436368
1780 437025
1781 438554
1782 438225
1783 436437
1784 437865
1785 437906
1786 438144
1787 438678
1788 438387
1789 438570
1790 438755
1791 438960
1792 438641
1793 438522
1794 438972
1795 440782
1796 440249
1797 440913
1798 441029
1799 440669
1800 441251
1801 441608
1802 441864
1803 442170
1804 442334
1805 440583
1806 443101
1807 443716
1808 442138
1809 443105
1810 443228
1811 444050
1812 444257
1813 444408
1814 444748
1815 444640
1816 444353
1817 444786
1818 444906
1819 445197
1820 444960
1821 445265
1822 445444
1823 445714
1824 445927
1825 445321
1826 446181
1827 445252
1828 445327
1829 445692
1830 446184
1831 446137
1832 446391
1833 446461
1834 446459
1835 446791
1836 447442
1837 449245
1838 447445
1839 446965
1840 447923
1841 448135
1842 449436
1843 450155
1844 451715
1845 449843
1846 450246
1847 451867
1848 451672
1849 447203
1850 448557
1851 447939
1852 450214
1853 452267
1854 452477
1855 452490
1856 452842
1857 453110
1858 454693
1859 456457
1860 457996
1861 460297
1862 457699
1863 458338
1864 457268
1865 460072
1866 460579
1867 463402
1868 452918
1869 453990
1870 447690
1871 448879
1872 449112
1873 449336
1874 449615
1875 450436
1876 450993
1877 451323
1878 461782
1879 456823
1880 462140
1881 461844
1882 456250
1883 461242
1884 451843
1885 462777
1886 463311
1887 463156
1888 463432
1889 463499
1890 464311
1891 467179
1892 464358
1893 465636
1894 465705
1895 466578
1896 468221
1897 470478
1898 463667
1899 463927
1900 464297
1901 465171
1902 468993
1903 465603
1904 465880
1905 466120
1906 467328
1907 467523
1908 468293
1909 468791
1910 468788
1911 470953
1912 469245
1913 469304
1914 469377
1915 469496
1916 469786
1917 334926
1918 469799
1919 470625
1920 470212
1921 470993
1922 471315
1923 471843
1924 472110
1925 473614
1926 472535
1927 473695
1928 475403
1929 475182
1930 474081
1931 474093
1932 474100
1933 474398
1934 475159
1935 475577
1936 472300
1937 476184
1938 474422
1939 475597
1940 475822
1941 475826
1942 476107
1943 476101
1944 476256
1945 474132
1946 476270
1947 476481
1948 476731
1949 477120
1950 477514
1951 478070
1952 478421
1953 479156
1954 482467
1955 478651
1956 479143
1957 479615
1958 480320
1959 480004
1960 480034
1961 480585
1962 481154
1963 482541
1964 480914
1965 481136
1966 481464
1967 482237
1968 480838
1969 482259
1970 484192
1971 482877
1972 482901
1973 483071
1974 484026
1975 487291
1976 481975
1977 483094
1978 483358
1979 483730
1980 483912
1981 486443
1982 486079
1983 484022
1984 486446
1985 487344
1986 487356
1987 487434
1988 487514
1989 488815
1990 489366
1991 488383
1992 488711
1993 489655
1994 489381
1995 489634
1996 489902
1997 491280
1998 490263
1999 490860
2000 490476
2001 490676
2002 490815
2003 490525
2004 491295
2005 496803
2006 491445
2007 491848
2008 491890
2009 492103
2010 492857
2011 494423
2012 488992
2013 498139
2014 498199
2015 494204
2016 499041
2017 489592
2018 496144
2019 490660
2020 499593
2021 492353
2022 493105
2023 493320
2024 497077
2025 494773
2026 497482
2027 492998
2028 493481
2029 493750
2030 497447
2031 493550
2032 495508
2033 493316
2034 497015
2035 497749
2036 499907
2037 497800
2038 498290
2039 500100
2040 498751
2041 500020
2042 500585
2043 498235
2044 498454
2045 498752
2046 500264
2047 501052
2048 501124
2049 502035
2050 502038
2051 502812
2052 502931
2053 503333
2054 503570
2055 503677
2056 503657
2057 504068
2058 498222
2059 504503
2060 500525
2061 506079
2062 501813
2063 505427
2064 505665
2065 506195
2066 498365
2067 506235
2068 506329
2069 507418
2070 506814
2071 509408
2072 506986
2073 507781
2074 507943
2075 512618
2076 507725
2077 507821
2078 509003
2079 508099
2080 508058
2081 508235
2082 509783
2083 509194
2084 509466
2085 511226
2086 508425
2087 508977
2088 510714
2089 511558
2090 511605
2091 512189
2092 512799
2093 513839
2094 514662
2095 515839
2096 513984
2097 485327
2098 515131
2099 515626
2100 515946
2101 516979
2102 516771
2103 517139
2104 516709
2105 517861
2106 517099
2107 517175
2108 517268
2109 517385
2110 517772
2111 519558
2112 517975
2113 518287
2114 519652
2115 521013
2116 521143
2117 521344
2118 521670
2119 522160
2120 522471
2121 522516
2122 523754
2123 516878
2124 519409
2125 523090
2126 522657
2127 522969
2128 523442
2129 523870
2130 521518
2131 521564
2132 523684
2133 523591
2134 523254
2135 524146
2136 524241
2137 524779
2138 525286
2139 525973
2140 526050
2141 526359
2142 526113
2143 526401
2144 526526
2145 526133
2146 526788
2147 527014
2148 526819
2149 528601
2150 528684
2151 528873
2152 529121
2153 526505
2154 530634
2155 528607
2156 529368
2157 529507
2158 530817
2159 529836
2160 529688
2161 530935
2162 531078
2163 531134
2164 531517
2165 532308
2166 531480
2167 534004
2168 534416
2169 534730
2170 534972
2171 531845
2172 533110
2173 537062
2174 533114
2175 536939
2176 539165
2177 526447
2178 534977
2179 535774
2180 536868
2181 536991
2182 535699
2183 536975
2184 537259
2185 538071
2186 538105
2187 538514
2188 538238
2189 538915
2190 539418
2191 539057
2192 537917
2193 539668
2194 540300
2195 540686
2196 541771
2197 537292
2198 541963
2199 542014
2200 539103
2201 542420
2202 542662
2203 543103
2204 543139
2205 543146
2206 543163
2207 543999
2208 545030
2209 544360
2210 544483
2211 545619
2212 547228
2213 543995
2214 544078
2215 544771
2216 545682
2217 545913
2218 544947
2219 545738
2220 545384
2221 545742
2222 546989
2223 547186
2224 543267
2225 547208
2226 547469
2227 547588
2228 548537
2229 548173
2230 548880
2231 548823
2232 549033
2233 549457
2234 549940
2235 549583
2236 550439
2237 549430
2238 550495
2239 550729
2240 550869
2241 551716
2242 554772
2243 552211
2244 554538
2245 557055
2246 554038
2247 556880
2248 557471
2249 558339
2250 556118
2251 558370
2252 558404
2253 558423
2254 559006
2255 558398
2256 558603
2257 558644
2258 559126
2259 560065
2260 550624
2261 563543
2262 559335
2263 559750
2264 565653
2265 559626
2266 561117
2267 561581
2268 562228
2269 563080
2270 562741
2271 564613
2272 564379
2273 564936
2274 567850
2275 551233
2276 551950
2277 552061
2278 553688
2279 556167
2280 556682
2281 554019
2282 557340
2283 558473
2284 558802
2285 561002
2286 561178
2287 561865
2288 562932
2289 560189
2290 560377
2291 554207
2292 568575
2293 561442
2294 567764
2295 570111
2296 561974
2297 566056
2298 567229
2299 568620
2300 569331
2301 570141
2302 568863
2303 569681
2304 558770
2305 569844
2306 570468
2307 570911
2308 570846
2309 570768
2310 571330
2311 571530
2312 571532
2313 571825
2314 572559
2315 559694
2316 564247
2317 564593
2318 565564
2319 565970
2320 566249
2321 567193
2322 568441
2323 570365
2324 568776
2325 571273
2326 572442
2327 572775
2328 573098
2329 571790
2330 573735
2331 573615
2332 572809
2333 559793
2334 574017
2335 574422
2336 575982
2337 576200
2338 576435
2339 576459
2340 561661
2341 568752
2342 576630
2343 568755
2344 567057
2345 569647
2346 564190
2347 576894
2348 586309
2349 581013
2350 577275
2351 582345
2352 581956
2353 581956
2354 583014
2355 584712
2356 585982
2357 586897
2358 588324
2359 587901
2360 560315
2361 576984
2362 577456
2363 577837
2364 578022
2365 578084
2366 578195
2367 577365
2368 578563
2369 579001
2370 578712
2371 579313
2372 579962
2373 580601
2374 578993
2375 580656
2376 580952
2377 581446
2378 581706
2379 582035
2380 581933
2381 581865
2382 582227
2383 582228
2384 582398
2385 582435
2386 582650
2387 581575
2388 582743
2389 582812
2390 582852
2391 587627
2392 584245
2393 593438
2394 583567
2395 586084
2396 587998
2397 583087
2398 588436
2399 586178
2400 586961
2401 587539
2402 587444
2403 586596
2404 587930
2405 588143
2406 588670
2407 589500
2408 589956
2409 591453
2410 589770
2411 590040
2412 590062
2413 590958
2414 590967
2415 591847
2416 593921
2417 591860
2418 592426
2419 593260
2420 592530
2421 546012
2422 594552
2423 594741
2424 595055
2425 597969
2426 595189
2427 595441
2428 595164
2429 598942
2430 597795
2431 598644
2432 595874
2433 599061
2434 599376
2435 599828
2436 600895
2437 599357
2438 596040
2439 595508
2440 597970
2441 596344
2442 599428
2443 598986
2444 600710
2445 600928
2446 600592
2447 600843
2448 599953
2449 600944
2450 602861
2451 603082
2452 602190
2453 612661
2454 603761
2455 606670
2456 602177
2457 603070
2458 603933
2459 605236
2460 606717
2461 607076
2462 606285
2463 607847
2464 604055
2465 604270
2466 605510
2467 606312
2468 607381
2469 609165
2470 608076
2471 609267
2472 602914
2473 610716
2474 610751
2475 613691
2476 609539
2477 614355
2478 616395
2479 610520
2480 611698
2481 611835
2482 612586
2483 614984
2484 615458
2485 616095
2486 615451
2487 616366
2488 603965
2489 665080
2490 617165
2491 607815
2492 607899
2493 612135
2494 612547
2495 617324
2496 618065
2497 618132
2498 618282
2499 618465
2500 620934
2501 609238
2502 618518
2503 609467
2504 618659
2505 613177
2506 617087
2507 619140
2508 621766
2509 618016
2510 619249
2511 620928
2512 620946
2513 621209
2514 621913
2515 622798
2516 622575
2517 608053
2518 622807
2519 623285
2520 627229
2521 668539
2522 623517
2523 709097
2524 627908
2525 632135
2526 634405
2527 639099
2528 639892
2529 646171
2530 647481
2531 650418
2532 654702
2533 660523
2534 647001
2535 711493
2536 643980
2537 661756
2538 692502
2539 682784
2540 692685
2541 695713
2542 700398
2543 701085
2544 704881
2545 708722
2546 720190
2547 720403
2548 743862
2549 622255
2550 623630
2551 623732
2552 624287
2553 624357
2554 625011
2555 624483
2556 623698
2557 625186
2558 625248
2559 625493
2560 627858
2561 628591
2562 628737
2563 628841
2564 626054
2565 629142
2566 628837
2567 626123
2568 629502
2569 629772
2570 627225
2571 631545
2572 629722
2573 629747
2574 630640
2575 628317
2576 631757
2577 632898
2578 632926
2579 633128
2580 630128
2581 633379
2582 633528
2583 633287
2584 635240
2585 639065
2586 635105
2587 631772
2588 635406
2589 635987
2590 637411
2591 637875
2592 638496
2593 638164
2594 639092
2595 639550
2596 639381
2597 639712
2598 640215
2599 640767
2600 642312
2601 642334
2602 642782
2603 643280
2604 644225
2605 644530
2606 644954
2607 645923
2608 632823
2609 647039
2610 647045
2611 648269
2612 649197
2613 650095
2614 652754
2615 652284
2616 653039
2617 649229
2618 649603
2619 650068
2620 653280
2621 659109
2622 675336
2623 659571
2624 659728
2625 660150
2626 660517
2627 655230
2628 662198
2629 665464
2630 671986
2631 683017
2632 662733
2633 665601
2634 671023
2635 666567
2636 666592
2637 667151
2638 663065
2639 668179
2640 673830
2641 674825
2642 676222
2643 666899
2644 677469
2645 677783
2646 677530
2647 683939
2648 679343
2649 719830
2650 677173
2651 626144
2652 686082
2653 638612
2654 638843
2655 639805
2656 643249
2657 643834
2658 649847
2659 640431
2660 645249
2661 686892
2662 647318
2663 648231
2664 696902
2665 649696
2666 662124
2667 688220
2668 692564
2669 688339
2670 688404
2671 692160
2672 691404
2673 703132
2674 693444
2675 694960
2676 704531
2677 647452
2678 715140
2679 695070
2680 708425
2681 703266
2682 703994
2683 709545
2684 705500
2685 714507
2686 707320
2687 709705
2688 703888
2689 714527
2690 715065
2691 716791
2692 731773
2693 717987
2694 715546
2695 718686
2696 719392
2697 719555
2698 720727
2699 721020
2700 723138
2701 734424
2702 723435
2703 724545
2704 724483
2705 724803
2706 725142
2707 731477
2708 732839
2709 733128
2710 733175
2711 728884
2712 643792
2713 729264
2714 650162
2715 650483
2716 651216
2717 653310
2718 653549
2719 662205
2720 655570
2721 658935
2722 656248
2723 655673
2724 657870
2725 659248
2726 658111
2727 659360
2728 660894
2729 657831
2730 659332
2731 660823
2732 659582
2733 662737
2734 663569
2735 663428
2736 663662
2737 664028
2738 664092
2739 670219
2740 664165
2741 664751
2742 666775
2743 666872
2744 667026
2745 667121
2746 668427
2747 668697
2748 671076
2749 669894
2750 670707
2751 671252
2752 672313
2753 674377
2754 671568
2755 671959
2756 674509
2757 671612
2758 673018
2759 674488
2760 675503
2761 673547
2762 677223
2763 677856
2764 685470
2765 677435
2766 677900
2767 677451
2768 677862
2769 678853
2770 679866
2771 684635
2772 685884
2773 678577
2774 682617
2775 685956
2776 732330
2777 678956
2778 687344
2779 687454
2780 687778
2781 688041
2782 687755
2783 688736
2784 689874
2785 689605
2786 691182
2787 692646
2788 689748
2789 690245
2790 690900
2791 694352
2792 696508
2793 689252
2794 690065
2795 695445
2796 696466
2797 692227
2798 687499
2799 696447
2800 695707
2801 692894
2802 696851
2803 697475
2804 698653
2805 698853
2806 699050
2807 699082
2808 701970
2809 702646
2810 706210
2811 702397
2812 705615
2813 704757
2814 705646
2815 706267
2816 706312
2817 699154
2818 707319
2819 707321
2820 703505
2821 702348
2822 720668
2823 703662
2824 708099
2825 707409
2826 707815
2827 708304
2828 713769
2829 728352
2830 721021
2831 724975
2832 708870
2833 729349
2834 730178
2835 713854
2836 686934
2837 724732
2838 715224
2839 710527
2840 710587
2841 713300
2842 722872
2843 714513
2844 715026
2845 715686
2846 715979
2847 718159
2848 722446
2849 724653
2850 725503
2851 728419
2852 731436
2853 734027
2854 734187
2855 720818
2856 721319
2857 723082
2858 723573
2859 724709
2860 725189
2861 728940
2862 734903
2863 735981
2864 723844
2865 727287
2866 735291
2867 735298
2868 735884
2869 758275
2870 730752
2871 640598
2872 736079
2873 678721
2874 679834
2875 718614
2876 736833
2877 737925
2878 738949
2879 737551
2880 738539
2881 737609
2882 739252
2883 739879
2884 740328
2885 740898
2886 744306
2887 738045
2888 740922
2889 741819
2890 741826
2891 741955
2892 743467
2893 741218
2894 741669
2895 741722
2896 742052
2897 742128
2898 742178
2899 743146
2900 751968
2901 743687
2902 744668
2903 707736
2904 744699
2905 744772
2906 745013
2907 744953
2908 745204
2909 745001
2910 745436
2911 745663
2912 746838
2913 746911
2914 751114
2915 746928
2916 748058
2917 748089
2918 749070
2919 749417
2920 749488
2921 750496
2922 750131
2923 749912
2924 750197
2925 750768
2926 751218
2927 751341
2928 751389
2929 751625
2930 746557
2931 753197
2932 753254
2933 753836
2934 756098
2935 754339
2936 754417
2937 756405
2938 756889
2939 757146
2940 756446
2941 757254
2942 759087
2943 757776
2944 757351
2945 758757
2946 758343
2947 757835
2948 759796
2949 759904
2950 758279
2951 759418
2952 760604
2953 760633
2954 760895
2955 761800
2956 761409
2957 761581
2958 834720
2959 621385
2960 664583
2961 675416
2962 682194
2963 690148
2964 698031
2965 695211
2966 700105
2967 735363
2968 765663
2969 707509
2970 762355
2971 762550
2972 764441
2973 764864
2974 772760
2975 764618
2976 691884
2977 765579
2978 765781
2979 768174
2980 766771
2981 768424
2982 770653
2983 767628
2984 768114
2985 768472
2986 768420
2987 768850
2988 771477
2989 768947
2990 770373
2991 773747
2992 769009
2993 771105
2994 769527
2995 711948
2996 721608
2997 773249
2998 772968
2999 723199
3000 773259
3001 773500
3002 773883
3003 774124
3004 695448
3005 779306
3006 750757
3007 775381
3008 777404
3009 775319
3010 775672
3011 775966
3012 776153
3013 776349
3014 776449
3015 776457
3016 776679
3017 777037
3018 777949
3019 775044
3020 778092
3021 787115
3022 776707
3023 778148
3024 778864
3025 779133
3026 779374
3027 779408
3028 779973
3029 780986
3030 782507
3031 777365
3032 778516
3033 778973
3034 780033
3035 781440
3036 782299
3037 781493
3038 783826
3039 779259
3040 784372
3041 785025
3042 785504
3043 785373
3044 786004
3045 786435
3046 787485
3047 792086
3048 790382
3049 785055
3050 792698
3051 785916
3052 786974
3053 787341
3054 789044
3055 789609
3056 789831
3057 789909
3058 791708
3059 791915
3060 791340
3061 779178
3062 780923
3063 781440
3064 797189
3065 792048
3066 793095
3067 794982
3068 782161
3069 795030
3070 795464
3071 795789
3072 795521
3073 795520
3074 797819
3075 799219
3076 786173
3077 783435
3078 792763
3079 798212
3080 796747
3081 798461
3082 798584
3083 798635
3084 799320
3085 801077
3086 793250
3087 800734
3088 800272
3089 781055
3090 801446
3091 821269
3092 801826
3093 801992
3094 802604
3095 766354
3096 804178
3097 804209
3098 799363
3099 804773
3100 804382
3101 808705
3102 803332
3103 804735
3104 805171
3105 803962
3106 805251
3107 805902
3108 806002
3109 806312
3110 807228
3111 805978
3112 807266
3113 807527
3114 808260
3115 808904
3116 809550
3117 810489
3118 801096
3119 810768
3120 810715
3121 814169
3122 810811
3123 812053
3124 810869
3125 811086
3126 811783
3127 811890
3128 812268
3129 812294
3130 812446
3131 812606
3132 813054
3133 815144
3134 813449
3135 814406
3136 814498
3137 814718
3138 815196
3139 813094
3140 813943
3141 814224
3142 805229
3143 815556
3144 816037
3145 817937
3146 816802
3147 816164
3148 816406
3149 817857
3150 817995
3151 818007
3152 818210
3153 818413
3154 819665
3155 819686
3156 820205
3157 820217
3158 820384
3159 820557
3160 821055
3161 821963
3162 821531
3163 820773
3164 822181
3165 822454
3166 823091
3167 825673
3168 822908
3169 825470
3170 823329
3171 825593
3172 825768
3173 826774
3174 827279
3175 824838
3176 827467
3177 827544
3178 828036
3179 828292
3180 828317
3181 829824
3182 829112
3183 830044
3184 831600
3185 831753
3186 829073
3187 830600
3188 830733
3189 827552
3190 830903
3191 831621
3192 829693
3193 838396
3194 821079
3195 821128
3196 832026
3197 832066
3198 832259
3199 832281
3200 832474
3201 832622
3202 832768
3203 832877
3204 833182
3205 832972
3206 834575
3207 833319
3208 833482
3209 832878
3210 835247
3211 833779
3212 834098
3213 834450
3214 834881
3215 835618
3216 837979
3217 836482
3218 837426
3219 828091
3220 837587
3221 838030
3222 838171
3223 838820
3224 839982
3225 840568
3226 842783
3227 840706
3228 838315
3229 829559
3230 838569
3231 841622
3232 838961
3233 839271
3234 840618
3235 840834
3236 842357
3237 843549
3238 843580
3239 843592
3240 844685
3241 847278
3242 841614
3243 846084
3244 845247
3245 846290
3246 847207
3247 841693
3248 849432
3249 848483
3250 849147
3251 849912
3252 848746
3253 849628
3254 850170
3255 848694
3256 849361
3257 847583
3258 842277
3259 597973
3260 842826
3261 843044
3262 843737
3263 845761
3264 844366
3265 846379
3266 846559
3267 847046
3268 846382
3269 847619
3270 850620
3271 847803
3272 846676
3273 847987
3274 848709
3275 850192
3276 850351
3277 978072
3278 848983
3279 598953
3280 599570
3281 600516
3282 601103
3283 632492
3284 608202
3285 616789
3286 625515
3287 626334
3288 631436
3289 632627
3290 621977
3291 643577
3292 625285
3293 631753
3294 633232
3295 635592
3296 635826
3297 632777
3298 649324
3299 639113
3300 654522
3301 658141
3302 670832
3303 659001
3304 675704
3305 662147
3306 665923
3307 684921
3308 679438
3309 835792
3310 663258
3311 665620
3312 674704
3313 682205
3314 687141
3315 686491
3316 687962
3317 691900
3318 694878
3319 695263
3320 697764
3321 700604
3322 701864
3323 702542
3324 704938
3325 706293
3326 716135
3327 716638
3328 783779
3329 708323
3330 701395
3331 719142
3332 719569
3333 723001
3334 729102
3335 723211
3336 731939
3337 733678
3338 744673
3339 747830
3340 752777
3341 765304
3342 778921
3343 800234
3344 758427
3345 759802
3346 810572
3347 848516
3348 790105
3349 808838
3350 809424
3351 835826
3352 840330
3353 881873
3354 663795
3355 665591
3356 851181
3357 851276
3358 851279
3359 863804
3360 854537
3361 850693
3362 852007
3363 850999
3364 852504
3365 854576
3366 862023
3367 856879
3368 702147
3369 867964
3370 863270
3371 852941
3372 853722
3373 854014
3374 855202
3375 855639
3376 856214
3377 856495
3378 858263
3379 862711
3380 864616
3381 864245
3382 872641
3383 858099
3384 865724
3385 866218
3386 865428
3387 868320
3388 869866
3389 869625
3390 868568
3391 869874
3392 873567
3393 871288
3394 873852
3395 872938
3396 873107
3397 884789
3398 854630
3399 874829
3400 873542
3401 875545
3402 875815
3403 877020
3404 875864
3405 864665
3406 876416
3407 889370
3408 877451
3409 877891
3410 877973
3411 879428
3412 878794
3413 883468
3414 884666
3415 878983
3416 880582
3417 877995
3418 879540
3419 880973
3420 882795
3421 888809
3422 885600
3423 885933
3424 886819
3425 889114
3426 885867
3427 888919
3428 876035
3429 891053
3430 852882
3431 853166
3432 853319
3433 854547
3434 857552
3435 858087
3436 874941
3437 854565
3438 862962
3439 869178
3440 854520
3441 869577
3442 871357
3443 871279
3444 873673
3445 870931
3446 874431
3447 874620
3448 855245
3449 856748
3450 855571
3451 857543
3452 860480
3453 858035
3454 861264
3455 861400
3456 861552
3457 863214
3458 863232
3459 863333
3460 864529
3461 866582
3462 870237
3463 870513
3464 870524
3465 876527
3466 868756
3467 873160
3468 878491
3469 864882
3470 869301
3471 875207
3472 864994
3473 867629
3474 872687
3475 876579
3476 881249
3477 879777
3478 881529
3479 877062
3480 879918
3481 881465
3482 881990
3483 883699
3484 883544
3485 884689
3486 886553
3487 888998
3488 890558
3489 892476
3490 890187
3491 891056
3492 887541
3493 891202
3494 892536
3495 892746
3496 892949
3497 893825
3498 894989
3499 896967
3500 894156
3501 894710
3502 895052
3503 895405
3504 895634
3505 896266
3506 896606
3507 901010
3508 893633
3509 897114
3510 897326
3511 898324
3512 899015
3513 899887
3514 901097
3515 898180
3516 902141
3517 898524
3518 901919
3519 901565
3520 902200
3521 902248
3522 903608
3523 896490
3524 901699
3525 901873
3526 902258
3527 902274
3528 903325
3529 904933
3530 903960
3531 903833
3532 904122
3533 905389
3534 912871
3535 882167
3536 882532
3537 882850
3538 885252
3539 886594
3540 887108
3541 889937
3542 895366
3543 892191
3544 894152
3545 894276
3546 895522
3547 894972
3548 895046
3549 899934
3550 893771
3551 897168
3552 901516
3553 896513
3554 904701
3555 905319
3556 901301
3557 901330
3558 906690
3559 906741
3560 908671
3561 906775
3562 908306
3563 906775
3564 912341
3565 908201
3566 914218
3567 888962
3568 913246
3569 616994
3570 922149
3571 924657
3572 913799
3573 914111
3574 915613
3575 918997
3576 922966
3577 925127
3578 927368
3579 922994
3580 906972
3581 908702
3582 908866
3583 908924
3584 910328
3585 910352
3586 911349
3587 914341
3588 916026
3589 916103
3590 916294
3591 916678
3592 912717
3593 917345
3594 917675
3595 917949
3596 913797
3597 917854
3598 909514
3599 918359
3600 918580
3601 919871
3602 919178
3603 919390
3604 919425
3605 919884
3606 920325
3607 920728
3608 920472
3609 922003
3610 922012
3611 922051
3612 922212
3613 922233
3614 923145
3615 923330
3616 923781
3617 924248
3618 924581
3619 924977
3620 926284
3621 924965
3622 925345
3623 925352
3624 925556
3625 925459
3626 925898
3627 925367
3628 927975
3629 927631
3630 926335
3631 929175
3632 929368
3633 929627
3634 929568
3635 929945
3636 930223
3637 930626
3638 930517
3639 929801
3640 930809
3641 931803
3642 933187
3643 935289
3644 935466
3645 945558
3646 927395
3647 930942
3648 932034
3649 936143
3650 940180
3651 946481
3652 936679
3653 936308
3654 936707
3655 938101
3656 938502
3657 939163
3658 942169
3659 940109
3660 943519
3661 945170
3662 945835
3663 944083
3664 945706
3665 919425
3666 945826
3667 932552
3668 936381
3669 933326
3670 934644
3671 934109
3672 936489
3673 938887
3674 935636
3675 936971
3676 936164
3677 937377
3678 937601
3679 938122
3680 939250
3681 939535
3682 938832
3683 939614
3684 935241
3685 941416
3686 941562
3687 941870
3688 941987
3689 942253
3690 941576
3691 942703
3692 942728
3693 943679
3694 943834
3695 944787
3696 944867
3697 945402
3698 946298
3699 947472
3700 948206
3701 948297
3702 949759
3703 947968
3704 949043
3705 948669
3706 949361
3707 950019
3708 949638
3709 953937
3710 950188
3711 950003
3712 644461
3713 950503
3714 950548
3715 703696
3716 713872
3717 723686
3718 705381
3719 719495
3720 727840
3721 731924
3722 762515
3723 734078
3724 758820
3725 768349
3726 736476
3727 746843
3728 758155
3729 767489
3730 774541
3731 777678
3732 780213
3733 778296
3734 784197
3735 794038
3736 797207
3737 781103
3738 796528
3739 797261
3740 799337
3741 803642
3742 806588
3743 805386
3744 808631
3745 812868
3746 827846
3747 832458
3748 838732
3749 838815
3750 817989
3751 838777
3752 816626
3753 845384
3754 852243
3755 848734
3756 856960
3757 861759
3758 865239
3759 927391
3760 866492
3761 887637
3762 889268
3763 935762
3764 892207
3765 912182
3766 857851
3767 922428
3768 943221
3769 951235
3770 950691
3771 951571
3772 951740
3773 800681
3774 951830
3775 953321
3776 954702
3777 952819
3778 953765
3779 953797
3780 954777
3781 954936
3782 955160
3783 952259
3784 955199
3785 955605
3786 956125
3787 958708
3788 961367
3789 957460
3790 958872
3791 960795
3792 961650
3793 962580
3794 963028
3795 955878
3796 962710
3797 965517
3798 965736
3799 967407
3800 967539
3801 967741
3802 968993
3803 969368
3804 955566
3805 956135
3806 959036
3807 959351
3808 956918
3809 957329
3810 960662
3811 956614
3812 960724
3813 962805
3814 961311
3815 964778
3816 965524
3817 965892
3818 966010
3819 966482
3820 967214
3821 967308
3822 967663
3823 962967
3824 968572
3825 969283
3826 969393
3827 972216
3828 972238
3829 972349
3830 971878
3831 972113
3832 974370
3833 972064
3834 970321
3835 972565
3836 972700
3837 973416
3838 973793
3839 973921
3840 974334
3841 974882
3842 962828
3843 974980
3844 975685
3845 975931
3846 975139
3847 976010
3848 976451
3849 976210
3850 742887
3851 868526
3852 868768
3853 872985
3854 874519
3855 877283
3856 889492
3857 887684
3858 892568
3859 931717
3860 896763
3861 902739
3862 881493
3863 957915
3864 960928
3865 961061
3866 959343
3867 960732
3868 967766
3869 969411
3870 969837
3871 976639
3872 976225
3873 941037
3874 963853
3875 978165
3876 964884
3877 965665
3878 977828
3879 976964
3880 883183
3881 976892
3882 976961
3883 978771
3884 977186
3885 977829
3886 977373
3887 977768
3888 978225
3889 979453
3890 980540
3891 979514
3892 980899
3893 980315
3894 981176
3895 981256
3896 981284
3897 981308
3898 997096
3899 878772
3900 891470
3901 933572
3902 970786
3903 973540
3904 980697
3905 953052
3906 982299
3907 892188
3908 921279
3909 929669
3910 974289
3911 981487
3912 981929
3913 930325
3914 936144
3915 972917
3916 938663
3917 939515
3918 943615
3919 961314
3920 993793
3921 964378
3922 976307
3923 980234
3924 982645
3925 981799
3926 982393
3927 976867
3928 982962
3929 983214
3930 976768
3931 983739
3932 960979
3933 984483
3934 984711
3935 986598
3936 984629
3937 985572
3938 986055
3939 987331
3940 988235
3941 987796
3942 988789
3943 982510
3944 989102
3945 995033
3946 990572
3947 990019
3948 990822
3949 995297
3950 991760
3951 996382
3952 996699
3953 996960
3954 997057
3955 950797
3956 983023
3957 983270
3958 986440
3959 986614
3960 986974
3961 988993
3962 989456
3963 985111
3964 987115
3965 993093
3966 991616
3967 983582
3968 985772
3969 983669
3970 985887
3971 987773
3972 991442
3973 991672
3974 995482
3975 998035
3976 991735
3977 998113
3978 993905
3979 996465
3980 997175
3981 998029
3982 998826
3983 991777
3984 992216
3985 993861
3986 994482
3987 996316
3988 996525
3989 996855
3990 997289
3991 997806
3992 997599
3993 998221
3994 999665
3995 998395
3996 998488
3997 999119
3998 998599
3999 995788
