# 4000 data points
# index number
0 2013
1 2296
2 2591
3 2760
4 2804
5 2998
6 3941
7 2508
8 3105
9 3744
10 3562
11 4361
12 2248
13 4429
14 1816
15 4487
16 4888
17 4831
18 4942
19 5868
20 5432
21 6089
22 6097
23 6556
24 6575
25 7100
26 6926
27 9824
28 7378
29 7819
30 6711
31 7400
32 8015
33 1524
34 8027
35 8106
36 8393
37 8025
38 7707
39 9256
40 8571
41 9800
42 8410
43 9304
44 9581
45 17447
46 926
47 6111
48 12014
49 12714
50 13798
51 13385
52 13355
53 14170
54 14598
55 22744
56 9998
57 10578
58 14725
59 15570
60 14723
61 15848
62 16125
63 15824
64 15871
65 16231
66 17877
67 18047
68 833
69 18191
70 14290
71 18801
72 18746
73 18738
74 19000
75 19445
76 19077
77 21061
78 21402
79 21418
80 22111
81 22157
82 22287
83 22378
84 831
85 22812
86 23856
87 24162
88 24304
89 24637
90 24214
91 24271
92 24766
93 24921
94 24724
95 25334
96 25784
97 25917
98 26801
99 26211
100 27852
101 27907
102 28219
103 28809
104 26208
105 29143
106 29027
107 29566
108 28800
109 29475
110 29787
111 29704
112 29882
113 29926
114 30319
115 30375
116 30448
117 30514
118 30749
119 30789
120 31379
121 30928
122 30920
123 23715
124 31428
125 31556
126 31703
127 31682
128 31730
129 32046
130 32782
131 32966
132 33041
133 32800
134 32043
135 33669
136 33890
137 32978
138 34471
139 32019
140 34873
141 34264
142 34724
143 31967
144 34888
145 34672
146 36376
147 35083
148 35735
149 31790
150 33468
151 36418
152 36932
153 37151
154 37447
155 38028
156 37033
157 37866
158 37649
159 38111
160 38245
161 38426
162 38882
163 38801
164 39090
165 40504
166 40784
167 40905
168 41444
169 41209
170 40414
171 41514
172 40388
173 41618
174 42337
175 45227
176 42310
177 42974
178 42896
179 43003
180 42779
181 43083
182 43570
183 44777
184 43978
185 40295
186 42052
187 46512
188 45649
189 47027
190 47144
191 47222
192 47599
193 47393
194 48264
195 45621
196 46515
197 39648
198 46970
199 23068
200 47739
201 48063
202 48327
203 48363
204 48404
205 48609
206 48969
207 49251
208 48738
209 49611
210 50129
211 48886
212 48705
213 49924
214 50138
215 50034
216 50444
217 52026
218 54580
219 52459
220 51318
221 53017
222 51210
223 54620
224 53415
225 54688
226 55211
227 51019
228 53690
229 55624
230 55242
231 55412
232 50672
233 55540
234 56202
235 57030
236 56527
237 56446
238 57114
239 57356
240 57360
241 57426
242 57711
243 57802
244 58128
245 58485
246 58800
247 60425
248 59333
249 60431
250 62313
251 62763
252 62834
253 63068
254 62933
255 62639
256 61512
257 62656
258 63753
259 63499
260 63734
261 61073
262 63835
263 64323
264 64460
265 65208
266 58657
267 65740
268 62210
269 65223
270 65344
271 65610
272 65689
273 65659
274 65715
275 65731
276 66212
277 67807
278 67092
279 66573
280 65869
281 66616
282 68058
283 58634
284 68496
285 69379
286 69463
287 69610
288 69518
289 69319
290 69717
291 69856
292 70115
293 70138
294 71241
295 70064
296 69780
297 71282
298 70458
299 71704
300 73077
301 73232
302 73110
303 69254
304 73320
305 75092
306 71524
307 68747
308 73555
309 76329
310 75251
311 76064
312 74860
313 75501
314 76564
315 78164
316 68717
317 73340
318 76799
319 77536
320 77265
321 79748
322 78511
323 80170
324 79170
325 80287
326 80665
327 81864
328 81981
329 82449
330 81900
331 82509
332 84106
333 81662
334 81802
335 82977
336 83008
337 83575
338 83638
339 84285
340 81085
341 84408
342 84983
343 85037
344 85194
345 85462
346 84646
347 85318
348 85327
349 85351
350 85548
351 85945
352 86211
353 86897
354 86993
355 87275
356 87729
357 87873
358 88026
359 88036
360 88421
361 88273
362 85548
363 88154
364 88307
365 88564
366 88686
367 91274
368 88644
369 91363
370 91615
371 91954
372 91962
373 92321
374 92436
375 92467
376 93712
377 92528
378 91592
379 91881
380 93203
381 93695
382 92907
383 93653
384 94061
385 91555
386 94204
387 93805
388 94340
389 94594
390 94615
391 94723
392 94618
393 88612
394 99339
395 91819
396 94892
397 94976
398 95532
399 95437
400 95966
401 96117
402 96527
403 96865
404 97864
405 97972
406 99190
407 98851
408 88583
409 99616
410 99863
411 99867
412 100178
413 100305
414 100436
415 100526
416 100910
417 104364
418 93237
419 101956
420 102347
421 102615
422 102604
423 101681
424 102519
425 101353
426 102878
427 102648
428 101046
429 103007
430 102812
431 103778
432 104683
433 105166
434 105684
435 105691
436 106623
437 106869
438 104955
439 107469
440 106970
441 104747
442 108138
443 104419
444 110299
445 106315
446 108741
447 547
448 108743
449 110053
450 110310
451 109938
452 110413
453 110936
454 110963
455 111219
456 110787
457 111473
458 111672
459 111857
460 111557
461 112405
462 112326
463 112121
464 112838
465 113589
466 112425
467 113883
468 114523
469 114868
470 114975
471 115133
472 115964
473 116028
474 114458
475 116094
476 117979
477 114658
478 116328
479 117200
480 117574
481 117671
482 118557
483 118155
484 114051
485 118708
486 118765
487 118833
488 120088
489 119565
490 120392
491 119899
492 118968
493 121814
494 120725
495 119228
496 118956
497 119452
498 121046
499 120879
500 122223
501 122496
502 122292
503 118919
504 122448
505 122562
506 122723
507 122613
508 122770
509 123010
510 123081
511 123623
512 123876
513 124050
514 124690
515 124714
516 124866
517 110521
518 125315
519 125635
520 125495
521 125970
522 127611
523 128006
524 127875
525 127351
526 128255
527 128369
528 128465
529 128651
530 129131
531 129239
532 129536
533 129332
534 129439
535 127143
536 129949
537 129510
538 130423
539 126900
540 130856
541 132052
542 132235
543 132550
544 132620
545 132831
546 133106
547 133722
548 134148
549 131845
550 134216
551 135815
552 132208
553 134252
554 134274
555 134596
556 134617
557 134888
558 135498
559 136070
560 137179
561 136839
562 131730
563 133667
564 136950
565 136906
566 136843
567 137527
568 138534
569 138802
570 138944
571 138470
572 138516
573 138830
574 139054
575 139068
576 139074
577 139711
578 139457
579 139994
580 140603
581 140507
582 140520
583 139303
584 140949
585 141002
586 141120
587 141567
588 142278
589 142678
590 142924
591 143097
592 143201
593 143281
594 143284
595 126665
596 143540
597 143813
598 143917
599 143889
600 144581
601 144135
602 146959
603 143770
604 144992
605 144874
606 145666
607 144915
608 147125
609 143556
610 146037
611 147181
612 147303
613 147609
614 148095
615 148077
616 147654
617 148670
618 149051
619 149760
620 149445
621 149102
622 149876
623 149947
624 150149
625 150477
626 150718
627 151103
628 151120
629 151221
630 151545
631 152152
632 151451
633 152213
634 152216
635 152599
636 152890
637 152776
638 151348
639 152790
640 147524
641 152967
642 153106
643 154521
644 153808
645 153936
646 153322
647 154528
648 155053
649 155192
650 155214
651 155045
652 155501
653 155727
654 156247
655 155702
656 156054
657 156278
658 156354
659 156515
660 156861
661 156875
662 157175
663 156881
664 158262
665 156673
666 157396
667 157530
668 157622
669 157307
670 158362
671 161960
672 156927
673 158465
674 158774
675 159883
676 159565
677 159984
678 161447
679 161314
680 156499
681 159163
682 161480
683 162597
684 162261
685 162062
686 162297
687 162715
688 162834
689 162962
690 162818
691 163117
692 163345
693 163247
694 163795
695 164149
696 164798
697 164782
698 165068
699 165327
700 165582
701 166587
702 166567
703 164596
704 167246
705 167346
706 167040
707 167351
708 169926
709 169957
710 169968
711 170140
712 170146
713 170192
714 170236
715 170264
716 170346
717 170381
718 170580
719 171036
720 169872
721 171598
722 171256
723 171915
724 172461
725 172452
726 172063
727 173360
728 176310
729 172904
730 173822
731 171805
732 174284
733 171701
734 174420
735 164461
736 171620
737 175033
738 175506
739 174943
740 175764
741 175877
742 175828
743 176028
744 176473
745 176974
746 176462
747 176769
748 177181
749 177604
750 177841
751 178823
752 177580
753 178644
754 178479
755 177377
756 178973
757 182465
758 182980
759 182432
760 182563
761 180988
762 183303
763 183981
764 184709
765 183849
766 184210
767 184784
768 184869
769 185521
770 185409
771 184884
772 180772
773 185782
774 186010
775 186194
776 186266
777 186707
778 186945
779 186764
780 187439
781 187113
782 187520
783 187902
784 187930
785 188061
786 188112
787 188911
788 188527
789 190186
790 188986
791 190278
792 191835
793 180456
794 190386
795 180306
796 190634
797 184996
798 190742
799 191185
800 191657
801 191506
802 191132
803 191574
804 191747
805 192059
806 193676
807 194448
808 194456
809 194734
810 194637
811 191921
812 195100
813 195140
814 195243
815 195914
816 195137
817 197978
818 195649
819 197059
820 179711
821 197106
822 193270
823 197286
824 197699
825 197260
826 197466
827 198470
828 198787
829 198220
830 198835
831 199387
832 199788
833 199648
834 199458
835 199671
836 179475
837 200286
838 202062
839 202323
840 202862
841 203799
842 203670
843 201025
844 204668
845 204464
846 204653
847 200626
848 204962
849 205439
850 206000
851 205806
852 207098
853 207178
854 208049
855 207231
856 208177
857 208932
858 209387
859 209985
860 210557
861 210647
862 210215
863 210384
864 210079
865 211249
866 211341
867 219697
868 211644
869 200475
870 202658
871 211827
872 211645
873 213942
874 214110
875 214368
876 214571
877 214634
878 214709
879 214669
880 214930
881 215302
882 215505
883 216564
884 216845
885 216629
886 217172
887 217241
888 217566
889 217759
890 218002
891 218514
892 218608
893 220371
894 220810
895 219905
896 221263
897 220411
898 200443
899 211137
900 222132
901 224129
902 222499
903 222339
904 223087
905 221777
906 223792
907 223201
908 224210
909 221564
910 224505
911 225015
912 225450
913 226332
914 225351
915 225346
916 226209
917 226722
918 225011
919 226713
920 227102
921 221352
922 225033
923 226964
924 227419
925 227332
926 227655
927 227541
928 228223
929 228372
930 228387
931 230069
932 231314
933 231524
934 231701
935 230126
936 230104
937 230654
938 232445
939 231985
940 229876
941 232456
942 232630
943 233082
944 233399
945 233026
946 233661
947 234078
948 234356
949 234983
950 235280
951 235225
952 235373
953 229488
954 235614
955 242274
956 230236
957 235736
958 236770
959 236532
960 236471
961 236974
962 237473
963 237698
964 238453
965 237835
966 238586
967 238959
968 239602
969 239677
970 239473
971 228978
972 240024
973 239981
974 240283
975 240751
976 240334
977 239895
978 234580
979 241496
980 242218
981 241416
982 241862
983 242893
984 242658
985 242929
986 243110
987 243517
988 243750
989 243821
990 243112
991 243828
992 244408
993 228403
994 244597
995 244637
996 244718
997 247016
998 244884
999 244449
1000 245033
1001 245377
1002 245533
1003 245689
1004 245258
1005 244906
1006 246314
1007 246981
1008 246655
1009 246431
1010 246939
1011 281353
1012 179269
1013 195123
1014 247474
1015 247653
1016 247641
1017 247618
1018 248730
1019 247481
1020 247729
1021 248528
1022 248086
1023 248802
1024 248846
1025 250231
1026 251013
1027 251654
1028 251790
1029 251925
1030 249255
1031 251654
1032 247440
1033 252843
1034 253077
1035 253511
1036 253704
1037 253800
1038 254946
1039 254215
1040 253871
1041 254547
1042 254306
1043 254899
1044 255157
1045 255742
1046 256609
1047 257188
1048 256003
1049 257240
1050 258163
1051 257992
1052 258284
1053 261180
1054 258405
1055 258954
1056 259029
1057 255757
1058 256076
1059 259052
1060 259180
1061 259378
1062 259413
1063 259710
1064 259714
1065 260661
1066 261295
1067 247274
1068 261397
1069 261446
1070 261968
1071 261608
1072 262267
1073 262800
1074 262920
1075 262415
1076 265316
1077 263301
1078 262369
1079 263931
1080 264230
1081 264417
1082 261485
1083 264966
1084 265272
1085 262836
1086 266327
1087 265861
1088 266754
1089 265776
1090 266719
1091 266535
1092 265318
1093 267011
1094 267761
1095 267763
1096 268067
1097 268510
1098 268559
1099 268600
1100 268624
1101 268685
1102 268700
1103 269902
1104 270187
1105 271013
1106 270277
1107 271232
1108 271882
1109 269242
1110 272148
1111 273340
1112 273819
1113 273829
1114 274744
1115 274027
1116 274442
1117 274791
1118 274942
1119 274820
1120 276538
1121 272489
1122 272650
1123 275269
1124 275323
1125 275376
1126 276109
1127 275884
1128 276132
1129 276356
1130 276171
1131 276813
1132 277279
1133 277348
1134 277641
1135 277806
1136 278560
1137 278375
1138 278788
1139 278949
1140 279093
1141 280612
1142 281328
1143 280051
1144 279693
1145 280298
1146 280880
1147 279445
1148 281315
1149 282050
1150 282853
1151 283282
1152 283335
1153 283627
1154 284078
1155 284534
1156 283697
1157 284564
1158 285026
1159 285261
1160 285366
1161 285918
1162 286649
1163 287093
1164 286208
1165 286987
1166 287926
1167 288528
1168 288991
1169 289067
1170 292754
1171 289473
1172 281550
1173 282554
1174 290518
1175 289956
1176 289663
1177 290076
1178 290233
1179 289614
1180 290161
1181 290373
1182 294789
1183 289567
1184 281432
1185 290842
1186 291157
1187 291376
1188 291709
1189 292023
1190 292251
1191 292288
1192 292361
1193 292927
1194 292404
1195 294002
1196 290743
1197 294099
1198 294447
1199 294629
1200 294752
1201 295343
1202 295074
1203 296018
1204 296423
1205 296063
1206 296553
1207 296628
1208 297195
1209 149
1210 297374
1211 299381
1212 299617
1213 299600
1214 299631
1215 299747
1216 300130
1217 300397
1218 300955
1219 300192
1220 300739
1221 299195
1222 301217
1223 301892
1224 301962
1225 301986
1226 302206
1227 302336
1228 302365
1229 302493
1230 303241
1231 302887
1232 308239
1233 301820
1234 304208
1235 304268
1236 305597
1237 304168
1238 304940
1239 305676
1240 303322
1241 305246
1242 307499
1243 301546
1244 308738
1245 308964
1246 309222
1247 309173
1248 309284
1249 308920
1250 309444
1251 310078
1252 311174
1253 311699
1254 311264
1255 310882
1256 311580
1257 312189
1258 312275
1259 312343
1260 312269
1261 312913
1262 312597
1263 313196
1264 313451
1265 313493
1266 313867
1267 313992
1268 314037
1269 314873
1270 315079
1271 315612
1272 315783
1273 316570
1274 317842
1275 316162
1276 318090
1277 318101
1278 317901
1279 318248
1280 318566
1281 319176
1282 318754
1283 318525
1284 319359
1285 319434
1286 319946
1287 320429
1288 298839
1289 320657
1290 321329
1291 320507
1292 319310
1293 321184
1294 320986
1295 321502
1296 321649
1297 298833
1298 321804
1299 321826
1300 322028
1301 323851
1302 323997
1303 324271
1304 324230
1305 324917
1306 325439
1307 323804
1308 327054
1309 325292
1310 325640
1311 325659
1312 322823
1313 324706
1314 326062
1315 329582
1316 327051
1317 325904
1318 326576
1319 322795
1320 326925
1321 327332
1322 327538
1323 327352
1324 322649
1325 325589
1326 327867
1327 328036
1328 328071
1329 327598
1330 328109
1331 328239
1332 328372
1333 328399
1334 328447
1335 328809
1336 328464
1337 322278
1338 329712
1339 329995
1340 330176
1341 329825
1342 330505
1343 331077
1344 330416
1345 331084
1346 331554
1347 331604
1348 332086
1349 331088
1350 331677
1351 331986
1352 332139
1353 333078
1354 333692
1355 332915
1356 333374
1357 332838
1358 333961
1359 334090
1360 334691
1361 334926
1362 334901
1363 334955
1364 335677
1365 335358
1366 332827
1367 336834
1368 337049
1369 337517
1370 337505
1371 337483
1372 336895
1373 337761
1374 338062
1375 338265
1376 338288
1377 338479
1378 338582
1379 338687
1380 338730
1381 338763
1382 338841
1383 339671
1384 339638
1385 339875
1386 339942
1387 339969
1388 340140
1389 345599
1390 298143
1391 335032
1392 341072
1393 340347
1394 340343
1395 341240
1396 341922
1397 342110
1398 342670
1399 342847
1400 343100
1401 342518
1402 343444
1403 343719
1404 341624
1405 343289
1406 343834
1407 344661
1408 345596
1409 344966
1410 344997
1411 346329
1412 345780
1413 346767
1414 345770
1415 297910
1416 346394
1417 389874
1418 299322
1419 347062
1420 346972
1421 347203
1422 348023
1423 348531
1424 348606
1425 348732
1426 349151
1427 349269
1428 347814
1429 349282
1430 350431
1431 349988
1432 350101
1433 349782
1434 349992
1435 350270
1436 350795
1437 353071
1438 351616
1439 351744
1440 351372
1441 352387
1442 350835
1443 353921
1444 347525
1445 350831
1446 353511
1447 353201
1448 354788
1449 353089
1450 354018
1451 347517
1452 354096
1453 353192
1454 354188
1455 354724
1456 354175
1457 347331
1458 354877
1459 354300
1460 354924
1461 355750
1462 355531
1463 355840
1464 356442
1465 357031
1466 356335
1467 356463
1468 357034
1469 357470
1470 357666
1471 360192
1472 355502
1473 355873
1474 357677
1475 358317
1476 358738
1477 359037
1478 359148
1479 359166
1480 359214
1481 354973
1482 358748
1483 359220
1484 360112
1485 359625
1486 360204
1487 361048
1488 361703
1489 361529
1490 361883
1491 362517
1492 362597
1493 362610
1494 362898
1495 363026
1496 362935
1497 364523
1498 362019
1499 362178
1500 361379
1501 363091
1502 363564
1503 363728
1504 363772
1505 364699
1506 364757
1507 365286
1508 364785
1509 364934
1510 363804
1511 362619
1512 361281
1513 362809
1514 365161
1515 365233
1516 366241
1517 366316
1518 366335
1519 366382
1520 367121
1521 367175
1522 367802
1523 365908
1524 379633
1525 367807
1526 367857
1527 347213
1528 358450
1529 368658
1530 368914
1531 369060
1532 369909
1533 370412
1534 369287
1535 370469
1536 371180
1537 370074
1538 371280
1539 371264
1540 373023
1541 369172
1542 371516
1543 371684
1544 371761
1545 372756
1546 371376
1547 371841
1548 371884
1549 372228
1550 373352
1551 373428
1552 375256
1553 375335
1554 374066
1555 375390
1556 374829
1557 373936
1558 376609
1559 375357
1560 376378
1561 373495
1562 382299
1563 373827
1564 377627
1565 377434
1566 376674
1567 377810
1568 377840
1569 378645
1570 378531
1571 378137
1572 378724
1573 379122
1574 379166
1575 379960
1576 380634
1577 380451
1578 381133
1579 381459
1580 381706
1581 381867
1582 346862
1583 373252
1584 382961
1585 383038
1586 383159
1587 384155
1588 383248
1589 385200
1590 384883
1591 385309
1592 385728
1593 386019
1594 382952
1595 386212
1596 386280
1597 386734
1598 387161
1599 387400
1600 387611
1601 386667
1602 386224
1603 387402
1604 387511
1605 388242
1606 387581
1607 386431
1608 388030
1609 387795
1610 388020
1611 389174
1612 389175
1613 389636
1614 389386
1615 388886
1616 390696
1617 391199
1618 391696
1619 392199
1620 392874
1621 297726
1622 346064
1623 393430
1624 394244
1625 395307
1626 395102
1627 395335
1628 395727
1629 396237
1630 396300
1631 397175
1632 396829
1633 396716
1634 397189
1635 399022
1636 399312
1637 399252
1638 396548
1639 400007
1640 400219
1641 400139
1642 399750
1643 400338
1644 400900
1645 401036
1646 402206
1647 402218
1648 402700
1649 403503
1650 403549
1651 404300
1652 403403
1653 406223
1654 404308
1655 403239
1656 405101
1657 404836
1658 405232
1659 402963
1660 405872
1661 406246
1662 407771
1663 406710
1664 408853
1665 408004
1666 408836
1667 395044
1668 408909
1669 409796
1670 393206
1671 409967
1672 410384
1673 411756
1674 411840
1675 411744
1676 411903
1677 411685
1678 412498
1679 412594
1680 413332
1681 412403
1682 412494
1683 414229
1684 413066
1685 411363
1686 413142
1687 410851
1688 414405
1689 414336
1690 416686
1691 414862
1692 413354
1693 415716
1694 415766
1695 416185
1696 416503
1697 410067
1698 416780
1699 417173
1700 417670
1701 417429
1702 417712
1703 417637
1704 417798
1705 418020
1706 418041
1707 418335
1708 418864
1709 419413
1710 419663
1711 419232
1712 420753
1713 422481
1714 420531
1715 419259
1716 422040
1717 420790
1718 421513
1719 422722
1720 422764
1721 422946
1722 423148
1723 424461
1724 424708
1725 425152
1726 423693
1727 423286
1728 424387
1729 417079
1730 425275
1731 426050
1732 420305
1733 425393
1734 425827
1735 426386
1736 426073
1737 427157
1738 427374
1739 427690
1740 427510
1741 427419
1742 427917
1743 428229
1744 427637
1745 428023
1746 428136
1747 428639
1748 429661
1749 416878
1750 430019
1751 429881
1752 430164
1753 431167
1754 431042
1755 430437
1756 431231
1757 431633
1758 431910
1759 432147
1760 432376
1761 433228
1762 433227
1763 432710
1764 433233
1765 435023
1766 431722
1767 433438
1768 433540
1769 434043
1770 434178
1771 434394
1772 434494
1773 434560
1774 435433
1775 436011
1776 436097
1777 436189
1778 436368
1779 436437
1780 437906
1781 438144
1782 438225
1783 438387
1784 438522
1785 438554
1786 437865
1787 438570
1788 438641
1789 440583
1790 440249
1791 440782
1792 438960
1793 438972
1794 440669
1795 440913
1796 443101
1797 438755
1798 441029
1799 441251
1800 441608
1801 441864
1802 442138
1803 442334
1804 443105
1805 438678
1806 442170
1807 443228
1808 443716
1809 444353
1810 444408
1811 444640
1812 444748
1813 444786
1814 445444
1815 444906
1816 444257
1817 444960
1818 437025
1819 444050
1820 445265
1821 445197
1822 445321
1823 445252
1824 445327
1825 445692
1826 445714
1827 445927
1828 297435
1829 446137
1830 446459
1831 446791
1832 446391
1833 446461
1834 446184
1835 446965
1836 447442
1837 447690
1838 447923
1839 448135
1840 447939
1841 447203
1842 448879
1843 448557
1844 449112
1845 449245
1846 449843
1847 450155
1848 450246
1849 450436
1850 450993
1851 451323
1852 450214
1853 451672
1854 451715
1855 449615
1856 451843
1857 451867
1858 452267
1859 452477
1860 452490
1861 452842
1862 452918
1863 453110
1864 453990
1865 449436
1866 456250
1867 456823
1868 454693
1869 456457
1870 449336
1871 457268
1872 457699
1873 457996
1874 458338
1875 460072
1876 460297
1877 460579
1878 461242
1879 461782
1880 461844
1881 462140
1882 463156
1883 463402
1884 463432
1885 463667
1886 463499
1887 463927
1888 464297
1889 464311
1890 464358
1891 465171
1892 465636
1893 463311
1894 465705
1895 465880
1896 466120
1897 466578
1898 467179
1899 467523
1900 468293
1901 467328
1902 468221
1903 468788
1904 468993
1905 468791
1906 469245
1907 469304
1908 469377
1909 469496
1910 469786
1911 470953
1912 470212
1913 470478
1914 469799
1915 470625
1916 470993
1917 471315
1918 471843
1919 472110
1920 475822
1921 462777
1922 465603
1923 474081
1924 472535
1925 474132
1926 474093
1927 473614
1928 472300
1929 474100
1930 474398
1931 475182
1932 473695
1933 474422
1934 475159
1935 475403
1936 475597
1937 475577
1938 476184
1939 476107
1940 476101
1941 476256
1942 476270
1943 476481
1944 477514
1945 478421
1946 476731
1947 475826
1948 477120
1949 478070
1950 478651
1951 479156
1952 480004
1953 480034
1954 480585
1955 479615
1956 480320
1957 480914
1958 479143
1959 480838
1960 481136
1961 482237
1962 481975
1963 481464
1964 482259
1965 482541
1966 482877
1967 482901
1968 483094
1969 483358
1970 483912
1971 482467
1972 483071
1973 483730
1974 484022
1975 484192
1976 486079
1977 487434
1978 485327
1979 486443
1980 481154
1981 484026
1982 486446
1983 487291
1984 487344
1985 487356
1986 487514
1987 488383
1988 488815
1989 488992
1990 489366
1991 489381
1992 488711
1993 489592
1994 489634
1995 489655
1996 489902
1997 490476
1998 490263
1999 490525
2000 490660
2001 530634
2002 490676
2003 446181
2004 447445
2005 491280
2006 490860
2007 491295
2008 491445
2009 490815
2010 491890
2011 492103
2012 491848
2013 492353
2014 493316
2015 493320
2016 493481
2017 493750
2018 494204
2019 494423
2020 494773
2021 495508
2022 496144
2023 497015
2024 496803
2025 493105
2026 497077
2027 498235
2028 497749
2029 497482
2030 497800
2031 497447
2032 498199
2033 498139
2034 498222
2035 498290
2036 498365
2037 498454
2038 499041
2039 498752
2040 498751
2041 499593
2042 499907
2043 500020
2044 500100
2045 500264
2046 500525
2047 500585
2048 492998
2049 507943
2050 493550
2051 501813
2052 502812
2053 502931
2054 503570
2055 503657
2056 502038
2057 503333
2058 503677
2059 502035
2060 504068
2061 501124
2062 504503
2063 506329
2064 506235
2065 506195
2066 507418
2067 505665
2068 506079
2069 506814
2070 506986
2071 507821
2072 505427
2073 507725
2074 501052
2075 507781
2076 492857
2077 508058
2078 508099
2079 508235
2080 508425
2081 508977
2082 509003
2083 509783
2084 511226
2085 510714
2086 509466
2087 511558
2088 513984
2089 509408
2090 512189
2091 511605
2092 512618
2093 509194
2094 512799
2095 513839
2096 514662
2097 515839
2098 515626
2099 515131
2100 515946
2101 516878
2102 516979
2103 517099
2104 517139
2105 517268
2106 517385
2107 517772
2108 517861
2109 517975
2110 518287
2111 519409
2112 519558
2113 519652
2114 523442
2115 516771
2116 517175
2117 521013
2118 521143
2119 521344
2120 521518
2121 521670
2122 522471
2123 522516
2124 522160
2125 522657
2126 516709
2127 521564
2128 522969
2129 523090
2130 523254
2131 523591
2132 523684
2133 523754
2134 524146
2135 524241
2136 523870
2137 524779
2138 525286
2139 525973
2140 526050
2141 526113
2142 526133
2143 526359
2144 526401
2145 526447
2146 526526
2147 526788
2148 527014
2149 526819
2150 526505
2151 528601
2152 528684
2153 528607
2154 528873
2155 529121
2156 529368
2157 529507
2158 529688
2159 529836
2160 530817
2161 530935
2162 531078
2163 531134
2164 531480
2165 531517
2166 531845
2167 532308
2168 533110
2169 533114
2170 535699
2171 535774
2172 534977
2173 536939
2174 536975
2175 536868
2176 536991
2177 537062
2178 537292
2179 538071
2180 537259
2181 537917
2182 538105
2183 538238
2184 538514
2185 538915
2186 539103
2187 539057
2188 539165
2189 539418
2190 534972
2191 539668
2192 542662
2193 543163
2194 543995
2195 543103
2196 543146
2197 543999
2198 544078
2199 544360
2200 544771
2201 544483
2202 544947
2203 545682
2204 545619
2205 545913
2206 545030
2207 545384
2208 545738
2209 545742
2210 550869
2211 542420
2212 543267
2213 546989
2214 547186
2215 547208
2216 547228
2217 547469
2218 547588
2219 548537
2220 546012
2221 548173
2222 548880
2223 549033
2224 549430
2225 549457
2226 549583
2227 542014
2228 548823
2229 550439
2230 559750
2231 550729
2232 550495
2233 549940
2234 550624
2235 541963
2236 543139
2237 551716
2238 551950
2239 552211
2240 553688
2241 554038
2242 552061
2243 554019
2244 554207
2245 554538
2246 551233
2247 554772
2248 541771
2249 556880
2250 557055
2251 558398
2252 556167
2253 556682
2254 557340
2255 558339
2256 556118
2257 557471
2258 558370
2259 558423
2260 558473
2261 559006
2262 559626
2263 558802
2264 558770
2265 559126
2266 559335
2267 558603
2268 559694
2269 559793
2270 560065
2271 560189
2272 558404
2273 560315
2274 560377
2275 564190
2276 558644
2277 561661
2278 561974
2279 561865
2280 562741
2281 561178
2282 561117
2283 561442
2284 561002
2285 561581
2286 562932
2287 563080
2288 540686
2289 563543
2290 565970
2291 562228
2292 564247
2293 564379
2294 564613
2295 540300
2296 565564
2297 564936
2298 564593
2299 565653
2300 566249
2301 566056
2302 567057
2303 567764
2304 567850
2305 567193
2306 568441
2307 568575
2308 568620
2309 568752
2310 568755
2311 568776
2312 568863
2313 570768
2314 567229
2315 569331
2316 569647
2317 569681
2318 569844
2319 570111
2320 570141
2321 570468
2322 570365
2323 570911
2324 534730
2325 570846
2326 534416
2327 571273
2328 571790
2329 571825
2330 572559
2331 572775
2332 573615
2333 573735
2334 573098
2335 574422
2336 574017
2337 576435
2338 576459
2339 576894
2340 575982
2341 572809
2342 576200
2343 576630
2344 576984
2345 572442
2346 577365
2347 577275
2348 577456
2349 578993
2350 578712
2351 578563
2352 580601
2353 578195
2354 579962
2355 579001
2356 579313
2357 578084
2358 581956
2359 577837
2360 578022
2361 580656
2362 580952
2363 581446
2364 581575
2365 581706
2366 581865
2367 581933
2368 581956
2369 582035
2370 582227
2371 582435
2372 582650
2373 583014
2374 582398
2375 582812
2376 582743
2377 582345
2378 582852
2379 586897
2380 582228
2381 583567
2382 583087
2383 584245
2384 585982
2385 586084
2386 586596
2387 586178
2388 586961
2389 587444
2390 571532
2391 598942
2392 586309
2393 571530
2394 587901
2395 587998
2396 587627
2397 587930
2398 587539
2399 581013
2400 588143
2401 588324
2402 588436
2403 588670
2404 589500
2405 590958
2406 590062
2407 591847
2408 590040
2409 591860
2410 590967
2411 589956
2412 591453
2413 589770
2414 592426
2415 592530
2416 593260
2417 593438
2418 593921
2419 594552
2420 595055
2421 595164
2422 595189
2423 595441
2424 594741
2425 596344
2426 595874
2427 595508
2428 596040
2429 597795
2430 597969
2431 597970
2432 571330
2433 598644
2434 607899
2435 597973
2436 584712
2437 599357
2438 599061
2439 599376
2440 599428
2441 599570
2442 599828
2443 599953
2444 600592
2445 600710
2446 600843
2447 600895
2448 600944
2449 598986
2450 600516
2451 600928
2452 602177
2453 601103
2454 602190
2455 607847
2456 598953
2457 603082
2458 603070
2459 603761
2460 603933
2461 603965
2462 604055
2463 604270
2464 605510
2465 605236
2466 606285
2467 606312
2468 607815
2469 602914
2470 606670
2471 607076
2472 602861
2473 606717
2474 607381
2475 609165
2476 609238
2477 610716
2478 608076
2479 608202
2480 609267
2481 608053
2482 609539
2483 609467
2484 610520
2485 610751
2486 612135
2487 612547
2488 612661
2489 612586
2490 613177
2491 613691
2492 614355
2493 614984
2494 615451
2495 615458
2496 616095
2497 616994
2498 617087
2499 616395
2500 616789
2501 611835
2502 617165
2503 617324
2504 618282
2505 618465
2506 618518
2507 618659
2508 619249
2509 619140
2510 618132
2511 620928
2512 620934
2513 620946
2514 618065
2515 621766
2516 622255
2517 621913
2518 623517
2519 621385
2520 622575
2521 622807
2522 623285
2523 624357
2524 621209
2525 621977
2526 623630
2527 623732
2528 623698
2529 624287
2530 618016
2531 624483
2532 625011
2533 622798
2534 625248
2535 625285
2536 625515
2537 626054
2538 625186
2539 626334
2540 625493
2541 626123
2542 626144
2543 627225
2544 627858
2545 629772
2546 628591
2547 628737
2548 627908
2549 628837
2550 628841
2551 629142
2552 628317
2553 629502
2554 629722
2555 629747
2556 630640
2557 631436
2558 627229
2559 630128
2560 611698
2561 631545
2562 631753
2563 631757
2564 631772
2565 632135
2566 632777
2567 632823
2568 632898
2569 632926
2570 633128
2571 633379
2572 633528
2573 633232
2574 633287
2575 634405
2576 635105
2577 635406
2578 635240
2579 635592
2580 635826
2581 632627
2582 635987
2583 637411
2584 637875
2585 638164
2586 638496
2587 638843
2588 639065
2589 639092
2590 639099
2591 639113
2592 639550
2593 639381
2594 639712
2595 639805
2596 640767
2597 640215
2598 640431
2599 638612
2600 639892
2601 640598
2602 642312
2603 653039
2604 632492
2605 643249
2606 643577
2607 643280
2608 643792
2609 642782
2610 643834
2611 643980
2612 644225
2613 644954
2614 645249
2615 644461
2616 644530
2617 645923
2618 642334
2619 646171
2620 647045
2621 647039
2622 647001
2623 647318
2624 647452
2625 647481
2626 648231
2627 648269
2628 649197
2629 649229
2630 649324
2631 649603
2632 649847
2633 649696
2634 650068
2635 650095
2636 650162
2637 650418
2638 650483
2639 651216
2640 678956
2641 652284
2642 652754
2643 534004
2644 616366
2645 654702
2646 655673
2647 655230
2648 655570
2649 656248
2650 658141
2651 653549
2652 653310
2653 654522
2654 658111
2655 657831
2656 657870
2657 653280
2658 658935
2659 659001
2660 659109
2661 659332
2662 659360
2663 659571
2664 659582
2665 659728
2666 660150
2667 660517
2668 660523
2669 660823
2670 660894
2671 662124
2672 661756
2673 662147
2674 662198
2675 662205
2676 662733
2677 662737
2678 663065
2679 663258
2680 663428
2681 663569
2682 663795
2683 664028
2684 663662
2685 664165
2686 664092
2687 664583
2688 664751
2689 659248
2690 665080
2691 665464
2692 665620
2693 665591
2694 665923
2695 666592
2696 665601
2697 666567
2698 666775
2699 666872
2700 666899
2701 667121
2702 667151
2703 668179
2704 668427
2705 667026
2706 668539
2707 668697
2708 669894
2709 670219
2710 670707
2711 670832
2712 671023
2713 671076
2714 671252
2715 671568
2716 671612
2717 671959
2718 673018
2719 671986
2720 673547
2721 672313
2722 673830
2723 674377
2724 674509
2725 674704
2726 674825
2727 675336
2728 675416
2729 674488
2730 675503
2731 676222
2732 677173
2733 677223
2734 677435
2735 677469
2736 677783
2737 677451
2738 677530
2739 677856
2740 678577
2741 678721
2742 677862
2743 675704
2744 677900
2745 678853
2746 679438
2747 679834
2748 682784
2749 682205
2750 682617
2751 682194
2752 683017
2753 683939
2754 685884
2755 684635
2756 686491
2757 685956
2758 684921
2759 686082
2760 686892
2761 686934
2762 687141
2763 688404
2764 687454
2765 687344
2766 687499
2767 679866
2768 687755
2769 687778
2770 679343
2771 687962
2772 688041
2773 685470
2774 688220
2775 688339
2776 689252
2777 689874
2778 689748
2779 690065
2780 691884
2781 689605
2782 690148
2783 690245
2784 688736
2785 691182
2786 690900
2787 691404
2788 691900
2789 692564
2790 692646
2791 692685
2792 692894
2793 693444
2794 692502
2795 694352
2796 694878
2797 694960
2798 695211
2799 695263
2800 695445
2801 695448
2802 695070
2803 695707
2804 692227
2805 696508
2806 696466
2807 697475
2808 696447
2809 696902
2810 696851
2811 695713
2812 697764
2813 698031
2814 699154
2815 700105
2816 699050
2817 699082
2818 700398
2819 698853
2820 700604
2821 701395
2822 701970
2823 701864
2824 702348
2825 701085
2826 702147
2827 698653
2828 702542
2829 702646
2830 703132
2831 703266
2832 703662
2833 703505
2834 702397
2835 703696
2836 703994
2837 703888
2838 704531
2839 704938
2840 704881
2841 705381
2842 705500
2843 705615
2844 704757
2845 706210
2846 705646
2847 706267
2848 707319
2849 706312
2850 707320
2851 707321
2852 707509
2853 707736
2854 708099
2855 707815
2856 708304
2857 708323
2858 708425
2859 711948
2860 707409
2861 708870
2862 709097
2863 709545
2864 709705
2865 710527
2866 710587
2867 711493
2868 713300
2869 713769
2870 713854
2871 706293
2872 715979
2873 708722
2874 713872
2875 714507
2876 714513
2877 714527
2878 715026
2879 715065
2880 715140
2881 715224
2882 715546
2883 715686
2884 716135
2885 716638
2886 716791
2887 717987
2888 718159
2889 718614
2890 718686
2891 719142
2892 719392
2893 719495
2894 719555
2895 719830
2896 719569
2897 720190
2898 720668
2899 720727
2900 720818
2901 721020
2902 721021
2903 721608
2904 721319
2905 722446
2906 723001
2907 723082
2908 723138
2909 723199
2910 723211
2911 723686
2912 720403
2913 722872
2914 723573
2915 723435
2916 723844
2917 724483
2918 724545
2919 724653
2920 725142
2921 725503
2922 724803
2923 727840
2924 725189
2925 724732
2926 724975
2927 727287
2928 728419
2929 728352
2930 724709
2931 728884
2932 728940
2933 729349
2934 730178
2935 730752
2936 731436
2937 729102
2938 731939
2939 729264
2940 731477
2941 731773
2942 692160
2943 732330
2944 731924
2945 732839
2946 734187
2947 734903
2948 734424
2949 735291
2950 735298
2951 736079
2952 736833
2953 737551
2954 737925
2955 738045
2956 736476
2957 738539
2958 738949
2959 739879
2960 740328
2961 740922
2962 741218
2963 739252
2964 741669
2965 741722
2966 741819
2967 741826
2968 741955
2969 742052
2970 742128
2971 742178
2972 743146
2973 743687
2974 744668
2975 743862
2976 743467
2977 744306
2978 744772
2979 744673
2980 735981
2981 742887
2982 744699
2983 745013
2984 745001
2985 745204
2986 744953
2987 745663
2988 775966
2989 745436
2990 735884
2991 737609
2992 746843
2993 746911
2994 748058
2995 748089
2996 749417
2997 747830
2998 749070
2999 750768
3000 749488
3001 746838
3002 749912
3003 746928
3004 750757
3005 750496
3006 750131
3007 751114
3008 751218
3009 751341
3010 751389
3011 746557
3012 750197
3013 751968
3014 752777
3015 751625
3016 753254
3017 753836
3018 753197
3019 754417
3020 756405
3021 756889
3022 756098
3023 735363
3024 757146
3025 756446
3026 754339
3027 734078
3028 757351
3029 757254
3030 757835
3031 758155
3032 758275
3033 758279
3034 758343
3035 759087
3036 758757
3037 758427
3038 758820
3039 757776
3040 740898
3041 759904
3042 759802
3043 760604
3044 760633
3045 761409
3046 759796
3047 760895
3048 759418
3049 761581
3050 764618
3051 764441
3052 765304
3053 762515
3054 762550
3055 762355
3056 764864
3057 765579
3058 765663
3059 768420
3060 766771
3061 767489
3062 766354
3063 768114
3064 765781
3065 768174
3066 767628
3067 768349
3068 768424
3069 768472
3070 768850
3071 768947
3072 769009
3073 769527
3074 770653
3075 771105
3076 771477
3077 773249
3078 761800
3079 770373
3080 772760
3081 772968
3082 773259
3083 773500
3084 774124
3085 773883
3086 773747
3087 774541
3088 775044
3089 775381
3090 775319
3091 775672
3092 776457
3093 776707
3094 777037
3095 776679
3096 777678
3097 777365
3098 779133
3099 776349
3100 777949
3101 776153
3102 778092
3103 776449
3104 778148
3105 778296
3106 734027
3107 778864
3108 778516
3109 778973
3110 779178
3111 779259
3112 779306
3113 778921
3114 777404
3115 779408
3116 779973
3117 780033
3118 780213
3119 780923
3120 781493
3121 779374
3122 781103
3123 781440
3124 780986
3125 781055
3126 781440
3127 733678
3128 782161
3129 783779
3130 783826
3131 784197
3132 783435
3133 784372
3134 785025
3135 785055
3136 785504
3137 786004
3138 786173
3139 785916
3140 786974
3141 786435
3142 782507
3143 787115
3144 787485
3145 789909
3146 790105
3147 789609
3148 789831
3149 789044
3150 790382
3151 791340
3152 794038
3153 787341
3154 791708
3155 791915
3156 792048
3157 792086
3158 792698
3159 793095
3160 793250
3161 792763
3162 794982
3163 795464
3164 795520
3165 795789
3166 795521
3167 796528
3168 796747
3169 798584
3170 795030
3171 782299
3172 797189
3173 797207
3174 797261
3175 797819
3176 798212
3177 798461
3178 798635
3179 799219
3180 799337
3181 799363
3182 800234
3183 800272
3184 800681
3185 801992
3186 799320
3187 801077
3188 800734
3189 801096
3190 801826
3191 801446
3192 802604
3193 803332
3194 804209
3195 804382
3196 804735
3197 805229
3198 805171
3199 804773
3200 805251
3201 805386
3202 805902
3203 805978
3204 806002
3205 807228
3206 807266
3207 807527
3208 808260
3209 808631
3210 808705
3211 810489
3212 806312
3213 808838
3214 806588
3215 808904
3216 809550
3217 810768
3218 811086
3219 810572
3220 810715
3221 811890
3222 804178
3223 809424
3224 811783
3225 812053
3226 812268
3227 812294
3228 812606
3229 813943
3230 812446
3231 803962
3232 810811
3233 803642
3234 810869
3235 812868
3236 813054
3237 813094
3238 813449
3239 814169
3240 814406
3241 814224
3242 814498
3243 814718
3244 816626
3245 817937
3246 816164
3247 816406
3248 817857
3249 816037
3250 817995
3251 816802
3252 817989
3253 818007
3254 815556
3255 818210
3256 818413
3257 819665
3258 819686
3259 820205
3260 820384
3261 820217
3262 820557
3263 820773
3264 821079
3265 821128
3266 821269
3267 822181
3268 821531
3269 821055
3270 822454
3271 821963
3272 822908
3273 823091
3274 815196
3275 823329
3276 824838
3277 825470
3278 825673
3279 825768
3280 826774
3281 827467
3282 827544
3283 827552
3284 827279
3285 827846
3286 828036
3287 828091
3288 828292
3289 828317
3290 829073
3291 829112
3292 829559
3293 829824
3294 829693
3295 825593
3296 830044
3297 830600
3298 831600
3299 832026
3300 831621
3301 830903
3302 831753
3303 832877
3304 832066
3305 830733
3306 832259
3307 832458
3308 832281
3309 832768
3310 832622
3311 832878
3312 832972
3313 834098
3314 834575
3315 833779
3316 834450
3317 833482
3318 834720
3319 834881
3320 835247
3321 835618
3322 835792
3323 835826
3324 836482
3325 837426
3326 838030
3327 833319
3328 837587
3329 833182
3330 837979
3331 838171
3332 838315
3333 838396
3334 838732
3335 838777
3336 838961
3337 838820
3338 840330
3339 838815
3340 839982
3341 839271
3342 840568
3343 840618
3344 838569
3345 840706
3346 841622
3347 841614
3348 840834
3349 841693
3350 842277
3351 842357
3352 842783
3353 842826
3354 843044
3355 845761
3356 845247
3357 843592
3358 846084
3359 843737
3360 843580
3361 844366
3362 843549
3363 844685
3364 856495
3365 846290
3366 815144
3367 832474
3368 846379
3369 847207
3370 846676
3371 847278
3372 846559
3373 847987
3374 849432
3375 847583
3376 847619
3377 848516
3378 848709
3379 848694
3380 848483
3381 847803
3382 848734
3383 848746
3384 848983
3385 849147
3386 849361
3387 852504
3388 846382
3389 847046
3390 849912
3391 849628
3392 850170
3393 850999
3394 851181
3395 850351
3396 850693
3397 850192
3398 851276
3399 851279
3400 852243
3401 852007
3402 852882
3403 852941
3404 853166
3405 856214
3406 853319
3407 850620
3408 853722
3409 854520
3410 854537
3411 854547
3412 855639
3413 854630
3414 854014
3415 854565
3416 855202
3417 854576
3418 855571
3419 855245
3420 733175
3421 856748
3422 856879
3423 856960
3424 857543
3425 863804
3426 857552
3427 845384
3428 858087
3429 858099
3430 860480
3431 858035
3432 858263
3433 857851
3434 861264
3435 861400
3436 861759
3437 861552
3438 862023
3439 862711
3440 862962
3441 863214
3442 863232
3443 863270
3444 863333
3445 864616
3446 864665
3447 864994
3448 865239
3449 865428
3450 865724
3451 866218
3452 866582
3453 867629
3454 867964
3455 868320
3456 868526
3457 869625
3458 866492
3459 868756
3460 869178
3461 868768
3462 868568
3463 869577
3464 864529
3465 869301
3466 864245
3467 869866
3468 873567
3469 864882
3470 869874
3471 870237
3472 871288
3473 870931
3474 871279
3475 872938
3476 870524
3477 870513
3478 872641
3479 871357
3480 872985
3481 872687
3482 873107
3483 873160
3484 873542
3485 873673
3486 873852
3487 874431
3488 874519
3489 914218
3490 733128
3491 785373
3492 875207
3493 874941
3494 875545
3495 875864
3496 875815
3497 876416
3498 876035
3499 876527
3500 877995
3501 878772
3502 877891
3503 877283
3504 877973
3505 879540
3506 878491
3507 877062
3508 877451
3509 879428
3510 878794
3511 878983
3512 879918
3513 879777
3514 877020
3515 880582
3516 880973
3517 881249
3518 881465
3519 881493
3520 881529
3521 881990
3522 882167
3523 882532
3524 881873
3525 882850
3526 883183
3527 883468
3528 883544
3529 883699
3530 884689
3531 884666
3532 886553
3533 884789
3534 885252
3535 876579
3536 882795
3537 885867
3538 885600
3539 885933
3540 887108
3541 886594
3542 887637
3543 886819
3544 887684
3545 888809
3546 888919
3547 888962
3548 888998
3549 889114
3550 889268
3551 889370
3552 889492
3553 890558
3554 874829
3555 887541
3556 874620
3557 889937
3558 891053
3559 890187
3560 891056
3561 891202
3562 891470
3563 892191
3564 892188
3565 892207
3566 892476
3567 892536
3568 893633
3569 892746
3570 892568
3571 892949
3572 893771
3573 893825
3574 894152
3575 894156
3576 894276
3577 894710
3578 894972
3579 894989
3580 895046
3581 895052
3582 895366
3583 895405
3584 895522
3585 896266
3586 896606
3587 896967
3588 896513
3589 896763
3590 896490
3591 897114
3592 897168
3593 897326
3594 898180
3595 898324
3596 898524
3597 899015
3598 899887
3599 901010
3600 901097
3601 901301
3602 901330
3603 901516
3604 901565
3605 901699
3606 902141
3607 901919
3608 901873
3609 902200
3610 902248
3611 902258
3612 902274
3613 902739
3614 903325
3615 903608
3616 895634
3617 904122
3618 899934
3619 903960
3620 903833
3621 905319
3622 905389
3623 906775
3624 908702
3625 906690
3626 906741
3627 906972
3628 904933
3629 908201
3630 906775
3631 908671
3632 908306
3633 908924
3634 904701
3635 908866
3636 909514
3637 910328
3638 911349
3639 910352
3640 912182
3641 912341
3642 912717
3643 912871
3644 913246
3645 913797
3646 913799
3647 914111
3648 916678
3649 917345
3650 917675
3651 918580
3652 916294
3653 917854
3654 918359
3655 917949
3656 916103
3657 918997
3658 919178
3659 919390
3660 919884
3661 920325
3662 919871
3663 921279
3664 920472
3665 922012
3666 920728
3667 922003
3668 916026
3669 922966
3670 919425
3671 922051
3672 919425
3673 922212
3674 922428
3675 922149
3676 922233
3677 922994
3678 923145
3679 923330
3680 915613
3681 923781
3682 924965
3683 925127
3684 924657
3685 924977
3686 924581
3687 925345
3688 925459
3689 926284
3690 927391
3691 925556
3692 925898
3693 929368
3694 927631
3695 927395
3696 927975
3697 929568
3698 925367
3699 927368
3700 925352
3701 929669
3702 929627
3703 929801
3704 930223
3705 929945
3706 931803
3707 926335
3708 930626
3709 930517
3710 931717
3711 930325
3712 930942
3713 930809
3714 932552
3715 932034
3716 933187
3717 933572
3718 934109
3719 934644
3720 935466
3721 935289
3722 936971
3723 935241
3724 935636
3725 924248
3726 935762
3727 933326
3728 936144
3729 936164
3730 936308
3731 936381
3732 936143
3733 936489
3734 936707
3735 936679
3736 937377
3737 938502
3738 938663
3739 938122
3740 938887
3741 938832
3742 939250
3743 939515
3744 939163
3745 939535
3746 940109
3747 941037
3748 941870
3749 941416
3750 941576
3751 940180
3752 941562
3753 941987
3754 943679
3755 938101
3756 939614
3757 942169
3758 942253
3759 942703
3760 942728
3761 937601
3762 943519
3763 943615
3764 943834
3765 944083
3766 943221
3767 914341
3768 944787
3769 944867
3770 945170
3771 949759
3772 929175
3773 945826
3774 945706
3775 945558
3776 945835
3777 946298
3778 947472
3779 947968
3780 948206
3781 946481
3782 948297
3783 948669
3784 945402
3785 949361
3786 949043
3787 949638
3788 950691
3789 950503
3790 950797
3791 951235
3792 951571
3793 951740
3794 951830
3795 952819
3796 954936
3797 952259
3798 950548
3799 953052
3800 953797
3801 953765
3802 953321
3803 954777
3804 954702
3805 955160
3806 950188
3807 956125
3808 953937
3809 955199
3810 955605
3811 955566
3812 950019
3813 955878
3814 962967
3815 950003
3816 957329
3817 959036
3818 958708
3819 957915
3820 958872
3821 957460
3822 959343
3823 961311
3824 956918
3825 960732
3826 960795
3827 959351
3828 960928
3829 961367
3830 960979
3831 956614
3832 961061
3833 960662
3834 956135
3835 960724
3836 961314
3837 962580
3838 962710
3839 962805
3840 962828
3841 961650
3842 963028
3843 964884
3844 964778
3845 965517
3846 965524
3847 965665
3848 964378
3849 965736
3850 965892
3851 966482
3852 966010
3853 967214
3854 967308
3855 967539
3856 967407
3857 967663
3858 967766
3859 967741
3860 968572
3861 968993
3862 969283
3863 963853
3864 969368
3865 969393
3866 969411
3867 970321
3868 970786
3869 972064
3870 972113
3871 972238
3872 971878
3873 972216
3874 972349
3875 972565
3876 969837
3877 972700
3878 973793
3879 974289
3880 974370
3881 974334
3882 973921
3883 974882
3884 974980
3885 975139
3886 975931
3887 976010
3888 976210
3889 976225
3890 976307
3891 976451
3892 976639
3893 976768
3894 976867
3895 976892
3896 976961
3897 977373
3898 977186
3899 976964
3900 982299
3901 977768
3902 975685
3903 977828
3904 977829
3905 978165
3906 978072
3907 978225
3908 978771
3909 979453
3910 980540
3911 980697
3912 980899
3913 981176
3914 981256
3915 981308
3916 980315
3917 981284
3918 973540
3919 980234
3920 981487
3921 981799
3922 982393
3923 982510
3924 982645
3925 982962
3926 983270
3927 983023
3928 973416
3929 981929
3930 983214
3931 983669
3932 984483
3933 983739
3934 984629
3935 989102
3936 983582
3937 972917
3938 979514
3939 984711
3940 985111
3941 985572
3942 985887
3943 985772
3944 986055
3945 986598
3946 986440
3947 986614
3948 986974
3949 987115
3950 987331
3951 987773
3952 987796
3953 988235
3954 988789
3955 988993
3956 990019
3957 990572
3958 991735
3959 991616
3960 990822
3961 989456
3962 991442
3963 991672
3964 991760
3965 991777
3966 992216
3967 993793
3968 993861
3969 993905
3970 995033
3971 993093
3972 994482
3973 995297
3974 995482
3975 995788
3976 996465
3977 996382
3978 996525
3979 996699
3980 996960
3981 997057
3982 997096
3983 997175
3984 998035
3985 997289
3986 996855
3987 997806
3988 997599
3989 998029
3990 998221
3991 998395
3992 998488
3993 998599
3994 996316
3995 998113
3996 998826
3997 999665
3998 999119
3999 115
