# 8000 data points
# index number
0 747
1 907
2 1326
3 1378
4 1419
5 1421
6 1608
7 1658
8 1670
9 3028
10 2160
11 901
12 1221
13 2296
14 2473
15 2715
16 2609
17 2922
18 3004
19 3180
20 3181
21 3185
22 3269
23 3776
24 4049
25 4828
26 5092
27 5852
28 4782
29 4813
30 5422
31 5855
32 4271
33 5895
34 6118
35 6212
36 6436
37 6563
38 6007
39 6640
40 6697
41 6713
42 6727
43 6806
44 7578
45 7838
46 7910
47 7838
48 8091
49 8169
50 3643
51 8556
52 8651
53 8786
54 8818
55 8796
56 8936
57 8981
58 9144
59 9608
60 9676
61 9764
62 8636
63 9960
64 11226
65 11272
66 11359
67 12352
68 10506
69 10385
70 10575
71 10255
72 10590
73 10250
74 10666
75 8570
76 10919
77 3463
78 11413
79 11451
80 12443
81 12578
82 12651
83 12663
84 13114
85 13481
86 13602
87 13211
88 13220
89 13660
90 13936
91 13865
92 12888
93 14054
94 14228
95 13346
96 14097
97 14394
98 14517
99 14511
100 14534
101 14768
102 12492
103 14843
104 15699
105 14567
106 15048
107 15563
108 16617
109 11751
110 13981
111 15744
112 15832
113 15917
114 16270
115 16354
116 16141
117 15805
118 16161
119 16337
120 16448
121 16805
122 16871
123 3416
124 17042
125 17045
126 17306
127 17569
128 17639
129 17774
130 17876
131 17967
132 18037
133 17282
134 18274
135 18283
136 18654
137 18842
138 18754
139 18753
140 18932
141 18974
142 20427
143 20367
144 20402
145 20179
146 20408
147 20025
148 20713
149 20729
150 21007
151 21448
152 20748
153 20784
154 19149
155 21111
156 21168
157 20867
158 21614
159 21646
160 21686
161 21696
162 22066
163 21786
164 21823
165 21762
166 21883
167 18452
168 22099
169 22312
170 22155
171 22316
172 22322
173 22496
174 22755
175 23050
176 23034
177 23008
178 23156
179 23428
180 23197
181 23522
182 23873
183 24607
184 24156
185 23893
186 24250
187 24681
188 24740
189 24935
190 24993
191 23192
192 25375
193 25951
194 26185
195 26344
196 26389
197 26485
198 26778
199 26870
200 26882
201 26911
202 26936
203 27056
204 27343
205 27617
206 27374
207 27599
208 27642
209 27758
210 28100
211 28137
212 28236
213 28731
214 28794
215 28801
216 27693
217 29106
218 28805
219 28816
220 25935
221 28389
222 28903
223 28995
224 31057
225 29002
226 29184
227 29376
228 25766
229 27808
230 29989
231 29767
232 29780
233 30928
234 29729
235 29404
236 30736
237 30617
238 30879
239 30923
240 30923
241 31385
242 31645
243 32114
244 31733
245 25519
246 32366
247 32752
248 33704
249 33786
250 33742
251 34225
252 33004
253 32945
254 33068
255 33962
256 33630
257 34264
258 35385
259 34255
260 34274
261 23186
262 31540
263 34452
264 34563
265 31540
266 34723
267 34742
268 34858
269 35059
270 35334
271 34927
272 35330
273 36463
274 35860
275 35477
276 36034
277 35422
278 36259
279 36042
280 36263
281 36792
282 37375
283 38531
284 37164
285 36971
286 37805
287 37944
288 37738
289 36955
290 37976
291 38143
292 38536
293 38692
294 38753
295 38861
296 38975
297 38907
298 39047
299 39050
300 39210
301 39193
302 39275
303 39371
304 652
305 39607
306 40547
307 40508
308 39789
309 40587
310 40802
311 40922
312 41019
313 41078
314 41245
315 41169
316 41177
317 39736
318 41377
319 41377
320 41388
321 41899
322 41545
323 41406
324 41738
325 41915
326 42088
327 42188
328 42242
329 42389
330 42309
331 42789
332 42877
333 42302
334 42976
335 43272
336 43521
337 43660
338 43552
339 43787
340 39693
341 43938
342 44803
343 44832
344 44863
345 44736
346 45139
347 45250
348 46103
349 46323
350 46014
351 46536
352 44206
353 45691
354 46462
355 46343
356 44117
357 46718
358 46595
359 46233
360 46664
361 47017
362 47102
363 46916
364 47537
365 46945
366 44008
367 45922
368 47118
369 47163
370 47183
371 47224
372 47608
373 47866
374 48156
375 47591
376 48253
377 48484
378 47820
379 48398
380 48569
381 48572
382 44001
383 48614
384 49276
385 50015
386 50114
387 50475
388 50522
389 49710
390 50218
391 49372
392 50595
393 51033
394 51036
395 51055
396 51082
397 51432
398 51611
399 52136
400 52032
401 52821
402 51581
403 52594
404 52366
405 52294
406 53365
407 53445
408 53741
409 53694
410 53655
411 54003
412 54313
413 54355
414 54367
415 54531
416 54628
417 54887
418 54965
419 55124
420 55168
421 55226
422 55184
423 55234
424 55289
425 55444
426 56012
427 55884
428 55597
429 56030
430 56099
431 56646
432 56045
433 56896
434 56135
435 56771
436 56921
437 57214
438 55571
439 59507
440 57414
441 56937
442 57477
443 57625
444 57656
445 57712
446 57932
447 49064
448 55971
449 58054
450 58001
451 59276
452 57934
453 59234
454 58459
455 59644
456 59566
457 59557
458 59647
459 59680
460 59701
461 59866
462 60226
463 62792
464 60347
465 60811
466 49058
467 58067
468 60895
469 61391
470 61474
471 61213
472 61453
473 61804
474 61686
475 60877
476 61780
477 62022
478 62082
479 61817
480 62306
481 62162
482 62228
483 48777
484 55956
485 62563
486 62640
487 62644
488 62705
489 63286
490 63317
491 63354
492 63409
493 63535
494 63822
495 63925
496 63929
497 66558
498 63875
499 64059
500 64285
501 64495
502 64592
503 64670
504 64664
505 63152
506 64765
507 64970
508 64420
509 65152
510 65576
511 65838
512 65554
513 65838
514 62955
515 66017
516 65322
517 62860
518 66116
519 66342
520 66377
521 66419
522 66485
523 66689
524 65356
525 66827
526 66941
527 67026
528 66732
529 67107
530 67943
531 66990
532 66710
533 67279
534 67596
535 67687
536 68196
537 68399
538 68869
539 68898
540 69216
541 69667
542 69218
543 69890
544 69897
545 69902
546 68253
547 70027
548 70857
549 70858
550 70546
551 70963
552 71167
553 71698
554 71616
555 72309
556 71720
557 71722
558 70174
559 70670
560 71796
561 71810
562 72031
563 72181
564 72254
565 72294
566 72604
567 72506
568 72675
569 72693
570 73161
571 73489
572 73823
573 74149
574 73474
575 74228
576 72740
577 74262
578 74470
579 75784
580 75828
581 75737
582 76054
583 76137
584 76356
585 76401
586 76418
587 76856
588 76933
589 74752
590 76062
591 77473
592 77546
593 79241
594 77182
595 77572
596 77724
597 74580
598 74895
599 77768
600 77841
601 78036
602 78835
603 77799
604 78417
605 78620
606 78798
607 78820
608 78115
609 78892
610 78980
611 78916
612 79188
613 79277
614 39678
615 93995
616 61197
617 79850
618 79956
619 79826
620 79852
621 79640
622 80068
623 80653
624 80358
625 80561
626 80670
627 80983
628 80750
629 81170
630 81178
631 81220
632 79601
633 81398
634 81412
635 81708
636 81649
637 81564
638 81405
639 81797
640 81912
641 81987
642 82588
643 82808
644 82865
645 82903
646 83057
647 82223
648 83073
649 83103
650 83763
651 83848
652 83454
653 83490
654 84472
655 83370
656 83912
657 84185
658 84266
659 83732
660 84422
661 84699
662 84896
663 84550
664 79490
665 84767
666 85109
667 85557
668 85724
669 85845
670 86387
671 87076
672 86665
673 87252
674 88553
675 85326
676 87301
677 85248
678 87637
679 85350
680 87878
681 88086
682 88127
683 87826
684 88145
685 88408
686 88399
687 88812
688 88691
689 88909
690 89632
691 89683
692 90416
693 90335
694 90355
695 90384
696 90198
697 90413
698 90488
699 90468
700 89508
701 90542
702 90657
703 90842
704 91087
705 91726
706 90895
707 91458
708 90876
709 91564
710 90908
711 91663
712 91701
713 91764
714 92286
715 89447
716 91542
717 92012
718 92061
719 92252
720 91780
721 89220
722 92238
723 93601
724 91074
725 92646
726 92821
727 93483
728 92588
729 92621
730 92380
731 93136
732 93282
733 93137
734 93304
735 93683
736 93866
737 93861
738 93937
739 94372
740 94746
741 94883
742 94965
743 95338
744 95363
745 95409
746 94368
747 95440
748 95474
749 95624
750 95715
751 95796
752 96048
753 96657
754 96628
755 96973
756 95970
757 96011
758 96659
759 96830
760 97460
761 39660
762 66900
763 97016
764 97320
765 97361
766 97440
767 97372
768 98352
769 98579
770 98176
771 98652
772 98684
773 98699
774 98722
775 98942
776 98933
777 98961
778 99007
779 98813
780 99098
781 99103
782 99121
783 99143
784 99551
785 99264
786 99865
787 100461
788 100921
789 100258
790 100093
791 100396
792 100582
793 99884
794 100847
795 98770
796 100968
797 100978
798 100984
799 101050
800 101904
801 101106
802 101984
803 102366
804 102174
805 102460
806 102661
807 102768
808 102833
809 103432
810 103515
811 103596
812 103878
813 104150
814 104236
815 104241
816 104333
817 104455
818 105143
819 102974
820 103145
821 104662
822 104760
823 104855
824 104784
825 104670
826 104843
827 105137
828 104508
829 105310
830 98679
831 105777
832 105386
833 106005
834 105181
835 105805
836 106079
837 98658
838 106086
839 106114
840 107376
841 107519
842 107619
843 107963
844 107174
845 107719
846 107718
847 108540
848 107637
849 107128
850 107189
851 106632
852 107248
853 108269
854 108363
855 108309
856 109033
857 109316
858 108793
859 111017
860 108597
861 106330
862 106915
863 109522
864 109700
865 109342
866 109973
867 109327
868 109701
869 109857
870 110241
871 109922
872 109319
873 109554
874 110186
875 110238
876 110790
877 110392
878 110241
879 111164
880 111214
881 106306
882 112921
883 109852
884 111362
885 111631
886 111776
887 111986
888 112411
889 112532
890 112629
891 112847
892 113130
893 113142
894 113395
895 113384
896 113398
897 113561
898 113731
899 114031
900 113548
901 114396
902 114127
903 114292
904 113455
905 114460
906 114711
907 114929
908 114944
909 115118
910 115432
911 116172
912 115765
913 115924
914 117252
915 115622
916 116146
917 116393
918 116523
919 115461
920 115826
921 116665
922 116602
923 117288
924 117767
925 117293
926 117821
927 118186
928 118200
929 118407
930 118661
931 114571
932 118797
933 116224
934 119055
935 118975
936 119101
937 119235
938 119244
939 119279
940 119505
941 119913
942 119970
943 120181
944 120525
945 120604
946 121358
947 114526
948 119598
949 121121
950 121130
951 125143
952 120866
953 121157
954 98060
955 121640
956 121928
957 122355
958 121910
959 121788
960 122120
961 122243
962 121689
963 122249
964 122384
965 122467
966 122821
967 121498
968 123093
969 120484
970 123285
971 123441
972 123563
973 123600
974 124695
975 123799
976 123705
977 123985
978 124081
979 124284
980 124258
981 124379
982 123158
983 124037
984 124556
985 124744
986 124875
987 97742
988 125219
989 125631
990 125751
991 124959
992 125642
993 125774
994 125995
995 126137
996 125894
997 126260
998 126291
999 127173
1000 127540
1001 126639
1002 126593
1003 127473
1004 128110
1005 126776
1006 126417
1007 127100
1008 127542
1009 127603
1010 128091
1011 128535
1012 128426
1013 128633
1014 129371
1015 129550
1016 129478
1017 125776
1018 129707
1019 130652
1020 130803
1021 131140
1022 130815
1023 131291
1024 131339
1025 131370
1026 131575
1027 131355
1028 131372
1029 131581
1030 131773
1031 131626
1032 131842
1033 131931
1034 131940
1035 130365
1036 131954
1037 132590
1038 132425
1039 132627
1040 132666
1041 132691
1042 132763
1043 132779
1044 132838
1045 132872
1046 132953
1047 132996
1048 133146
1049 133176
1050 133197
1051 133280
1052 133290
1053 132634
1054 133628
1055 133744
1056 133773
1057 133782
1058 133735
1059 133906
1060 133829
1061 134050
1062 134243
1063 134416
1064 134476
1065 135425
1066 134240
1067 134527
1068 134201
1069 134632
1070 135133
1071 135723
1072 135932
1073 136013
1074 136165
1075 137429
1076 136563
1077 136616
1078 136710
1079 137051
1080 135798
1081 136597
1082 137080
1083 137362
1084 135746
1085 137660
1086 137702
1087 132023
1088 138090
1089 138189
1090 138476
1091 138417
1092 138051
1093 138255
1094 138529
1095 137928
1096 138669
1097 138753
1098 138794
1099 138807
1100 139012
1101 139089
1102 139016
1103 139388
1104 139577
1105 139755
1106 139936
1107 139917
1108 140251
1109 140072
1110 140753
1111 139480
1112 140302
1113 140333
1114 140363
1115 140400
1116 140751
1117 141511
1118 141682
1119 138623
1120 141704
1121 142447
1122 140464
1123 131958
1124 141806
1125 142242
1126 142049
1127 142377
1128 142287
1129 142262
1130 141589
1131 142824
1132 142564
1133 142863
1134 142873
1135 143392
1136 143704
1137 142496
1138 147518
1139 143065
1140 130249
1141 144438
1142 144390
1143 144485
1144 144201
1145 144501
1146 144550
1147 144568
1148 144568
1149 144572
1150 145073
1151 145312
1152 145040
1153 145144
1154 145424
1155 144192
1156 145300
1157 143970
1158 145444
1159 136804
1160 146035
1161 145838
1162 146038
1163 146061
1164 146254
1165 146365
1166 146581
1167 147308
1168 147143
1169 148051
1170 148034
1171 148032
1172 148092
1173 148667
1174 148612
1175 148750
1176 148782
1177 147814
1178 149163
1179 150561
1180 148920
1181 147894
1182 149754
1183 149795
1184 149831
1185 149561
1186 150161
1187 150361
1188 150445
1189 149860
1190 150664
1191 147717
1192 151337
1193 149607
1194 150671
1195 151089
1196 150805
1197 150669
1198 151310
1199 151646
1200 151850
1201 152110
1202 147595
1203 152256
1204 154480
1205 148137
1206 152629
1207 152297
1208 152656
1209 152431
1210 152712
1211 152293
1212 153110
1213 153517
1214 153365
1215 153665
1216 153286
1217 153537
1218 153664
1219 153676
1220 153702
1221 153808
1222 154189
1223 154087
1224 154358
1225 154464
1226 154576
1227 154644
1228 155055
1229 154678
1230 155094
1231 155221
1232 130164
1233 159002
1234 155295
1235 150904
1236 155728
1237 155575
1238 155450
1239 156177
1240 156242
1241 156300
1242 156401
1243 156405
1244 156597
1245 155350
1246 156786
1247 156880
1248 157000
1249 157089
1250 157285
1251 157285
1252 157386
1253 157416
1254 157452
1255 157472
1256 157764
1257 157456
1258 157664
1259 158084
1260 158246
1261 158373
1262 158711
1263 158120
1264 158430
1265 158827
1266 158116
1267 158302
1268 130028
1269 158839
1270 158892
1271 159302
1272 158940
1273 159565
1274 159621
1275 159668
1276 159782
1277 159835
1278 159943
1279 159966
1280 160309
1281 160379
1282 160392
1283 160409
1284 160678
1285 160734
1286 160741
1287 161006
1288 160539
1289 160170
1290 160587
1291 160749
1292 161070
1293 161008
1294 161095
1295 161274
1296 161119
1297 161315
1298 161784
1299 575
1300 161839
1301 161999
1302 162021
1303 162082
1304 162259
1305 161945
1306 162334
1307 162834
1308 162170
1309 162808
1310 162841
1311 161856
1312 163101
1313 163916
1314 164041
1315 164086
1316 164128
1317 164220
1318 164558
1319 164264
1320 164593
1321 164688
1322 164692
1323 165011
1324 165029
1325 165094
1326 166138
1327 166967
1328 165351
1329 165454
1330 163363
1331 165713
1332 163226
1333 166158
1334 166417
1335 165306
1336 163223
1337 166625
1338 166900
1339 166666
1340 166917
1341 167756
1342 166922
1343 168039
1344 168046
1345 168619
1346 168708
1347 168544
1348 168582
1349 168355
1350 168742
1351 168759
1352 168904
1353 170186
1354 169730
1355 170332
1356 170427
1357 170617
1358 168959
1359 170728
1360 171055
1361 171863
1362 171671
1363 171753
1364 171443
1365 171684
1366 171055
1367 171830
1368 172229
1369 171460
1370 172156
1371 171901
1372 171871
1373 172784
1374 172916
1375 172967
1376 172975
1377 173020
1378 173353
1379 173093
1380 173035
1381 173148
1382 163130
1383 173444
1384 173596
1385 173969
1386 174094
1387 174204
1388 173802
1389 174222
1390 174247
1391 174417
1392 174594
1393 174644
1394 174765
1395 174884
1396 174942
1397 175025
1398 175421
1399 173771
1400 174890
1401 175403
1402 175194
1403 173641
1404 175486
1405 175737
1406 175743
1407 176059
1408 176302
1409 175863
1410 176098
1411 175750
1412 176451
1413 176468
1414 176522
1415 176703
1416 176736
1417 176760
1418 176761
1419 177504
1420 176984
1421 176864
1422 177577
1423 177609
1424 177649
1425 177859
1426 178458
1427 176552
1428 177336
1429 178306
1430 178408
1431 178178
1432 178342
1433 178499
1434 173636
1435 178787
1436 179609
1437 179415
1438 179564
1439 179397
1440 180049
1441 180340
1442 180471
1443 180474
1444 180295
1445 180483
1446 181014
1447 180572
1448 180356
1449 178802
1450 180845
1451 181103
1452 181180
1453 181222
1454 181390
1455 181806
1456 181483
1457 180875
1458 181894
1459 182092
1460 182445
1461 182354
1462 182671
1463 182759
1464 182673
1465 182906
1466 182180
1467 182703
1468 183006
1469 183352
1470 184059
1471 184328
1472 183620
1473 183423
1474 184247
1475 184485
1476 184753
1477 184747
1478 184931
1479 184999
1480 185237
1481 185506
1482 185642
1483 185813
1484 184591
1485 185560
1486 186437
1487 186494
1488 186754
1489 186907
1490 186976
1491 186994
1492 187005
1493 187281
1494 187784
1495 188606
1496 188789
1497 188992
1498 190127
1499 189808
1500 189676
1501 188516
1502 189973
1503 189969
1504 189787
1505 187869
1506 189989
1507 190239
1508 190574
1509 190031
1510 187791
1511 190889
1512 190941
1513 190959
1514 191131
1515 190647
1516 190985
1517 191015
1518 191088
1519 192932
1520 187416
1521 188693
1522 187356
1523 188740
1524 191493
1525 191581
1526 191882
1527 191758
1528 192455
1529 192338
1530 192567
1531 192747
1532 192486
1533 192737
1534 192823
1535 192910
1536 193231
1537 193353
1538 193506
1539 194243
1540 194132
1541 194391
1542 194495
1543 194397
1544 194794
1545 195132
1546 195460
1547 195568
1548 196190
1549 195917
1550 196269
1551 195054
1552 197423
1553 197814
1554 197690
1555 198605
1556 197428
1557 197852
1558 197947
1559 195004
1560 198065
1561 198154
1562 198043
1563 198127
1564 198353
1565 198317
1566 197655
1567 199048
1568 199065
1569 200070
1570 198906
1571 198945
1572 199855
1573 199738
1574 200783
1575 198813
1576 199101
1577 194902
1578 199122
1579 200170
1580 203345
1581 200442
1582 200737
1583 194887
1584 195661
1585 201006
1586 200991
1587 201025
1588 201070
1589 200897
1590 201284
1591 201296
1592 201491
1593 201524
1594 201539
1595 201540
1596 201554
1597 201560
1598 201929
1599 201616
1600 201809
1601 202046
1602 202357
1603 203015
1604 202848
1605 202704
1606 203203
1607 202275
1608 203079
1609 203424
1610 203442
1611 204474
1612 203843
1613 204082
1614 204520
1615 204725
1616 205038
1617 205279
1618 205043
1619 205431
1620 205785
1621 205672
1622 206141
1623 206415
1624 206240
1625 206505
1626 206730
1627 206565
1628 206840
1629 207731
1630 208287
1631 208328
1632 208447
1633 208513
1634 209323
1635 209506
1636 210433
1637 209747
1638 210344
1639 210143
1640 208509
1641 209633
1642 210498
1643 210673
1644 210747
1645 210847
1646 208333
1647 211054
1648 210414
1649 210983
1650 211688
1651 211716
1652 213156
1653 211531
1654 211732
1655 211827
1656 208531
1657 211933
1658 212043
1659 212351
1660 211988
1661 212768
1662 212517
1663 211844
1664 211983
1665 212539
1666 212626
1667 213155
1668 214581
1669 211838
1670 212870
1671 213374
1672 213386
1673 213509
1674 213601
1675 213584
1676 207897
1677 213984
1678 212977
1679 214380
1680 214191
1681 214470
1682 214209
1683 214504
1684 214582
1685 214702
1686 215286
1687 215315
1688 215490
1689 215984
1690 216367
1691 216690
1692 216603
1693 216846
1694 216955
1695 217717
1696 217811
1697 218033
1698 218069
1699 218142
1700 219392
1701 215604
1702 215676
1703 218192
1704 218507
1705 218602
1706 218380
1707 218627
1708 218740
1709 218593
1710 219259
1711 219273
1712 219358
1713 219555
1714 219652
1715 219960
1716 220261
1717 220975
1718 221346
1719 221134
1720 221676
1721 220662
1722 221977
1723 222523
1724 222761
1725 222929
1726 222512
1727 223768
1728 222476
1729 223470
1730 223703
1731 223441
1732 223547
1733 222044
1734 223929
1735 223974
1736 224041
1737 225787
1738 224226
1739 223933
1740 224320
1741 224381
1742 219898
1743 224526
1744 221840
1745 224609
1746 224662
1747 224665
1748 224964
1749 225179
1750 225469
1751 225474
1752 224763
1753 225581
1754 225733
1755 225709
1756 224570
1757 225846
1758 226136
1759 226167
1760 226136
1761 225997
1762 226148
1763 226228
1764 226551
1765 219889
1766 225814
1767 226229
1768 226388
1769 226346
1770 226423
1771 226610
1772 226663
1773 226770
1774 207534
1775 226826
1776 227287
1777 227499
1778 227189
1779 227503
1780 227512
1781 228124
1782 228305
1783 228375
1784 228136
1785 228341
1786 228572
1787 227647
1788 228449
1789 227523
1790 228573
1791 228785
1792 228671
1793 228820
1794 227083
1795 228829
1796 229040
1797 228073
1798 228863
1799 228913
1800 228832
1801 228898
1802 229066
1803 229244
1804 229420
1805 229478
1806 229501
1807 229735
1808 230016
1809 230262
1810 230325
1811 230615
1812 230763
1813 230845
1814 230931
1815 230997
1816 231227
1817 230535
1818 231260
1819 232024
1820 232100
1821 232592
1822 231774
1823 232814
1824 232886
1825 233083
1826 233459
1827 233347
1828 233881
1829 233110
1830 233853
1831 233843
1832 233994
1833 234507
1834 234240
1835 234695
1836 234132
1837 234519
1838 234511
1839 231671
1840 234657
1841 231386
1842 234862
1843 235384
1844 235219
1845 235146
1846 235245
1847 234873
1848 235867
1849 235076
1850 235785
1851 235612
1852 235464
1853 235952
1854 234867
1855 236055
1856 236252
1857 236439
1858 236747
1859 236833
1860 236839
1861 236912
1862 236939
1863 237531
1864 237594
1865 238008
1866 238052
1867 237472
1868 238054
1869 238156
1870 238123
1871 238357
1872 238918
1873 239032
1874 239055
1875 238696
1876 239168
1877 239369
1878 239365
1879 239794
1880 240132
1881 240156
1882 240173
1883 240334
1884 240881
1885 238641
1886 239038
1887 240499
1888 240643
1889 240827
1890 240490
1891 240748
1892 241230
1893 241421
1894 243989
1895 241460
1896 241477
1897 241790
1898 241588
1899 241857
1900 242165
1901 242274
1902 242196
1903 242242
1904 230380
1905 235809
1906 242795
1907 242968
1908 242646
1909 243537
1910 243805
1911 243356
1912 243837
1913 244757
1914 244377
1915 244847
1916 244980
1917 245562
1918 245668
1919 245701
1920 245262
1921 245739
1922 246095
1923 244291
1924 246230
1925 246512
1926 246693
1927 246804
1928 246748
1929 246860
1930 246893
1931 247079
1932 247318
1933 247531
1934 248068
1935 248011
1936 248115
1937 248223
1938 248241
1939 248358
1940 248424
1941 248623
1942 248719
1943 248767
1944 248305
1945 249651
1946 248898
1947 244042
1948 249216
1949 248998
1950 249354
1951 248741
1952 249636
1953 249553
1954 249589
1955 207238
1956 249662
1957 255647
1958 236526
1959 250161
1960 250355
1961 249911
1962 249923
1963 250390
1964 249761
1965 250461
1966 250952
1967 250819
1968 251165
1969 251010
1970 251223
1971 251240
1972 251244
1973 251498
1974 251512
1975 252027
1976 251746
1977 251667
1978 251404
1979 252009
1980 252077
1981 252095
1982 252123
1983 252438
1984 252284
1985 252507
1986 252599
1987 252877
1988 252891
1989 252636
1990 253334
1991 252867
1992 252999
1993 253486
1994 253549
1995 253650
1996 250658
1997 253755
1998 253727
1999 253810
2000 253809
2001 254337
2002 253417
2003 253879
2004 253884
2005 253842
2006 254148
2007 254204
2008 254380
2009 254511
2010 254747
2011 254882
2012 255024
2013 255095
2014 255255
2015 255474
2016 255314
2017 256257
2018 256870
2019 256019
2020 256190
2021 256668
2022 255824
2023 257055
2024 256364
2025 256898
2026 257110
2027 255649
2028 257178
2029 257188
2030 257190
2031 257662
2032 257839
2033 257208
2034 258018
2035 258022
2036 258124
2037 258168
2038 258249
2039 258407
2040 258466
2041 258437
2042 258725
2043 258749
2044 258815
2045 258905
2046 259014
2047 259036
2048 259186
2049 259446
2050 259592
2051 259694
2052 259703
2053 259820
2054 259719
2055 294511
2056 207142
2057 217256
2058 260775
2059 260973
2060 261151
2061 260998
2062 261196
2063 261223
2064 260772
2065 261523
2066 262293
2067 260855
2068 261981
2069 262106
2070 261818
2071 261998
2072 262516
2073 262349
2074 260682
2075 262604
2076 263067
2077 263277
2078 263374
2079 263152
2080 263247
2081 263439
2082 264199
2083 263751
2084 262890
2085 263786
2086 264201
2087 264662
2088 264676
2089 264677
2090 264759
2091 264876
2092 264889
2093 265250
2094 264297
2095 265318
2096 265326
2097 265885
2098 265008
2099 264297
2100 266240
2101 266566
2102 266606
2103 266533
2104 260666
2105 266564
2106 266654
2107 260586
2108 266662
2109 267595
2110 267932
2111 267934
2112 268020
2113 268026
2114 268429
2115 268496
2116 268120
2117 268190
2118 268504
2119 268525
2120 268552
2121 267544
2122 268793
2123 268934
2124 269147
2125 268649
2126 267288
2127 268945
2128 269796
2129 269150
2130 269210
2131 266982
2132 268694
2133 269251
2134 269676
2135 266853
2136 269786
2137 270093
2138 270188
2139 270456
2140 269728
2141 270243
2142 270441
2143 270514
2144 270552
2145 271037
2146 271403
2147 271595
2148 271275
2149 271204
2150 271437
2151 271674
2152 272035
2153 272408
2154 272435
2155 273136
2156 271931
2157 272011
2158 272492
2159 272692
2160 273139
2161 271814
2162 274688
2163 272312
2164 273196
2165 273335
2166 273505
2167 273688
2168 273478
2169 273597
2170 271755
2171 273348
2172 273997
2173 274154
2174 274446
2175 274877
2176 274881
2177 275052
2178 275624
2179 275812
2180 275016
2181 275634
2182 275682
2183 271104
2184 273643
2185 276311
2186 276456
2187 276370
2188 276678
2189 276722
2190 282825
2191 276686
2192 275812
2193 276971
2194 276713
2195 260091
2196 277003
2197 277027
2198 269541
2199 277174
2200 277755
2201 277853
2202 277596
2203 277178
2204 277690
2205 277786
2206 277147
2207 277694
2208 278094
2209 277145
2210 278302
2211 278375
2212 278685
2213 278696
2214 278737
2215 278786
2216 278835
2217 278854
2218 279234
2219 279320
2220 279573
2221 279529
2222 279648
2223 279675
2224 280067
2225 278426
2226 278756
2227 279733
2228 279825
2229 279888
2230 279897
2231 279961
2232 280560
2233 280730
2234 281201
2235 280455
2236 281396
2237 281828
2238 281843
2239 281925
2240 282469
2241 281773
2242 282813
2243 281957
2244 281742
2245 282355
2246 281985
2247 282604
2248 282857
2249 282905
2250 283626
2251 283636
2252 283694
2253 283950
2254 283478
2255 283450
2256 283552
2257 283940
2258 284183
2259 284352
2260 285015
2261 260078
2262 288495
2263 275176
2264 285098
2265 285449
2266 285016
2267 285624
2268 285715
2269 285528
2270 285960
2271 286065
2272 286196
2273 286182
2274 286262
2275 286355
2276 286181
2277 286387
2278 286496
2279 286740
2280 286520
2281 287488
2282 286366
2283 286858
2284 287152
2285 287184
2286 287238
2287 287555
2288 287593
2289 287697
2290 287610
2291 288008
2292 288000
2293 288380
2294 288364
2295 288927
2296 289116
2297 289303
2298 289557
2299 289621
2300 290167
2301 289101
2302 289320
2303 289676
2304 289086
2305 289940
2306 290441
2307 290499
2308 290446
2309 290515
2310 290797
2311 291068
2312 291138
2313 291287
2314 291508
2315 292066
2316 290541
2317 292103
2318 292117
2319 291593
2320 289044
2321 291731
2322 292246
2323 292228
2324 293400
2325 292540
2326 291421
2327 292709
2328 292616
2329 292842
2330 293114
2331 293942
2332 292882
2333 293371
2334 293166
2335 293449
2336 288592
2337 293148
2338 293757
2339 293739
2340 294345
2341 294243
2342 294671
2343 295537
2344 295137
2345 295606
2346 295870
2347 295721
2348 296128
2349 295874
2350 296445
2351 295001
2352 296448
2353 296594
2354 296863
2355 297039
2356 297084
2357 297244
2358 297412
2359 297895
2360 297897
2361 297960
2362 298602
2363 296014
2364 298260
2365 298338
2366 298372
2367 298452
2368 298134
2369 298662
2370 299582
2371 298689
2372 298671
2373 299792
2374 298645
2375 299655
2376 294670
2377 300010
2378 304467
2379 294878
2380 300601
2381 300608
2382 300890
2383 300901
2384 301314
2385 300473
2386 300626
2387 301082
2388 301145
2389 302279
2390 300395
2391 300522
2392 301751
2393 302094
2394 301838
2395 301611
2396 302205
2397 301960
2398 302249
2399 302480
2400 300147
2401 304014
2402 301501
2403 302760
2404 303040
2405 302686
2406 303111
2407 206984
2408 303485
2409 303808
2410 304168
2411 304320
2412 304557
2413 303909
2414 323109
2415 266620
2416 305264
2417 305543
2418 305825
2419 306496
2420 306564
2421 306608
2422 306774
2423 306717
2424 305486
2425 306853
2426 307184
2427 306347
2428 306917
2429 306948
2430 307771
2431 309498
2432 307573
2433 307399
2434 307709
2435 304799
2436 305780
2437 308577
2438 308306
2439 308329
2440 308302
2441 308953
2442 308957
2443 309214
2444 309404
2445 309103
2446 307843
2447 309348
2448 309742
2449 309642
2450 310054
2451 309823
2452 304564
2453 310545
2454 310890
2455 310894
2456 311134
2457 311338
2458 311641
2459 311763
2460 311867
2461 312095
2462 311917
2463 312096
2464 312142
2465 310688
2466 312197
2467 312894
2468 312861
2469 312510
2470 312923
2471 313010
2472 313019
2473 313319
2474 312375
2475 313653
2476 313822
2477 314094
2478 314241
2479 314468
2480 313779
2481 314596
2482 314026
2483 314490
2484 314884
2485 314782
2486 314948
2487 315127
2488 315211
2489 315123
2490 315231
2491 315351
2492 315726
2493 315339
2494 315404
2495 315737
2496 315986
2497 316234
2498 316197
2499 316237
2500 316341
2501 316532
2502 316011
2503 316882
2504 316672
2505 316780
2506 316703
2507 316805
2508 316916
2509 317371
2510 317536
2511 317205
2512 318290
2513 317703
2514 317204
2515 318340
2516 318225
2517 318747
2518 321298
2519 317146
2520 318872
2521 317001
2522 320037
2523 319229
2524 322613
2525 320168
2526 320607
2527 318929
2528 320338
2529 320645
2530 320841
2531 317795
2532 321740
2533 321664
2534 322048
2535 322111
2536 322310
2537 322559
2538 322585
2539 322704
2540 322654
2541 322844
2542 322637
2543 322949
2544 323034
2545 322995
2546 323841
2547 323827
2548 323996
2549 324095
2550 324129
2551 324259
2552 324199
2553 323688
2554 324275
2555 324676
2556 324638
2557 324788
2558 325370
2559 324855
2560 325015
2561 324816
2562 324877
2563 325486
2564 325554
2565 325619
2566 325624
2567 324625
2568 325840
2569 325309
2570 325695
2571 325744
2572 325795
2573 325958
2574 324413
2575 326039
2576 326168
2577 326234
2578 326380
2579 326243
2580 326473
2581 327012
2582 326728
2583 326996
2584 323397
2585 327302
2586 327322
2587 327766
2588 327832
2589 327687
2590 327925
2591 327980
2592 328235
2593 327965
2594 328009
2595 328457
2596 327429
2597 327994
2598 328303
2599 328457
2600 327353
2601 328632
2602 329512
2603 329725
2604 330881
2605 329593
2606 329591
2607 330134
2608 330360
2609 330597
2610 330716
2611 328991
2612 330571
2613 330846
2614 331225
2615 328824
2616 331197
2617 331306
2618 332442
2619 332859
2620 332965
2621 333047
2622 333221
2623 331894
2624 331710
2625 332016
2626 331487
2627 332109
2628 333530
2629 333673
2630 333932
2631 333943
2632 327332
2633 333968
2634 334250
2635 334245
2636 334223
2637 334315
2638 334466
2639 334325
2640 334472
2641 334615
2642 334052
2643 334922
2644 334814
2645 334925
2646 335745
2647 336320
2648 335640
2649 335526
2650 335648
2651 335449
2652 335719
2653 335392
2654 335755
2655 336282
2656 335023
2657 336635
2658 335784
2659 336495
2660 336459
2661 335001
2662 336576
2663 336752
2664 336754
2665 336905
2666 336968
2667 337083
2668 337526
2669 337214
2670 336986
2671 337381
2672 337669
2673 323259
2674 337824
2675 338796
2676 333621
2677 338705
2678 338776
2679 338778
2680 338029
2681 339161
2682 339014
2683 339475
2684 338992
2685 339481
2686 339498
2687 339797
2688 339100
2689 338876
2690 339779
2691 340104
2692 340275
2693 339786
2694 339853
2695 338851
2696 340374
2697 340528
2698 340644
2699 341065
2700 340821
2701 340604
2702 340713
2703 340927
2704 341065
2705 341550
2706 341589
2707 341586
2708 341635
2709 341649
2710 341804
2711 342046
2712 342337
2713 342389
2714 341948
2715 342415
2716 342464
2717 342635
2718 342701
2719 342729
2720 363762
2721 206968
2722 317569
2723 343699
2724 344067
2725 344071
2726 344123
2727 343085
2728 344227
2729 344757
2730 344903
2731 344929
2732 344925
2733 345159
2734 344327
2735 342983
2736 344604
2737 345114
2738 342983
2739 345503
2740 345527
2741 345873
2742 345210
2743 345571
2744 342948
2745 346098
2746 345947
2747 342923
2748 346344
2749 346396
2750 346409
2751 346481
2752 347154
2753 347169
2754 346952
2755 347407
2756 347256
2757 346936
2758 347556
2759 347838
2760 348233
2761 348173
2762 348261
2763 348941
2764 349585
2765 350076
2766 349473
2767 349439
2768 349611
2769 350016
2770 346878
2771 350194
2772 350322
2773 351327
2774 351360
2775 351633
2776 351830
2777 350868
2778 352660
2779 351897
2780 350606
2781 352038
2782 351077
2783 352313
2784 352440
2785 352501
2786 352517
2787 352764
2788 352713
2789 352779
2790 350248
2791 353292
2792 351414
2793 353066
2794 353087
2795 353171
2796 353133
2797 353037
2798 353523
2799 353586
2800 353765
2801 353801
2802 353823
2803 353919
2804 353937
2805 354063
2806 354714
2807 354747
2808 354860
2809 354938
2810 355037
2811 355155
2812 355186
2813 355582
2814 354677
2815 356154
2816 355728
2817 356057
2818 354650
2819 355166
2820 356086
2821 356438
2822 356307
2823 356328
2824 346812
2825 356607
2826 354229
2827 356599
2828 357109
2829 357034
2830 357151
2831 356883
2832 356982
2833 357114
2834 357330
2835 358628
2836 356814
2837 357906
2838 357786
2839 358099
2840 358340
2841 358420
2842 358605
2843 358458
2844 356718
2845 358699
2846 358795
2847 358789
2848 358812
2849 359612
2850 359649
2851 359672
2852 359720
2853 359933
2854 359953
2855 359534
2856 360105
2857 360138
2858 360284
2859 360301
2860 360888
2861 361149
2862 361216
2863 361293
2864 362088
2865 359256
2866 363553
2867 360996
2868 359017
2869 361111
2870 362447
2871 363339
2872 362400
2873 363173
2874 364095
2875 364125
2876 364236
2877 364673
2878 365126
2879 365365
2880 364512
2881 365398
2882 365695
2883 365855
2884 366176
2885 366558
2886 366403
2887 365827
2888 366452
2889 366484
2890 366744
2891 367281
2892 367368
2893 367424
2894 367759
2895 367662
2896 367820
2897 367834
2898 363960
2899 367964
2900 367773
2901 368268
2902 368897
2903 368032
2904 363943
2905 366178
2906 368374
2907 368503
2908 369032
2909 368971
2910 369091
2911 369227
2912 369404
2913 369458
2914 369791
2915 369150
2916 369919
2917 370631
2918 369650
2919 370056
2920 370084
2921 370263
2922 363921
2923 369767
2924 370270
2925 370356
2926 371000
2927 371050
2928 371195
2929 567528
2930 533
2931 83284
2932 371677
2933 372008
2934 371765
2935 372044
2936 372468
2937 372773
2938 372800
2939 372997
2940 373010
2941 373292
2942 374071
2943 373024
2944 373561
2945 373580
2946 372722
2947 373732
2948 373769
2949 373807
2950 374142
2951 374307
2952 374392
2953 376209
2954 374424
2955 374267
2956 371519
2957 371993
2958 374460
2959 374510
2960 374613
2961 374750
2962 374970
2963 375041
2964 375059
2965 375153
2966 375159
2967 375198
2968 375338
2969 375457
2970 375577
2971 375710
2972 375753
2973 375980
2974 376017
2975 376067
2976 376012
2977 376289
2978 376244
2979 371438
2980 376321
2981 374359
2982 377187
2983 377152
2984 377087
2985 377202
2986 377493
2987 377551
2988 377325
2989 377831
2990 377674
2991 378397
2992 377795
2993 377875
2994 378408
2995 378529
2996 378653
2997 379036
2998 379569
2999 376758
3000 378127
3001 379218
3002 371281
3003 379266
3004 379276
3005 379479
3006 379499
3007 379822
3008 380102
3009 380135
3010 380022
3011 380171
3012 380211
3013 380987
3014 380984
3015 381866
3016 380898
3017 380939
3018 380739
3019 381966
3020 381747
3021 382950
3022 380599
3023 382193
3024 382456
3025 382533
3026 382925
3027 382121
3028 382540
3029 382765
3030 382815
3031 380565
3032 383165
3033 383255
3034 383261
3035 383465
3036 383747
3037 383869
3038 384197
3039 384202
3040 385221
3041 383806
3042 384213
3043 384631
3044 384271
3045 383456
3046 384224
3047 383446
3048 384258
3049 385092
3050 385494
3051 383278
3052 385507
3053 380439
3054 388073
3055 382262
3056 386229
3057 386285
3058 386469
3059 386482
3060 386518
3061 386845
3062 386853
3063 386005
3064 387174
3065 386363
3066 387155
3067 387040
3068 387380
3069 387591
3070 387928
3071 388672
3072 388958
3073 388772
3074 389064
3075 389059
3076 389196
3077 389082
3078 388135
3079 389103
3080 389046
3081 389429
3082 393673
3083 389275
3084 389580
3085 380392
3086 382616
3087 380226
3088 390319
3089 390435
3090 390446
3091 390464
3092 390494
3093 390635
3094 390598
3095 390767
3096 390825
3097 390962
3098 389803
3099 391146
3100 390904
3101 389730
3102 391077
3103 391234
3104 391298
3105 391509
3106 391286
3107 391629
3108 391806
3109 391825
3110 391873
3111 391992
3112 391833
3113 391985
3114 393342
3115 391641
3116 391707
3117 392005
3118 392094
3119 392570
3120 392995
3121 393281
3122 393392
3123 393972
3124 393911
3125 394090
3126 393903
3127 394221
3128 394922
3129 395003
3130 395629
3131 394833
3132 393740
3133 395316
3134 397021
3135 395498
3136 395235
3137 395808
3138 395879
3139 395813
3140 393584
3141 396189
3142 394063
3143 396240
3144 396309
3145 396400
3146 396337
3147 396981
3148 396221
3149 396415
3150 396673
3151 396748
3152 396943
3153 397071
3154 397347
3155 397733
3156 397975
3157 398122
3158 398634
3159 398020
3160 398604
3161 398690
3162 399028
3163 399098
3164 399367
3165 399391
3166 398842
3167 399733
3168 399967
3169 400427
3170 401255
3171 400383
3172 400471
3173 400440
3174 399659
3175 400015
3176 399590
3177 400078
3178 399501
3179 401006
3180 400676
3181 400827
3182 401201
3183 401224
3184 401858
3185 401910
3186 401943
3187 401534
3188 401944
3189 402053
3190 402149
3191 402445
3192 402579
3193 402781
3194 403351
3195 403416
3196 403888
3197 404068
3198 404284
3199 404356
3200 402125
3201 404514
3202 404972
3203 403558
3204 404604
3205 404711
3206 404736
3207 404960
3208 405148
3209 405241
3210 405996
3211 405739
3212 406055
3213 406487
3214 406611
3215 406629
3216 406634
3217 406654
3218 406244
3219 407077
3220 406876
3221 406239
3222 407184
3223 407290
3224 405638
3225 407497
3226 407206
3227 407302
3228 407557
3229 405577
3230 407004
3231 408322
3232 407604
3233 408194
3234 407583
3235 407731
3236 371243
3237 408201
3238 408357
3239 409136
3240 409268
3241 409100
3242 409408
3243 409387
3244 409642
3245 409724
3246 409746
3247 409882
3248 410029
3249 410111
3250 410113
3251 412124
3252 409955
3253 410478
3254 410458
3255 410289
3256 410487
3257 410514
3258 410513
3259 410597
3260 410700
3261 411095
3262 410942
3263 411218
3264 411160
3265 408837
3266 410485
3267 411451
3268 411355
3269 412393
3270 412348
3271 412475
3272 412477
3273 408663
3274 412748
3275 412586
3276 412799
3277 412840
3278 413279
3279 413356
3280 413407
3281 413382
3282 413513
3283 413634
3284 413726
3285 413643
3286 413804
3287 413906
3288 413944
3289 413994
3290 414047
3291 414092
3292 414694
3293 414567
3294 414339
3295 414768
3296 415091
3297 415044
3298 415160
3299 415233
3300 415306
3301 415662
3302 415388
3303 415771
3304 415777
3305 415784
3306 416101
3307 416459
3308 416615
3309 416910
3310 417124
3311 417370
3312 417800
3313 417440
3314 417686
3315 416950
3316 417561
3317 415039
3318 417669
3319 414847
3320 417692
3321 417895
3322 418081
3323 414193
3324 418333
3325 418241
3326 418063
3327 418325
3328 418339
3329 419606
3330 408626
3331 415317
3332 418843
3333 418655
3334 418712
3335 418597
3336 418867
3337 418870
3338 418892
3339 418895
3340 419139
3341 419447
3342 419323
3343 419964
3344 420061
3345 420117
3346 420418
3347 420424
3348 421365
3349 420799
3350 419905
3351 419999
3352 420843
3353 421246
3354 421113
3355 421487
3356 421432
3357 408600
3358 422074
3359 423150
3360 423350
3361 423527
3362 423568
3363 423625
3364 423333
3365 424487
3366 423990
3367 423735
3368 423777
3369 424366
3370 423251
3371 424506
3372 425098
3373 425249
3374 425121
3375 424734
3376 425149
3377 425304
3378 426082
3379 426232
3380 426250
3381 426770
3382 425905
3383 426517
3384 425606
3385 426591
3386 425519
3387 426624
3388 427754
3389 423207
3390 426382
3391 426808
3392 426867
3393 427044
3394 427126
3395 427108
3396 427600
3397 422578
3398 426109
3399 427744
3400 427627
3401 428234
3402 427946
3403 428033
3404 427911
3405 428273
3406 428334
3407 428422
3408 428635
3409 428912
3410 429053
3411 429386
3412 422528
3413 429403
3414 429578
3415 430113
3416 430157
3417 430088
3418 430116
3419 431639
3420 430065
3421 429996
3422 430259
3423 430348
3424 430820
3425 431175
3426 432260
3427 432356
3428 432498
3429 432811
3430 432936
3431 432620
3432 432847
3433 433017
3434 433042
3435 433206
3436 433412
3437 433430
3438 434037
3439 434084
3440 434224
3441 434249
3442 433760
3443 434361
3444 434442
3445 434470
3446 434631
3447 434671
3448 434675
3449 434716
3450 434884
3451 435032
3452 434617
3453 434989
3454 435066
3455 435141
3456 435347
3457 435410
3458 435481
3459 435489
3460 435730
3461 435588
3462 435825
3463 435938
3464 436343
3465 440386
3466 429918
3467 436539
3468 436550
3469 422493
3470 430252
3471 436915
3472 437177
3473 437186
3474 437393
3475 436971
3476 437121
3477 437368
3478 437502
3479 436820
3480 438218
3481 437802
3482 436677
3483 438284
3484 438402
3485 438406
3486 438541
3487 438592
3488 438957
3489 439292
3490 439420
3491 439459
3492 439348
3493 438970
3494 440375
3495 439636
3496 438757
3497 440054
3498 439882
3499 440079
3500 440717
3501 440831
3502 441073
3503 441080
3504 441182
3505 441224
3506 441473
3507 441879
3508 441156
3509 440510
3510 441537
3511 441657
3512 441880
3513 441980
3514 442133
3515 441853
3516 442201
3517 442225
3518 442882
3519 443106
3520 442830
3521 442456
3522 443078
3523 443173
3524 443573
3525 443582
3526 444213
3527 443246
3528 444291
3529 443672
3530 443217
3531 444451
3532 444491
3533 444723
3534 445007
3535 445095
3536 445121
3537 445123
3538 445209
3539 445400
3540 445400
3541 445527
3542 445756
3543 445840
3544 446249
3545 445453
3546 445975
3547 446201
3548 446062
3549 446303
3550 446338
3551 446532
3552 446357
3553 446702
3554 446578
3555 442380
3556 446744
3557 447506
3558 447894
3559 447919
3560 447834
3561 447917
3562 447029
3563 447971
3564 448948
3565 446797
3566 448708
3567 448674
3568 448804
3569 448393
3570 448435
3571 448779
3572 446759
3573 448905
3574 448953
3575 449076
3576 449149
3577 449479
3578 449088
3579 449233
3580 449705
3581 450008
3582 450107
3583 450513
3584 450587
3585 450095
3586 451021
3587 451057
3588 451132
3589 451325
3590 451502
3591 451593
3592 451841
3593 451852
3594 451946
3595 452207
3596 452331
3597 452439
3598 452542
3599 452762
3600 453053
3601 453139
3602 452987
3603 453136
3604 452950
3605 453256
3606 453471
3607 453661
3608 453724
3609 453880
3610 453743
3611 453964
3612 454271
3613 453456
3614 454482
3615 454650
3616 454574
3617 454632
3618 453396
3619 453846
3620 454816
3621 454899
3622 455106
3623 455501
3624 455483
3625 454814
3626 455565
3627 455620
3628 455685
3629 473543
3630 456017
3631 456103
3632 452932
3633 455950
3634 452893
3635 456136
3636 456244
3637 456337
3638 408587
3639 424408
3640 456464
3641 456759
3642 456451
3643 456767
3644 456770
3645 456899
3646 456946
3647 457137
3648 457185
3649 457435
3650 457137
3651 457162
3652 457537
3653 456376
3654 457638
3655 457754
3656 458049
3657 458062
3658 458098
3659 458195
3660 458485
3661 458251
3662 458624
3663 458882
3664 458683
3665 458926
3666 459359
3667 461811
3668 457712
3669 457982
3670 459477
3671 460355
3672 459854
3673 459965
3674 459637
3675 460667
3676 461150
3677 460617
3678 461741
3679 461839
3680 461821
3681 462205
3682 463025
3683 463056
3684 463652
3685 462516
3686 462370
3687 462704
3688 462365
3689 463759
3690 463586
3691 463822
3692 463373
3693 456369
3694 463828
3695 463811
3696 464194
3697 464290
3698 464364
3699 464571
3700 464647
3701 464692
3702 465020
3703 465053
3704 465243
3705 465416
3706 465498
3707 465571
3708 465658
3709 465930
3710 466021
3711 466637
3712 467023
3713 467325
3714 467096
3715 467494
3716 468195
3717 466713
3718 467195
3719 468104
3720 468069
3721 468247
3722 466604
3723 468276
3724 468415
3725 468578
3726 468527
3727 468655
3728 468605
3729 468357
3730 468730
3731 469069
3732 469143
3733 469190
3734 469310
3735 469400
3736 469415
3737 469599
3738 469858
3739 469432
3740 469626
3741 470304
3742 470520
3743 470068
3744 470531
3745 470689
3746 470993
3747 471014
3748 471271
3749 471661
3750 471469
3751 471705
3752 471836
3753 466601
3754 472647
3755 469986
3756 472014
3757 472016
3758 472249
3759 472221
3760 472331
3761 472482
3762 471975
3763 472707
3764 472879
3765 473095
3766 473432
3767 473445
3768 475242
3769 476413
3770 475144
3771 475646
3772 475525
3773 474994
3774 475368
3775 476024
3776 474855
3777 476281
3778 476630
3779 476679
3780 476721
3781 476851
3782 477003
3783 476988
3784 477242
3785 477051
3786 477497
3787 476949
3788 477325
3789 477384
3790 477291
3791 477369
3792 474378
3793 477612
3794 477703
3795 477645
3796 477627
3797 477827
3798 478543
3799 478508
3800 478689
3801 479188
3802 479256
3803 479342
3804 479002
3805 479509
3806 479593
3807 479619
3808 480271
3809 479877
3810 480046
3811 479745
3812 479991
3813 480269
3814 480295
3815 480568
3816 480757
3817 478360
3818 480329
3819 480821
3820 477828
3821 481179
3822 478889
3823 474219
3824 478915
3825 480957
3826 481079
3827 481531
3828 481362
3829 481792
3830 482095
3831 482092
3832 482111
3833 482433
3834 482544
3835 481991
3836 482610
3837 482570
3838 482702
3839 482981
3840 482990
3841 482908
3842 483086
3843 485378
3844 474050
3845 479594
3846 483248
3847 483794
3848 483832
3849 483509
3850 484498
3851 484071
3852 483696
3853 483490
3854 484234
3855 484491
3856 484882
3857 484542
3858 485076
3859 483302
3860 484749
3861 485092
3862 485208
3863 485813
3864 485721
3865 485917
3866 485935
3867 485959
3868 486186
3869 486540
3870 486154
3871 486281
3872 486546
3873 486555
3874 486688
3875 487426
3876 473683
3877 489196
3878 484901
3879 487871
3880 487986
3881 487892
3882 487756
3883 488255
3884 488361
3885 488383
3886 488478
3887 488587
3888 488609
3889 488784
3890 488876
3891 488868
3892 488792
3893 489335
3894 473604
3895 489421
3896 490234
3897 488837
3898 408509
3899 489619
3900 489636
3901 489891
3902 492420
3903 490295
3904 490064
3905 446927
3906 490325
3907 490377
3908 490657
3909 490624
3910 490917
3911 490576
3912 491002
3913 491062
3914 491110
3915 491115
3916 491220
3917 491386
3918 491778
3919 491837
3920 492166
3921 492232
3922 490568
3923 492238
3924 492355
3925 493529
3926 493982
3927 494235
3928 496212
3929 494293
3930 493508
3931 493544
3932 494861
3933 494554
3934 495054
3935 495498
3936 493380
3937 493985
3938 493236
3939 493992
3940 495610
3941 495637
3942 495989
3943 495871
3944 496083
3945 496208
3946 493206
3947 496280
3948 496556
3949 496532
3950 496588
3951 496678
3952 496678
3953 496804
3954 496414
3955 496959
3956 497038
3957 497195
3958 497854
3959 497571
3960 497941
3961 498040
3962 498435
3963 498879
3964 500018
3965 499220
3966 498450
3967 498970
3968 497135
3969 497878
3970 499611
3971 499814
3972 500067
3973 500106
3974 500238
3975 500240
3976 497056
3977 500927
3978 499888
3979 500750
3980 500484
3981 501106
3982 501104
3983 501146
3984 501188
3985 501389
3986 501409
3987 501566
3988 501469
3989 501618
3990 501305
3991 501648
3992 501567
3993 501656
3994 501999
3995 502413
3996 501959
3997 502672
3998 502684
3999 502896
4000 503040
4001 502685
4002 503051
4003 504119
4004 501762
4005 501790
4006 503273
4007 503139
4008 503417
4009 503484
4010 501758
4011 503737
4012 503789
4013 504000
4014 504904
4015 503663
4016 504336
4017 492849
4018 499141
4019 504800
4020 504729
4021 505163
4022 505523
4023 505381
4024 505576
4025 505956
4026 506049
4027 505275
4028 506602
4029 506702
4030 506765
4031 506985
4032 507643
4033 507754
4034 507978
4035 505221
4036 508003
4037 508007
4038 509802
4039 508064
4040 505434
4041 508568
4042 508506
4043 508146
4044 508677
4045 504987
4046 508929
4047 508986
4048 509270
4049 509450
4050 509674
4051 510105
4052 510314
4053 510386
4054 509060
4055 510934
4056 511659
4057 509125
4058 511652
4059 511324
4060 511937
4061 512057
4062 511874
4063 511822
4064 511947
4065 511968
4066 492758
4067 522775
4068 496688
4069 513232
4070 513958
4071 512954
4072 512664
4073 513420
4074 513715
4075 512647
4076 514303
4077 514410
4078 514555
4079 514663
4080 514873
4081 514875
4082 515067
4083 515135
4084 515180
4085 512221
4086 515637
4087 515692
4088 516438
4089 516723
4090 516356
4091 516833
4092 516944
4093 517125
4094 517193
4095 518183
4096 517256
4097 517164
4098 516659
4099 516075
4100 517754
4101 518037
4102 517699
4103 517981
4104 517697
4105 518253
4106 519496
4107 518107
4108 517390
4109 518502
4110 518418
4111 519360
4112 518738
4113 518404
4114 519527
4115 519542
4116 520240
4117 516032
4118 519437
4119 519729
4120 519954
4121 520054
4122 520439
4123 515883
4124 519678
4125 520249
4126 520288
4127 520466
4128 520464
4129 520498
4130 521202
4131 520797
4132 520953
4133 520679
4134 521515
4135 520564
4136 521534
4137 521953
4138 521526
4139 521537
4140 521639
4141 521058
4142 521879
4143 521910
4144 522125
4145 522129
4146 522211
4147 522723
4148 523435
4149 523260
4150 523208
4151 523364
4152 522999
4153 523624
4154 523655
4155 524383
4156 524228
4157 524622
4158 523628
4159 524692
4160 525756
4161 524865
4162 524856
4163 524871
4164 524796
4165 525259
4166 522840
4167 523489
4168 525290
4169 525325
4170 525481
4171 525575
4172 525594
4173 525700
4174 525920
4175 525915
4176 527440
4177 525821
4178 525934
4179 525921
4180 492747
4181 519068
4182 526487
4183 527020
4184 526160
4185 526392
4186 526784
4187 527015
4188 525967
4189 526458
4190 527310
4191 527270
4192 527387
4193 527761
4194 527848
4195 528082
4196 527993
4197 527986
4198 527710
4199 528162
4200 528201
4201 528683
4202 528763
4203 528756
4204 529295
4205 529378
4206 529682
4207 529774
4208 529790
4209 529818
4210 529873
4211 529908
4212 529982
4213 529991
4214 530135
4215 530113
4216 530021
4217 530466
4218 530733
4219 530588
4220 532289
4221 530864
4222 528705
4223 529468
4224 531209
4225 531174
4226 531121
4227 531223
4228 531330
4229 531462
4230 531699
4231 531730
4232 532014
4233 532211
4234 532478
4235 532486
4236 532299
4237 532467
4238 532488
4239 532829
4240 533324
4241 533300
4242 533321
4243 533742
4244 532984
4245 533352
4246 533429
4247 533367
4248 533752
4249 535148
4250 535193
4251 535306
4252 535343
4253 535344
4254 535445
4255 535532
4256 535489
4257 535674
4258 535823
4259 535836
4260 536000
4261 536425
4262 536460
4263 538224
4264 534402
4265 534838
4266 534370
4267 534878
4268 536993
4269 537072
4270 536761
4271 537148
4272 537133
4273 537163
4274 537377
4275 537407
4276 537500
4277 537718
4278 537902
4279 537987
4280 538500
4281 538276
4282 538574
4283 534331
4284 536281
4285 538776
4286 539326
4287 539870
4288 539482
4289 538731
4290 538942
4291 538714
4292 539216
4293 538582
4294 539533
4295 539626
4296 540007
4297 539393
4298 533941
4299 539957
4300 539964
4301 540200
4302 540200
4303 540247
4304 540533
4305 540553
4306 540643
4307 540781
4308 540802
4309 540943
4310 541012
4311 541247
4312 541434
4313 541403
4314 541766
4315 541391
4316 541500
4317 541670
4318 541891
4319 541896
4320 542014
4321 542559
4322 542056
4323 542571
4324 542580
4325 542750
4326 542889
4327 542933
4328 543346
4329 543273
4330 543409
4331 543558
4332 543646
4333 544405
4334 543576
4335 543289
4336 543745
4337 543759
4338 543935
4339 543840
4340 544025
4341 543102
4342 543950
4343 544151
4344 543010
4345 544533
4346 542889
4347 544444
4348 540513
4349 544537
4350 544019
4351 544537
4352 544674
4353 544877
4354 544997
4355 545014
4356 545244
4357 545527
4358 545647
4359 546010
4360 545707
4361 545883
4362 545653
4363 546121
4364 546545
4365 547174
4366 546913
4367 547257
4368 546650
4369 546625
4370 546898
4371 547558
4372 547442
4373 547611
4374 550242
4375 547818
4376 548116
4377 547941
4378 547827
4379 548059
4380 548132
4381 545393
4382 548346
4383 546143
4384 548566
4385 548917
4386 549501
4387 548708
4388 548722
4389 548950
4390 548777
4391 549289
4392 549224
4393 549876
4394 549979
4395 550106
4396 549792
4397 549599
4398 550003
4399 550065
4400 550075
4401 545376
4402 549532
4403 550239
4404 550615
4405 550755
4406 550846
4407 550427
4408 550495
4409 550837
4410 550954
4411 533844
4412 564921
4413 536620
4414 551176
4415 551333
4416 551214
4417 551073
4418 551404
4419 551973
4420 552230
4421 552360
4422 552485
4423 551662
4424 552500
4425 552756
4426 552816
4427 553012
4428 553039
4429 553247
4430 553352
4431 553412
4432 553423
4433 554063
4434 551580
4435 553106
4436 553492
4437 553636
4438 553720
4439 554083
4440 556615
4441 551487
4442 554344
4443 554488
4444 555089
4445 555041
4446 554899
4447 555150
4448 554937
4449 555095
4450 555232
4451 556221
4452 554619
4453 554685
4454 555266
4455 555361
4456 555436
4457 555605
4458 555745
4459 555645
4460 556366
4461 556531
4462 551478
4463 556615
4464 557463
4465 557943
4466 557651
4467 558443
4468 559212
4469 559259
4470 559327
4471 559459
4472 559662
4473 559800
4474 560226
4475 559200
4476 559431
4477 559933
4478 560275
4479 560053
4480 558695
4481 560199
4482 560603
4483 560417
4484 558692
4485 559636
4486 560646
4487 560620
4488 560798
4489 561194
4490 561201
4491 561423
4492 561565
4493 561500
4494 558542
4495 561545
4496 558467
4497 562907
4498 560100
4499 561889
4500 562162
4501 562186
4502 561779
4503 562442
4504 562493
4505 562476
4506 561705
4507 562802
4508 562227
4509 562528
4510 562555
4511 551030
4512 562620
4513 563066
4514 563116
4515 563460
4516 563475
4517 563603
4518 564045
4519 562267
4520 563875
4521 563919
4522 563933
4523 563941
4524 563948
4525 563608
4526 564130
4527 564189
4528 564215
4529 564326
4530 564777
4531 564852
4532 564122
4533 565120
4534 565355
4535 565740
4536 565913
4537 565872
4538 566059
4539 566134
4540 566003
4541 564961
4542 566171
4543 566222
4544 566244
4545 566857
4546 567128
4547 567175
4548 567475
4549 566859
4550 566404
4551 566926
4552 566306
4553 567467
4554 567473
4555 567958
4556 568029
4557 567968
4558 568667
4559 568753
4560 570067
4561 568788
4562 569223
4563 568502
4564 567935
4565 569489
4566 569574
4567 569276
4568 569726
4569 569441
4570 569821
4571 569947
4572 570523
4573 569955
4574 567847
4575 569634
4576 570124
4577 570150
4578 570352
4579 570905
4580 570599
4581 567845
4582 570907
4583 571308
4584 571642
4585 571832
4586 571821
4587 572220
4588 571417
4589 572191
4590 572233
4591 572544
4592 571889
4593 571270
4594 572062
4595 571127
4596 572160
4597 570988
4598 572363
4599 572456
4600 572584
4601 573360
4602 573724
4603 573777
4604 573936
4605 573532
4606 574322
4607 573378
4608 573441
4609 574017
4610 574247
4611 574292
4612 574347
4613 574451
4614 574520
4615 574565
4616 574630
4617 574795
4618 574755
4619 574702
4620 574876
4621 575382
4622 574969
4623 575123
4624 575661
4625 576036
4626 574499
4627 576100
4628 575638
4629 576171
4630 576542
4631 576568
4632 577083
4633 577128
4634 576631
4635 576718
4636 577508
4637 576600
4638 577616
4639 578148
4640 578305
4641 578492
4642 578142
4643 578564
4644 578641
4645 579179
4646 579222
4647 579443
4648 579502
4649 579624
4650 579599
4651 579832
4652 579817
4653 579856
4654 579862
4655 580317
4656 580509
4657 580428
4658 580636
4659 567615
4660 582390
4661 576483
4662 580669
4663 580806
4664 580816
4665 581689
4666 580956
4667 581153
4668 581191
4669 581525
4670 581624
4671 580995
4672 581801
4673 581997
4674 582055
4675 582132
4676 582503
4677 582578
4678 582627
4679 582786
4680 582629
4681 582906
4682 582996
4683 583046
4684 583182
4685 583074
4686 583314
4687 583383
4688 582502
4689 588618
4690 583378
4691 567610
4692 583467
4693 573073
4694 583775
4695 583853
4696 584056
4697 584480
4698 584740
4699 585153
4700 584414
4701 585343
4702 585455
4703 585740
4704 585188
4705 585483
4706 585214
4707 585696
4708 583980
4709 585905
4710 586746
4711 585960
4712 584143
4713 583921
4714 584356
4715 586237
4716 586200
4717 586241
4718 586330
4719 586331
4720 586171
4721 586727
4722 586700
4723 586068
4724 586836
4725 583606
4726 587411
4727 587930
4728 588158
4729 588170
4730 588377
4731 587871
4732 588219
4733 588215
4734 588435
4735 589806
4736 589803
4737 589398
4738 589888
4739 589921
4740 590137
4741 590318
4742 590748
4743 591313
4744 591255
4745 592573
4746 591149
4747 589256
4748 589627
4749 591546
4750 591554
4751 591978
4752 592444
4753 591507
4754 592357
4755 592395
4756 592404
4757 592582
4758 592681
4759 594793
4760 589232
4761 589739
4762 593195
4763 593458
4764 593577
4765 593516
4766 593146
4767 593581
4768 593644
4769 593758
4770 593837
4771 594178
4772 594422
4773 594202
4774 592754
4775 593835
4776 594389
4777 594274
4778 594555
4779 592732
4780 594854
4781 594955
4782 594889
4783 615707
4784 567603
4785 570371
4786 595616
4787 596617
4788 596965
4789 596919
4790 597055
4791 597131
4792 597147
4793 597341
4794 596249
4795 597878
4796 596876
4797 597498
4798 597519
4799 597809
4800 597420
4801 598409
4802 596185
4803 599288
4804 598464
4805 595322
4806 598846
4807 598828
4808 597662
4809 598879
4810 599022
4811 598869
4812 599211
4813 599187
4814 599415
4815 595168
4816 599579
4817 599791
4818 599799
4819 599723
4820 599784
4821 600054
4822 600098
4823 600343
4824 600470
4825 600199
4826 600530
4827 600735
4828 600601
4829 600891
4830 601274
4831 601317
4832 601378
4833 601776
4834 602162
4835 603498
4836 602300
4837 602882
4838 600109
4839 600702
4840 603317
4841 603330
4842 603364
4843 603556
4844 603547
4845 603654
4846 603738
4847 600100
4848 604325
4849 604007
4850 603843
4851 605304
4852 604139
4853 595139
4854 601103
4855 604414
4856 604375
4857 604425
4858 604533
4859 604552
4860 604833
4861 605209
4862 604927
4863 604868
4864 604634
4865 605143
4866 605105
4867 605212
4868 606585
4869 606705
4870 605344
4871 605434
4872 605316
4873 605994
4874 595084
4875 610422
4876 601210
4877 606863
4878 606965
4879 607106
4880 607100
4881 607121
4882 607810
4883 608108
4884 607665
4885 607608
4886 607680
4887 608040
4888 607193
4889 608166
4890 608399
4891 608438
4892 608208
4893 608271
4894 608563
4895 608611
4896 608694
4897 608887
4898 608757
4899 609031
4900 609368
4901 609452
4902 609516
4903 609663
4904 610246
4905 609699
4906 610249
4907 610356
4908 610707
4909 610701
4910 610640
4911 610721
4912 610723
4913 610777
4914 611053
4915 611205
4916 615691
4917 594973
4918 605937
4919 611762
4920 612130
4921 612160
4922 612568
4923 612538
4924 613429
4925 612203
4926 612237
4927 612621
4928 612752
4929 611643
4930 612936
4931 612353
4932 613113
4933 611523
4934 613239
4935 613294
4936 613390
4937 613402
4938 613442
4939 613588
4940 613452
4941 613521
4942 613861
4943 614065
4944 613905
4945 614240
4946 614245
4947 614371
4948 614356
4949 614476
4950 614256
4951 614420
4952 614426
4953 614906
4954 614672
4955 615123
4956 613898
4957 615468
4958 615295
4959 615016
4960 615394
4961 615680
4962 615944
4963 616181
4964 616232
4965 617012
4966 617171
4967 616797
4968 616319
4969 616875
4970 617060
4971 616302
4972 617508
4973 617689
4974 617679
4975 618166
4976 617852
4977 618169
4978 618276
4979 618232
4980 618542
4981 618668
4982 619237
4983 619324
4984 619356
4985 619371
4986 619509
4987 567569
4988 619859
4989 619838
4990 593617
4991 620841
4992 621513
4993 621556
4994 621762
4995 621213
4996 621940
4997 621022
4998 622210
4999 623778
5000 622230
5001 622134
5002 622299
5003 622073
5004 621814
5005 620884
5006 621816
5007 622343
5008 622588
5009 622631
5010 622695
5011 623051
5012 623068
5013 623676
5014 623446
5015 623681
5016 623842
5017 620774
5018 623290
5019 623957
5020 624568
5021 624792
5022 624184
5023 625365
5024 620727
5025 623132
5026 624844
5027 624948
5028 625013
5029 624965
5030 625016
5031 625086
5032 625148
5033 625216
5034 625826
5035 626106
5036 620725
5037 625129
5038 625862
5039 626091
5040 625880
5041 626272
5042 620636
5043 626386
5044 626483
5045 626712
5046 626533
5047 627035
5048 627054
5049 627552
5050 627192
5051 627747
5052 628037
5053 627925
5054 628188
5055 628265
5056 628335
5057 628420
5058 627123
5059 628473
5060 629553
5061 627464
5062 628591
5063 629009
5064 629119
5065 629101
5066 629235
5067 629168
5068 629326
5069 629634
5070 629630
5071 629725
5072 629821
5073 629836
5074 626477
5075 629870
5076 629847
5077 629904
5078 630113
5079 630306
5080 630497
5081 630895
5082 630942
5083 630990
5084 631032
5085 630520
5086 631141
5087 631197
5088 631417
5089 631672
5090 631389
5091 631792
5092 633268
5093 631945
5094 629936
5095 632066
5096 632261
5097 630670
5098 632458
5099 633233
5100 632369
5101 632760
5102 632981
5103 632367
5104 632797
5105 633160
5106 633494
5107 633795
5108 633309
5109 633904
5110 633895
5111 634193
5112 634382
5113 634354
5114 634507
5115 634746
5116 634898
5117 634959
5118 634971
5119 635403
5120 635075
5121 634317
5122 635230
5123 634265
5124 635414
5125 635975
5126 635945
5127 635844
5128 636351
5129 635712
5130 636065
5131 636349
5132 636103
5133 635658
5134 636371
5135 636485
5136 636548
5137 636694
5138 637015
5139 636823
5140 636663
5141 637112
5142 635481
5143 637684
5144 637373
5145 637475
5146 637478
5147 637378
5148 637545
5149 637702
5150 637722
5151 638055
5152 638080
5153 638029
5154 638157
5155 638240
5156 638127
5157 638322
5158 638414
5159 638738
5160 643026
5161 638482
5162 639028
5163 620244
5164 639162
5165 635400
5166 639367
5167 639303
5168 639568
5169 639583
5170 639678
5171 640197
5172 640404
5173 640088
5174 639281
5175 640163
5176 639202
5177 640520
5178 640801
5179 640970
5180 641176
5181 641192
5182 641338
5183 641486
5184 641543
5185 641551
5186 641731
5187 641871
5188 642060
5189 641974
5190 642145
5191 641807
5192 642410
5193 642575
5194 642684
5195 642820
5196 642892
5197 642766
5198 642931
5199 643054
5200 643061
5201 643207
5202 643318
5203 643507
5204 643760
5205 643859
5206 619967
5207 687084
5208 635874
5209 385
5210 305154
5211 644895
5212 645365
5213 645389
5214 645604
5215 645667
5216 645777
5217 646379
5218 646387
5219 646456
5220 644639
5221 647316
5222 645335
5223 646619
5224 646632
5225 646686
5226 646675
5227 646958
5228 647046
5229 647498
5230 647494
5231 644364
5232 647651
5233 647855
5234 648412
5235 648483
5236 647769
5237 648576
5238 649443
5239 649528
5240 649712
5241 650026
5242 650153
5243 650154
5244 650197
5245 650308
5246 650460
5247 648627
5248 651191
5249 649425
5250 644278
5251 650751
5252 650710
5253 650754
5254 650758
5255 650884
5256 650994
5257 651093
5258 651199
5259 651144
5260 651201
5261 651426
5262 651628
5263 651901
5264 652532
5265 652688
5266 652818
5267 653114
5268 651973
5269 652253
5270 653058
5271 652819
5272 651950
5273 653237
5274 653254
5275 653684
5276 653972
5277 653601
5278 653982
5279 654080
5280 654082
5281 653325
5282 654174
5283 654422
5284 654655
5285 654739
5286 654660
5287 654786
5288 654815
5289 655646
5290 655648
5291 655535
5292 656009
5293 655675
5294 651539
5295 655676
5296 655706
5297 654387
5298 655758
5299 655846
5300 655980
5301 656119
5302 656167
5303 656440
5304 656447
5305 656489
5306 656715
5307 656913
5308 657027
5309 657225
5310 657276
5311 657299
5312 657453
5313 657392
5314 657564
5315 657348
5316 657629
5317 658169
5318 657569
5319 658250
5320 658367
5321 658272
5322 658624
5323 658772
5324 658856
5325 658918
5326 658937
5327 659103
5328 659124
5329 659230
5330 659288
5331 659401
5332 659413
5333 659444
5334 659767
5335 659646
5336 659983
5337 659855
5338 660060
5339 660125
5340 660221
5341 660790
5342 660898
5343 660916
5344 661191
5345 661089
5346 661228
5347 661492
5348 661538
5349 661749
5350 661782
5351 662583
5352 662858
5353 663306
5354 662050
5355 662310
5356 662868
5357 663009
5358 661735
5359 662322
5360 663128
5361 663102
5362 663099
5363 663115
5364 663689
5365 661451
5366 663692
5367 663728
5368 664668
5369 664164
5370 664938
5371 664517
5372 664071
5373 664612
5374 665107
5375 664011
5376 665202
5377 665827
5378 665684
5379 665605
5380 666103
5381 666248
5382 666431
5383 666812
5384 666806
5385 666234
5386 666391
5387 666826
5388 666838
5389 666109
5390 666897
5391 667147
5392 667182
5393 667142
5394 665427
5395 667144
5396 651272
5397 667193
5398 679347
5399 653524
5400 667447
5401 667567
5402 667474
5403 667590
5404 667328
5405 667754
5406 668217
5407 668224
5408 668255
5409 668133
5410 668413
5411 668683
5412 668877
5413 668844
5414 669701
5415 669627
5416 670189
5417 670072
5418 668660
5419 668770
5420 668619
5421 670080
5422 671162
5423 670209
5424 670622
5425 670185
5426 670136
5427 670840
5428 671120
5429 670671
5430 670907
5431 671284
5432 671454
5433 671472
5434 671371
5435 671428
5436 667930
5437 671450
5438 671643
5439 671873
5440 672093
5441 672130
5442 672266
5443 671902
5444 672137
5445 667245
5446 672309
5447 672572
5448 672631
5449 672309
5450 672848
5451 672869
5452 673564
5453 673919
5454 674043
5455 674150
5456 673020
5457 675497
5458 676181
5459 675496
5460 674893
5461 675629
5462 675659
5463 675856
5464 674806
5465 675577
5466 676429
5467 675923
5468 674731
5469 676151
5470 676109
5471 674695
5472 676187
5473 676326
5474 676293
5475 676452
5476 676429
5477 674570
5478 676580
5479 676596
5480 676761
5481 676896
5482 676863
5483 676965
5484 676791
5485 677112
5486 677218
5487 677008
5488 677224
5489 677435
5490 677468
5491 677626
5492 677639
5493 677664
5494 677707
5495 678426
5496 678502
5497 678881
5498 678832
5499 678099
5500 678642
5501 679296
5502 674460
5503 679351
5504 679401
5505 679585
5506 679570
5507 679559
5508 679840
5509 680230
5510 680244
5511 680655
5512 679929
5513 680483
5514 680656
5515 680698
5516 681014
5517 681237
5518 681361
5519 681410
5520 681479
5521 681843
5522 681908
5523 682025
5524 681966
5525 682126
5526 682166
5527 682187
5528 682200
5529 682237
5530 682542
5531 681798
5532 682664
5533 682688
5534 682721
5535 682805
5536 682807
5537 682864
5538 683208
5539 683211
5540 683165
5541 683284
5542 683325
5543 683515
5544 683777
5545 681647
5546 683989
5547 683809
5548 683782
5549 683590
5550 683903
5551 683925
5552 684088
5553 681519
5554 685407
5555 682979
5556 684240
5557 684414
5558 684381
5559 686550
5560 684709
5561 684113
5562 684820
5563 684434
5564 684866
5565 685149
5566 685514
5567 685874
5568 685988
5569 685924
5570 644195
5571 685038
5572 685991
5573 686177
5574 686498
5575 686695
5576 686624
5577 686626
5578 688356
5579 688371
5580 688428
5581 688439
5582 688435
5583 688262
5584 688495
5585 689332
5586 688661
5587 689798
5588 690354
5589 690414
5590 690696
5591 690331
5592 690534
5593 687784
5594 690547
5595 690861
5596 691412
5597 691327
5598 691059
5599 691454
5600 691544
5601 691951
5602 691461
5603 691927
5604 692403
5605 692449
5606 692537
5607 692650
5608 692900
5609 693236
5610 693573
5611 692961
5612 693934
5613 694086
5614 694147
5615 694175
5616 695285
5617 696020
5618 695538
5619 692942
5620 694981
5621 692941
5622 695024
5623 695958
5624 695829
5625 695927
5626 687626
5627 694116
5628 696222
5629 696078
5630 696788
5631 696567
5632 696871
5633 697265
5634 697495
5635 696889
5636 697274
5637 687625
5638 697528
5639 698387
5640 698339
5641 698527
5642 699251
5643 699124
5644 698602
5645 699263
5646 699385
5647 699561
5648 698181
5649 699599
5650 699617
5651 699804
5652 699885
5653 700063
5654 700971
5655 699756
5656 700166
5657 700525
5658 700933
5659 700982
5660 701091
5661 701331
5662 701111
5663 701546
5664 701911
5665 702033
5666 702068
5667 702164
5668 702220
5669 702581
5670 702770
5671 698099
5672 702479
5673 702745
5674 702869
5675 698076
5676 702714
5677 702863
5678 703015
5679 697953
5680 703146
5681 703344
5682 703295
5683 703432
5684 703894
5685 704311
5686 704349
5687 704443
5688 704576
5689 704612
5690 704882
5691 705342
5692 705517
5693 706296
5694 705776
5695 703877
5696 705716
5697 703543
5698 707650
5699 706139
5700 703815
5701 706749
5702 706767
5703 707091
5704 707282
5705 706360
5706 707414
5707 706404
5708 706336
5709 706628
5710 707308
5711 707453
5712 707568
5713 707571
5714 707701
5715 703537
5716 707766
5717 707807
5718 707941
5719 708177
5720 708268
5721 708298
5722 708310
5723 708668
5724 709465
5725 708668
5726 708464
5727 708850
5728 708940
5729 708954
5730 708411
5731 708517
5732 709062
5733 710653
5734 709014
5735 708354
5736 709550
5737 709650
5738 709116
5739 708743
5740 709869
5741 709860
5742 709798
5743 710791
5744 711132
5745 711260
5746 710832
5747 711169
5748 711290
5749 711388
5750 711874
5751 712766
5752 711701
5753 711760
5754 712798
5755 712809
5756 713325
5757 713470
5758 713478
5759 713630
5760 713652
5761 714702
5762 713889
5763 715455
5764 713895
5765 714879
5766 713918
5767 713041
5768 715037
5769 715037
5770 715469
5771 715974
5772 716205
5773 716160
5774 716862
5775 713824
5776 716452
5777 716228
5778 716585
5779 716738
5780 716595
5781 716678
5782 716926
5783 717470
5784 717614
5785 717610
5786 717742
5787 717953
5788 717976
5789 718281
5790 718094
5791 718599
5792 719179
5793 719027
5794 718925
5795 719233
5796 719718
5797 719727
5798 719891
5799 720462
5800 720235
5801 721283
5802 720264
5803 720517
5804 720421
5805 720931
5806 721014
5807 721379
5808 721462
5809 723403
5810 719437
5811 721517
5812 721862
5813 721891
5814 721930
5815 718887
5816 719516
5817 722031
5818 722039
5819 722330
5820 722413
5821 721976
5822 722445
5823 722662
5824 723365
5825 723382
5826 723392
5827 722566
5828 723575
5829 723670
5830 723791
5831 734072
5832 723522
5833 723969
5834 697935
5835 705416
5836 724288
5837 724197
5838 724611
5839 724834
5840 724518
5841 724126
5842 724689
5843 725009
5844 725065
5845 725088
5846 725103
5847 725330
5848 725613
5849 725823
5850 726008
5851 724025
5852 726036
5853 726518
5854 726587
5855 727482
5856 728045
5857 727004
5858 727585
5859 726580
5860 727326
5861 726454
5862 728252
5863 728867
5864 728480
5865 728342
5866 727453
5867 728769
5868 728983
5869 728879
5870 729024
5871 729483
5872 729521
5873 726279
5874 730107
5875 728381
5876 729578
5877 729703
5878 729678
5879 729697
5880 730058
5881 729827
5882 730284
5883 730382
5884 730736
5885 726204
5886 729068
5887 730720
5888 730394
5889 730780
5890 730957
5891 730924
5892 731038
5893 731014
5894 731147
5895 731378
5896 731183
5897 731613
5898 731846
5899 731976
5900 732031
5901 732282
5902 732471
5903 733088
5904 732763
5905 733524
5906 732935
5907 733131
5908 732974
5909 733223
5910 733351
5911 732389
5912 733587
5913 733840
5914 733620
5915 734187
5916 734385
5917 734911
5918 734557
5919 735070
5920 735222
5921 735382
5922 735466
5923 735791
5924 734495
5925 735569
5926 735661
5927 735634
5928 735566
5929 735756
5930 735969
5931 736054
5932 734165
5933 736113
5934 736219
5935 736848
5936 736943
5937 736952
5938 737264
5939 736212
5940 737281
5941 736697
5942 736113
5943 736824
5944 737303
5945 737355
5946 737440
5947 737492
5948 737464
5949 737604
5950 737863
5951 737902
5952 738099
5953 738131
5954 737595
5955 738169
5956 738337
5957 738365
5958 738369
5959 738370
5960 738671
5961 738632
5962 738887
5963 738445
5964 738722
5965 734114
5966 738746
5967 739125
5968 738651
5969 738898
5970 739142
5971 739266
5972 697874
5973 739414
5974 739685
5975 740358
5976 740273
5977 740383
5978 740698
5979 740437
5980 740878
5981 740956
5982 741007
5983 740957
5984 741938
5985 741941
5986 741476
5987 740268
5988 741497
5989 742025
5990 742267
5991 740203
5992 740717
5993 742084
5994 742239
5995 742353
5996 742609
5997 743123
5998 743284
5999 743158
6000 743368
6001 743717
6002 740199
6003 743753
6004 744042
6005 744211
6006 744770
6007 744488
6008 744194
6009 744943
6010 745122
6011 746164
6012 745757
6013 745828
6014 745651
6015 745833
6016 744175
6017 745623
6018 745879
6019 744158
6020 746663
6021 746405
6022 746037
6023 747116
6024 747958
6025 744041
6026 746563
6027 747266
6028 747468
6029 749256
6030 743913
6031 746240
6032 747973
6033 748067
6034 747971
6035 748128
6036 748248
6037 748097
6038 748602
6039 749027
6040 743809
6041 747672
6042 749100
6043 749099
6044 749288
6045 749368
6046 749409
6047 749499
6048 749639
6049 749668
6050 749778
6051 749839
6052 750360
6053 750927
6054 750432
6055 750993
6056 751785
6057 750354
6058 751023
6059 751165
6060 751456
6061 751641
6062 750153
6063 752114
6064 752342
6065 752668
6066 752207
6067 740155
6068 752715
6069 752725
6070 752827
6071 753018
6072 753411
6073 753032
6074 753563
6075 754181
6076 753652
6077 754202
6078 754245
6079 752667
6080 754442
6081 754490
6082 754796
6083 755151
6084 755164
6085 755370
6086 756039
6087 755931
6088 755641
6089 755251
6090 756086
6091 756610
6092 755456
6093 756572
6094 756595
6095 756751
6096 756640
6097 757237
6098 757357
6099 757382
6100 757735
6101 754715
6102 755678
6103 757495
6104 757601
6105 757556
6106 758130
6107 758181
6108 758264
6109 758457
6110 757826
6111 758323
6112 758342
6113 758396
6114 754525
6115 758590
6116 758989
6117 759071
6118 759460
6119 759554
6120 759577
6121 759618
6122 759619
6123 759662
6124 759752
6125 759845
6126 759982
6127 759861
6128 759142
6129 759787
6130 760301
6131 760226
6132 760414
6133 760454
6134 760512
6135 761598
6136 761519
6137 760975
6138 761745
6139 762109
6140 762292
6141 762830
6142 762198
6143 762409
6144 760869
6145 762061
6146 760691
6147 762418
6148 762533
6149 762734
6150 762737
6151 765185
6152 760702
6153 754499
6154 763320
6155 763099
6156 763429
6157 763676
6158 763984
6159 764475
6160 764134
6161 764472
6162 764425
6163 764511
6164 764514
6165 764690
6166 764634
6167 765046
6168 765264
6169 765280
6170 765397
6171 765507
6172 765561
6173 765587
6174 765588
6175 765974
6176 766168
6177 765794
6178 765864
6179 766281
6180 766343
6181 766364
6182 766404
6183 766433
6184 767079
6185 766646
6186 766509
6187 767042
6188 767148
6189 767227
6190 767407
6191 767830
6192 767648
6193 767832
6194 767842
6195 768200
6196 768687
6197 768429
6198 768736
6199 768893
6200 768975
6201 769161
6202 773478
6203 765385
6204 769414
6205 769198
6206 769938
6207 769548
6208 769961
6209 770528
6210 771391
6211 770563
6212 770772
6213 770809
6214 770462
6215 770634
6216 772518
6217 770990
6218 770410
6219 771359
6220 771852
6221 770221
6222 772037
6223 771055
6224 770163
6225 771125
6226 772080
6227 772138
6228 772345
6229 772540
6230 772598
6231 769961
6232 772761
6233 773242
6234 772897
6235 773272
6236 773534
6237 773582
6238 773603
6239 773639
6240 773657
6241 773580
6242 773704
6243 773712
6244 773977
6245 773993
6246 773846
6247 774063
6248 773826
6249 774320
6250 774419
6251 774567
6252 774706
6253 774792
6254 774971
6255 775352
6256 774764
6257 775430
6258 775729
6259 775821
6260 775735
6261 775916
6262 775939
6263 776021
6264 776423
6265 776515
6266 776657
6267 776678
6268 776790
6269 776830
6270 776979
6271 773562
6272 777079
6273 777966
6274 777028
6275 778000
6276 778031
6277 778338
6278 778425
6279 778515
6280 778517
6281 778552
6282 779065
6283 779355
6284 779407
6285 779637
6286 779014
6287 779661
6288 780082
6289 780084
6290 779958
6291 780350
6292 780420
6293 780375
6294 780723
6295 781150
6296 781178
6297 781226
6298 781654
6299 781672
6300 778763
6301 781778
6302 782309
6303 781815
6304 782543
6305 782670
6306 782942
6307 783013
6308 782793
6309 782797
6310 783018
6311 783380
6312 782631
6313 783407
6314 783608
6315 784002
6316 784224
6317 784372
6318 784237
6319 784910
6320 784012
6321 784675
6322 784735
6323 784772
6324 785020
6325 785783
6326 785772
6327 785928
6328 785958
6329 786620
6330 785965
6331 785592
6332 786696
6333 787350
6334 787325
6335 787154
6336 787500
6337 787506
6338 787618
6339 786791
6340 787665
6341 787666
6342 787920
6343 788088
6344 787951
6345 788269
6346 788626
6347 789166
6348 789044
6349 789122
6350 788470
6351 788785
6352 789342
6353 788455
6354 789456
6355 789489
6356 789567
6357 789584
6358 790241
6359 790583
6360 789737
6361 785549
6362 790876
6363 791476
6364 790494
6365 787762
6366 785342
6367 787911
6368 791298
6369 791101
6370 791586
6371 791684
6372 791698
6373 791634
6374 791765
6375 791536
6376 792182
6377 792324
6378 792343
6379 794606
6380 792425
6381 792703
6382 792393
6383 793482
6384 791493
6385 794252
6386 793250
6387 794478
6388 794785
6389 785326
6390 795861
6391 788394
6392 794800
6393 794796
6394 794934
6395 795044
6396 795124
6397 795076
6398 795177
6399 795297
6400 795316
6401 795332
6402 795457
6403 795479
6404 795501
6405 795891
6406 795938
6407 796165
6408 795900
6409 796058
6410 795877
6411 796184
6412 796293
6413 797294
6414 797380
6415 797494
6416 797640
6417 796879
6418 797316
6419 797316
6420 798105
6421 797950
6422 796521
6423 798108
6424 798624
6425 798308
6426 798763
6427 798813
6428 798897
6429 798997
6430 799119
6431 740113
6432 799135
6433 800456
6434 800684
6435 800772
6436 800634
6437 800936
6438 800847
6439 800923
6440 800937
6441 801245
6442 801422
6443 801437
6444 801794
6445 801422
6446 801595
6447 801819
6448 801879
6449 802032
6450 802455
6451 802565
6452 802399
6453 802169
6454 802479
6455 802492
6456 802694
6457 806377
6458 800135
6459 803628
6460 804386
6461 804887
6462 803785
6463 803732
6464 803851
6465 803593
6466 804747
6467 805136
6468 806039
6469 803504
6470 803582
6471 805304
6472 805403
6473 805436
6474 805485
6475 805163
6476 805649
6477 805820
6478 805866
6479 806255
6480 807336
6481 803368
6482 804409
6483 799871
6484 804503
6485 806735
6486 806652
6487 806798
6488 806869
6489 806463
6490 807322
6491 806849
6492 807173
6493 807475
6494 807856
6495 808303
6496 808366
6497 808522
6498 799522
6499 809126
6500 809192
6501 809656
6502 809578
6503 810171
6504 810204
6505 809861
6506 810384
6507 810288
6508 809746
6509 810624
6510 810509
6511 810656
6512 811038
6513 811110
6514 811065
6515 811238
6516 811418
6517 811687
6518 811608
6519 812116
6520 811565
6521 813830
6522 811733
6523 811510
6524 811994
6525 812140
6526 812276
6527 812445
6528 812464
6529 812483
6530 812525
6531 812607
6532 810869
6533 811745
6534 810663
6535 811875
6536 812758
6537 812794
6538 813522
6539 812668
6540 813435
6541 813260
6542 814200
6543 814062
6544 814075
6545 814274
6546 814323
6547 814465
6548 814630
6549 814740
6550 814457
6551 814383
6552 814688
6553 814709
6554 815250
6555 809244
6556 815770
6557 814649
6558 815361
6559 815395
6560 815477
6561 815889
6562 815973
6563 816979
6564 817441
6565 817049
6566 817462
6567 816881
6568 817273
6569 817604
6570 816604
6571 818198
6572 818258
6573 818284
6574 819165
6575 819253
6576 819305
6577 819603
6578 818593
6579 816492
6580 819578
6581 819387
6582 819593
6583 819725
6584 819787
6585 819757
6586 820280
6587 820669
6588 821053
6589 820347
6590 820695
6591 821090
6592 821145
6593 821433
6594 821455
6595 821545
6596 821977
6597 822026
6598 822138
6599 822165
6600 821667
6601 823347
6602 822313
6603 822424
6604 822451
6605 821472
6606 821759
6607 822478
6608 823827
6609 822492
6610 822700
6611 822926
6612 823364
6613 823446
6614 823395
6615 816213
6616 822122
6617 823616
6618 823783
6619 824025
6620 824934
6621 824393
6622 825006
6623 825135
6624 799417
6625 825214
6626 825532
6627 825603
6628 825931
6629 825684
6630 825221
6631 826038
6632 827484
6633 827061
6634 827671
6635 826997
6636 827016
6637 827602
6638 827724
6639 826658
6640 827950
6641 828178
6642 828271
6643 828299
6644 828410
6645 828576
6646 828710
6647 828952
6648 828959
6649 829767
6650 829810
6651 829820
6652 829899
6653 828133
6654 830168
6655 830026
6656 828116
6657 830181
6658 830182
6659 830319
6660 830328
6661 830490
6662 830617
6663 830617
6664 831089
6665 831150
6666 831253
6667 831224
6668 831431
6669 831504
6670 831995
6671 830872
6672 830617
6673 830938
6674 831586
6675 831688
6676 831692
6677 831994
6678 832195
6679 832337
6680 832443
6681 832563
6682 832561
6683 832446
6684 832581
6685 826524
6686 832662
6687 832663
6688 832769
6689 832602
6690 832856
6691 833000
6692 833156
6693 833133
6694 833030
6695 833231
6696 833861
6697 833968
6698 833969
6699 834348
6700 834453
6701 834507
6702 834628
6703 834756
6704 834837
6705 834890
6706 834946
6707 833013
6708 834988
6709 834222
6710 832998
6711 835195
6712 835186
6713 835576
6714 835619
6715 835867
6716 836042
6717 836279
6718 836614
6719 836621
6720 837409
6721 834109
6722 836770
6723 837052
6724 836630
6725 837282
6726 837325
6727 836879
6728 837379
6729 837373
6730 837674
6731 837749
6732 837713
6733 837474
6734 837809
6735 837846
6736 837886
6737 837890
6738 838049
6739 838331
6740 832881
6741 840101
6742 837189
6743 838675
6744 838688
6745 838807
6746 838797
6747 838625
6748 838944
6749 839197
6750 839233
6751 839257
6752 839272
6753 839335
6754 839711
6755 840224
6756 840548
6757 840346
6758 840652
6759 842076
6760 841939
6761 842924
6762 841692
6763 841767
6764 841549
6765 842150
6766 842571
6767 842174
6768 841358
6769 842306
6770 842919
6771 841284
6772 842965
6773 843281
6774 843196
6775 843326
6776 843468
6777 843477
6778 843478
6779 843796
6780 843929
6781 844067
6782 844088
6783 844304
6784 844198
6785 844490
6786 844654
6787 844600
6788 844624
6789 841121
6790 843537
6791 845011
6792 845084
6793 845880
6794 845968
6795 846189
6796 844965
6797 845732
6798 846495
6799 846696
6800 846463
6801 840752
6802 844300
6803 846647
6804 846792
6805 846907
6806 847147
6807 847523
6808 847075
6809 847299
6810 847417
6811 847111
6812 846749
6813 847624
6814 847812
6815 848200
6816 847953
6817 848483
6818 848559
6819 848894
6820 849076
6821 849512
6822 848919
6823 849123
6824 849534
6825 849592
6826 848491
6827 849706
6828 850215
6829 850261
6830 850397
6831 850863
6832 850930
6833 849894
6834 851106
6835 851259
6836 851292
6837 851764
6838 851809
6839 852167
6840 852224
6841 852301
6842 852603
6843 852820
6844 853172
6845 852914
6846 852460
6847 853026
6848 853266
6849 849722
6850 853476
6851 853703
6852 853895
6853 853995
6854 854275
6855 854375
6856 855767
6857 854474
6858 854028
6859 854733
6860 854899
6861 854757
6862 855025
6863 855384
6864 854379
6865 855705
6866 855921
6867 855876
6868 856044
6869 856056
6870 853853
6871 856117
6872 856240
6873 857513
6874 857525
6875 858174
6876 857552
6877 858148
6878 857713
6879 858311
6880 859915
6881 857231
6882 858706
6883 858757
6884 859068
6885 859540
6886 859620
6887 859743
6888 859767
6889 861502
6890 856961
6891 857903
6892 860695
6893 860028
6894 861128
6895 860511
6896 861258
6897 862590
6898 861759
6899 862935
6900 861543
6901 862923
6902 862606
6903 856518
6904 863024
6905 863290
6906 863107
6907 863593
6908 863665
6909 863606
6910 863704
6911 864338
6912 864683
6913 864745
6914 864581
6915 864696
6916 865808
6917 864475
6918 865039
6919 865424
6920 865541
6921 865182
6922 865633
6923 865680
6924 864217
6925 864984
6926 865870
6927 865954
6928 866203
6929 866440
6930 866468
6931 866586
6932 866532
6933 863990
6934 865782
6935 866724
6936 867058
6937 867067
6938 867194
6939 867249
6940 867304
6941 866648
6942 856421
6943 866699
6944 867265
6945 867380
6946 867479
6947 867753
6948 856279
6949 868043
6950 867774
6951 868178
6952 868282
6953 868341
6954 868658
6955 868994
6956 869100
6957 869207
6958 869300
6959 868204
6960 869704
6961 869760
6962 869778
6963 869837
6964 870244
6965 870469
6966 870740
6967 870552
6968 870403
6969 853843
6970 870795
6971 871048
6972 870588
6973 869953
6974 870966
6975 870859
6976 871104
6977 871314
6978 871369
6979 871493
6980 871443
6981 871686
6982 872245
6983 872759
6984 872240
6985 872474
6986 872140
6987 873322
6988 872407
6989 873083
6990 871881
6991 873211
6992 873424
6993 874031
6994 873793
6995 874147
6996 874191
6997 874520
6998 874644
6999 875119
7000 875260
7001 875211
7002 875413
7003 875436
7004 875582
7005 875695
7006 876056
7007 876277
7008 876927
7009 875911
7010 876524
7011 875811
7012 876852
7013 876466
7014 799248
7015 876915
7016 885177
7017 858899
7018 877220
7019 877250
7020 877290
7021 877708
7022 877748
7023 878322
7024 878355
7025 878426
7026 878565
7027 878583
7028 878814
7029 878972
7030 879179
7031 879017
7032 879230
7033 879440
7034 879762
7035 877080
7036 879854
7037 879891
7038 880040
7039 880013
7040 880361
7041 880659
7042 880589
7043 880638
7044 880536
7045 880765
7046 880910
7047 881211
7048 881330
7049 881548
7050 881515
7051 881548
7052 881625
7053 883075
7054 882971
7055 882048
7056 883779
7057 881662
7058 883418
7059 883694
7060 883815
7061 881653
7062 883777
7063 883866
7064 884161
7065 884509
7066 885104
7067 885165
7068 886397
7069 886552
7070 886864
7071 885925
7072 885838
7073 886556
7074 886674
7075 886938
7076 887568
7077 887641
7078 887789
7079 887530
7080 887947
7081 888901
7082 888336
7083 887904
7084 888435
7085 889258
7086 887491
7087 887822
7088 889450
7089 889311
7090 890677
7091 889535
7092 887280
7093 889579
7094 889317
7095 887250
7096 889330
7097 887187
7098 889680
7099 892043
7100 890567
7101 890545
7102 890727
7103 890831
7104 886971
7105 890996
7106 888074
7107 891075
7108 891101
7109 891305
7110 891536
7111 891978
7112 892362
7113 892376
7114 892780
7115 892658
7116 892730
7117 892295
7118 892428
7119 892091
7120 892543
7121 893594
7122 893404
7123 893750
7124 894098
7125 893997
7126 893955
7127 894440
7128 894495
7129 885740
7130 894522
7131 894633
7132 894725
7133 893193
7134 894749
7135 895209
7136 895276
7137 895281
7138 894888
7139 894760
7140 894981
7141 895952
7142 895386
7143 896150
7144 896196
7145 896560
7146 896640
7147 897004
7148 897019
7149 896469
7150 897141
7151 897211
7152 897771
7153 897911
7154 898069
7155 897778
7156 898035
7157 898092
7158 897350
7159 898611
7160 899111
7161 898963
7162 899198
7163 899221
7164 899425
7165 899465
7166 899563
7167 899470
7168 899844
7169 899568
7170 897279
7171 899885
7172 899965
7173 899924
7174 900062
7175 896464
7176 900417
7177 900292
7178 900440
7179 900486
7180 900825
7181 901103
7182 900760
7183 901166
7184 901188
7185 901308
7186 901307
7187 901553
7188 901336
7189 901676
7190 901735
7191 901750
7192 901770
7193 901894
7194 901969
7195 902058
7196 902355
7197 902456
7198 902479
7199 902558
7200 902504
7201 902690
7202 902727
7203 902746
7204 902744
7205 902997
7206 903383
7207 903335
7208 903405
7209 901199
7210 902066
7211 903922
7212 903994
7213 904771
7214 903676
7215 904415
7216 904430
7217 904655
7218 903493
7219 904298
7220 904758
7221 904741
7222 904738
7223 904842
7224 905552
7225 904899
7226 904846
7227 905371
7228 900618
7229 905635
7230 906274
7231 906183
7232 906582
7233 906701
7234 906932
7235 906484
7236 906799
7237 906758
7238 907111
7239 907139
7240 907443
7241 907732
7242 907824
7243 908142
7244 908289
7245 908301
7246 908388
7247 908430
7248 908385
7249 909011
7250 909156
7251 909347
7252 908740
7253 905783
7254 909207
7255 909245
7256 909277
7257 908505
7258 905733
7259 909335
7260 910222
7261 910251
7262 910527
7263 909854
7264 910506
7265 911196
7266 907863
7267 910915
7268 910949
7269 910953
7270 910996
7271 911136
7272 911896
7273 911899
7274 911366
7275 911584
7276 911947
7277 911335
7278 912470
7279 911213
7280 912081
7281 912238
7282 912243
7283 912317
7284 912423
7285 912425
7286 912751
7287 905674
7288 911929
7289 912606
7290 912699
7291 912485
7292 912682
7293 913043
7294 912866
7295 913108
7296 913169
7297 913282
7298 913377
7299 913475
7300 913458
7301 913496
7302 913298
7303 913715
7304 913766
7305 913815
7306 913915
7307 913970
7308 913880
7309 914020
7310 914147
7311 914241
7312 914241
7313 914341
7314 914147
7315 914426
7316 914642
7317 914478
7318 914785
7319 914843
7320 915057
7321 914972
7322 915091
7323 915375
7324 915411
7325 915489
7326 915627
7327 915387
7328 915565
7329 915604
7330 915938
7331 916186
7332 916605
7333 916306
7334 916266
7335 916640
7336 917306
7337 917477
7338 917610
7339 917177
7340 916883
7341 917483
7342 917585
7343 917680
7344 918148
7345 917782
7346 917873
7347 918159
7348 918557
7349 918590
7350 918959
7351 918820
7352 918611
7353 919109
7354 919334
7355 919126
7356 919219
7357 919351
7358 919390
7359 918474
7360 919455
7361 920067
7362 919888
7363 919561
7364 920135
7365 920202
7366 920304
7367 920494
7368 920383
7369 920306
7370 920549
7371 920680
7372 920760
7373 920694
7374 920801
7375 932502
7376 920600
7377 920588
7378 920900
7379 921125
7380 921045
7381 921188
7382 921285
7383 896348
7384 911791
7385 921292
7386 921707
7387 921987
7388 921762
7389 922036
7390 922234
7391 922273
7392 922392
7393 922863
7394 922769
7395 922877
7396 922913
7397 923121
7398 924505
7399 923820
7400 924096
7401 923604
7402 924305
7403 923493
7404 924418
7405 924193
7406 924423
7407 924646
7408 923277
7409 924862
7410 925862
7411 926056
7412 926163
7413 926581
7414 926771
7415 927028
7416 926323
7417 927281
7418 927377
7419 927088
7420 927345
7421 927399
7422 928063
7423 927684
7424 930054
7425 925601
7426 928414
7427 928067
7428 928423
7429 928575
7430 928659
7431 928735
7432 928761
7433 929631
7434 929274
7435 929496
7436 928539
7437 929642
7438 929676
7439 929989
7440 930061
7441 930078
7442 930203
7443 930256
7444 930368
7445 930391
7446 930296
7447 930550
7448 930399
7449 930604
7450 930833
7451 930616
7452 930930
7453 931068
7454 931326
7455 931097
7456 931383
7457 931643
7458 931828
7459 932442
7460 931833
7461 930953
7462 931743
7463 932287
7464 932439
7465 932917
7466 933056
7467 933501
7468 933645
7469 933650
7470 933700
7471 933821
7472 933850
7473 932866
7474 933948
7475 933938
7476 932760
7477 934168
7478 934317
7479 934343
7480 934579
7481 934580
7482 934637
7483 934676
7484 934742
7485 934329
7486 934532
7487 947184
7488 934687
7489 896238
7490 934987
7491 935217
7492 921082
7493 935620
7494 935803
7495 935580
7496 935820
7497 935905
7498 936001
7499 936408
7500 935974
7501 936365
7502 935569
7503 936533
7504 937397
7505 937803
7506 937127
7507 937712
7508 936858
7509 937824
7510 937910
7511 938032
7512 938242
7513 938250
7514 938289
7515 938363
7516 938808
7517 938981
7518 939095
7519 939510
7520 939543
7521 940016
7522 939760
7523 939701
7524 939807
7525 940096
7526 940869
7527 941359
7528 935438
7529 940748
7530 941163
7531 935437
7532 942199
7533 938552
7534 941506
7535 941665
7536 941732
7537 942029
7538 942037
7539 942232
7540 942235
7541 942286
7542 942332
7543 942420
7544 942659
7545 942946
7546 943090
7547 943111
7548 935230
7549 945123
7550 938193
7551 944113
7552 943735
7553 944137
7554 944503
7555 944648
7556 944446
7557 944543
7558 943578
7559 944670
7560 944677
7561 945084
7562 944800
7563 945276
7564 945291
7565 945332
7566 945908
7567 946371
7568 945732
7569 945764
7570 946547
7571 946714
7572 946775
7573 946857
7574 946808
7575 946858
7576 946999
7577 946930
7578 947027
7579 947050
7580 947061
7581 947075
7582 947067
7583 947101
7584 947183
7585 947294
7586 947421
7587 947562
7588 947651
7589 947858
7590 947884
7591 947902
7592 947186
7593 947945
7594 948124
7595 948256
7596 948321
7597 948572
7598 947959
7599 948409
7600 948455
7601 948564
7602 948636
7603 949086
7604 949229
7605 949590
7606 949857
7607 949570
7608 950122
7609 950165
7610 950256
7611 950363
7612 950406
7613 950719
7614 950791
7615 950859
7616 950933
7617 951628
7618 951740
7619 948848
7620 952156
7621 952794
7622 953257
7623 953152
7624 952778
7625 952972
7626 952740
7627 953004
7628 953190
7629 953405
7630 953423
7631 954984
7632 951097
7633 953916
7634 954203
7635 953690
7636 953515
7637 953964
7638 954362
7639 954383
7640 948843
7641 954845
7642 954925
7643 954941
7644 954954
7645 955061
7646 954607
7647 957317
7648 950754
7649 955099
7650 955406
7651 955412
7652 955454
7653 955942
7654 955949
7655 956047
7656 956127
7657 956179
7658 956199
7659 956084
7660 956275
7661 956315
7662 956653
7663 956839
7664 956850
7665 956775
7666 957158
7667 957395
7668 958244
7669 957710
7670 957350
7671 958396
7672 948816
7673 958459
7674 958759
7675 959028
7676 959747
7677 959117
7678 959121
7679 958635
7680 959334
7681 957852
7682 959669
7683 960143
7684 960081
7685 959882
7686 960085
7687 960116
7688 959869
7689 960088
7690 960143
7691 948696
7692 960191
7693 960351
7694 961087
7695 961332
7696 961390
7697 961510
7698 961647
7699 960990
7700 961685
7701 961850
7702 960699
7703 961896
7704 962078
7705 962182
7706 962021
7707 962195
7708 962212
7709 962378
7710 962602
7711 962015
7712 962657
7713 962763
7714 962897
7715 963096
7716 963203
7717 962804
7718 963183
7719 962890
7720 963187
7721 963310
7722 963459
7723 963752
7724 964333
7725 964474
7726 964498
7727 964687
7728 965140
7729 965179
7730 964136
7731 965223
7732 965246
7733 965465
7734 965536
7735 966071
7736 965947
7737 965733
7738 966012
7739 965651
7740 966029
7741 960557
7742 966263
7743 965861
7744 966404
7745 966615
7746 966343
7747 966561
7748 966916
7749 966969
7750 967675
7751 967639
7752 967527
7753 968558
7754 967413
7755 967356
7756 967835
7757 967843
7758 968033
7759 968683
7760 968785
7761 969023
7762 969155
7763 969519
7764 969616
7765 969744
7766 969885
7767 970375
7768 971669
7769 970379
7770 969572
7771 970104
7772 967191
7773 970442
7774 970564
7775 968438
7776 970586
7777 971116
7778 966979
7779 971223
7780 971355
7781 971557
7782 971749
7783 971766
7784 972062
7785 972145
7786 972183
7787 972204
7788 972257
7789 972304
7790 972369
7791 971334
7792 972450
7793 972907
7794 973173
7795 972551
7796 973153
7797 973195
7798 974066
7799 974255
7800 974433
7801 973749
7802 974345
7803 974279
7804 973677
7805 974720
7806 974795
7807 975129
7808 974907
7809 975055
7810 975049
7811 974774
7812 975073
7813 975161
7814 975280
7815 975388
7816 975432
7817 975514
7818 975596
7819 976477
7820 975546
7821 975642
7822 973437
7823 974537
7824 975907
7825 975972
7826 975970
7827 976457
7828 975814
7829 976003
7830 976175
7831 976348
7832 976704
7833 976729
7834 976779
7835 976902
7836 977212
7837 977219
7838 977266
7839 985493
7840 948679
7841 966272
7842 978882
7843 979678
7844 979371
7845 980059
7846 978292
7847 980844
7848 981022
7849 980974
7850 981030
7851 981216
7852 981355
7853 981589
7854 981662
7855 981619
7856 981715
7857 977505
7858 981914
7859 984681
7860 981884
7861 977494
7862 981954
7863 981969
7864 977341
7865 982030
7866 978878
7867 982853
7868 983375
7869 983184
7870 982352
7871 983096
7872 982134
7873 983363
7874 984221
7875 982410
7876 983605
7877 983732
7878 983949
7879 984559
7880 984261
7881 982081
7882 984749
7883 984954
7884 984791
7885 985239
7886 977316
7887 985031
7888 985318
7889 966272
7890 984963
7891 985291
7892 985275
7893 986132
7894 986599
7895 986191
7896 986831
7897 986600
7898 985665
7899 987034
7900 985592
7901 987110
7902 987158
7903 987163
7904 987245
7905 987440
7906 987378
7907 987581
7908 987555
7909 987125
7910 987887
7911 987936
7912 988502
7913 988622
7914 988752
7915 988841
7916 988918
7917 988297
7918 989100
7919 989156
7920 989157
7921 989405
7922 989226
7923 989215
7924 989508
7925 989636
7926 989753
7927 989929
7928 990105
7929 990106
7930 990311
7931 990404
7932 990366
7933 990353
7934 990409
7935 990412
7936 990551
7937 990598
7938 990639
7939 991183
7940 991834
7941 991535
7942 991790
7943 992202
7944 992545
7945 990971
7946 992283
7947 992290
7948 992380
7949 992442
7950 992423
7951 990851
7952 992562
7953 992893
7954 993452
7955 992871
7956 993292
7957 992675
7958 993532
7959 994100
7960 994283
7961 994770
7962 994018
7963 994062
7964 994304
7965 993960
7966 994879
7967 996098
7968 993853
7969 995040
7970 995233
7971 995287
7972 995822
7973 994919
7974 995472
7975 993806
7976 995674
7977 995639
7978 995914
7979 996632
7980 996896
7981 997035
7982 996691
7983 997130
7984 997036
7985 997371
7986 997488
7987 998126
7988 998686
7989 997836
7990 998439
7991 998693
7992 999488
7993 997696
7994 998714
7995 999189
7996 999212
7997 999451
7998 334
7999 999671
