# 8000 data points
# index number
0 334
1 533
2 385
3 575
4 652
5 747
6 901
7 1658
8 907
9 1221
10 1608
11 1378
12 2473
13 1326
14 1421
15 1419
16 1670
17 2160
18 2296
19 2609
20 2715
21 3004
22 2922
23 3028
24 6436
25 3180
26 3269
27 3185
28 3416
29 3463
30 3643
31 4271
32 3776
33 5092
34 5422
35 4049
36 4828
37 5855
38 5895
39 6640
40 6118
41 6212
42 6697
43 6806
44 7838
45 7910
46 6727
47 6007
48 7838
49 3181
50 8570
51 8091
52 8818
53 4782
54 5852
55 4813
56 6563
57 6713
58 7578
59 8636
60 8786
61 8169
62 8936
63 8651
64 8981
65 8796
66 8556
67 9144
68 9608
69 10506
70 10666
71 9676
72 9764
73 9960
74 10250
75 10255
76 10385
77 10590
78 26389
79 10575
80 11226
81 10919
82 11413
83 11451
84 11272
85 11751
86 12443
87 12352
88 12492
89 12578
90 12651
91 11359
92 12663
93 27642
94 13114
95 13220
96 14054
97 16871
98 17569
99 13211
100 18452
101 20025
102 20748
103 20179
104 20729
105 12888
106 13346
107 13481
108 13602
109 13660
110 13936
111 13981
112 14097
113 14228
114 14534
115 14511
116 14517
117 14567
118 14768
119 15832
120 15563
121 14843
122 15699
123 15048
124 15744
125 16141
126 16161
127 16270
128 16337
129 15917
130 16354
131 16448
132 16617
133 16805
134 17042
135 17282
136 17306
137 18283
138 18754
139 20408
140 20427
141 20784
142 13865
143 20867
144 21168
145 23197
146 25766
147 23873
148 25951
149 27693
150 21614
151 21883
152 22155
153 23034
154 24156
155 21762
156 24250
157 21007
158 26344
159 26485
160 27617
161 28100
162 28137
163 45250
164 25935
165 26870
166 26882
167 27343
168 28794
169 28903
170 29729
171 29376
172 28995
173 29780
174 31540
175 33630
176 36042
177 38692
178 39050
179 29184
180 29989
181 31385
182 35059
183 38753
184 30879
185 37976
186 30923
187 34255
188 33962
189 35334
190 32366
191 34452
192 36792
193 39371
194 37738
195 35385
196 37944
197 38536
198 40922
199 38907
200 39047
201 38861
202 39789
203 40547
204 41019
205 41406
206 41738
207 44117
208 46323
209 42877
210 46664
211 44736
212 44001
213 45139
214 42088
215 42389
216 42789
217 43521
218 43787
219 46718
220 55168
221 44832
222 46916
223 46462
224 15805
225 17639
226 17774
227 20367
228 17876
229 18753
230 17967
231 18274
232 18842
233 18932
234 18974
235 19149
236 20402
237 20713
238 21448
239 21111
240 21686
241 21696
242 21786
243 22312
244 21823
245 22322
246 22066
247 22755
248 22496
249 23008
250 23192
251 23428
252 23893
253 23522
254 24607
255 24681
256 23050
257 24935
258 24993
259 24740
260 26185
261 26778
262 22316
263 26911
264 26936
265 27758
266 28236
267 28731
268 27808
269 28805
270 28389
271 28801
272 27374
273 28816
274 29106
275 29002
276 29767
277 30617
278 30928
279 31057
280 31540
281 31645
282 31733
283 32114
284 32945
285 32752
286 33068
287 33004
288 33742
289 34225
290 33786
291 34264
292 34274
293 35860
294 34742
295 42242
296 34563
297 34927
298 35422
299 36034
300 36971
301 35330
302 37164
303 38143
304 40508
305 46103
306 41169
307 48253
308 40802
309 46014
310 47163
311 48569
312 47224
313 39275
314 42302
315 46595
316 45691
317 48572
318 29404
319 35477
320 36955
321 36263
322 37805
323 38975
324 39210
325 39607
326 39678
327 39736
328 41177
329 41388
330 38531
331 39693
332 36463
333 41078
334 41377
335 41899
336 41915
337 42188
338 42309
339 43552
340 43660
341 43938
342 44008
343 45922
344 44206
345 44803
346 46233
347 46343
348 46536
349 46945
350 47017
351 47118
352 47102
353 47591
354 47820
355 47866
356 49372
357 47183
358 48156
359 49064
360 51581
361 48777
362 49058
363 49276
364 49710
365 50015
366 50218
367 50522
368 48614
369 50595
370 50475
371 51055
372 52032
373 51033
374 51036
375 51082
376 51432
377 51611
378 50114
379 52294
380 52594
381 53365
382 53445
383 54531
384 54003
385 54355
386 54628
387 54367
388 54965
389 53655
390 53694
391 54313
392 54887
393 55124
394 55184
395 55226
396 55234
397 55289
398 55571
399 55884
400 55444
401 55956
402 55971
403 56012
404 56045
405 56896
406 56921
407 56771
408 56646
409 56937
410 57214
411 57414
412 57932
413 57477
414 57625
415 57656
416 57934
417 58067
418 58001
419 58054
420 59234
421 59701
422 59276
423 59507
424 59557
425 59566
426 59644
427 59647
428 59866
429 60226
430 60347
431 62022
432 60811
433 61197
434 61213
435 61817
436 61474
437 61391
438 61453
439 61686
440 61780
441 61804
442 62082
443 62162
444 34723
445 68399
446 37375
447 62228
448 41245
449 63354
450 47537
451 41377
452 55597
453 62705
454 62860
455 63286
456 62306
457 62792
458 58459
459 63409
460 63535
461 63822
462 63875
463 65838
464 62644
465 63925
466 63929
467 64285
468 64420
469 64592
470 64765
471 64970
472 65152
473 65322
474 65554
475 64495
476 65838
477 66017
478 66116
479 66990
480 48398
481 52136
482 56030
483 60895
484 63317
485 63152
486 65356
487 66342
488 62640
489 67596
490 66377
491 62955
492 66419
493 64059
494 66485
495 66558
496 64670
497 66710
498 66732
499 66827
500 66900
501 67026
502 67107
503 53741
504 65576
505 66689
506 66941
507 67279
508 67687
509 68869
510 84767
511 67943
512 14394
513 68196
514 68898
515 17045
516 21646
517 18037
518 18654
519 22099
520 23186
521 36259
522 25375
523 25519
524 27056
525 27599
526 30923
527 30736
528 23156
529 39193
530 34858
531 33704
532 39660
533 48484
534 40587
535 42976
536 47608
537 41545
538 43272
539 44863
540 52366
541 52821
542 56099
543 56135
544 57712
545 69216
546 62563
547 68253
548 69218
549 69667
550 69890
551 69897
552 69902
553 70027
554 70174
555 70858
556 70546
557 70670
558 71720
559 70857
560 70963
561 71167
562 71616
563 71722
564 64664
565 71796
566 72031
567 72181
568 72254
569 72675
570 72693
571 72294
572 72506
573 72604
574 73474
575 72309
576 73823
577 74752
578 76356
579 76933
580 74580
581 74895
582 75737
583 76856
584 77182
585 77724
586 75828
587 76054
588 76137
589 76418
590 77473
591 77768
592 77546
593 74149
594 77799
595 78036
596 78115
597 78417
598 78820
599 78620
600 79241
601 78835
602 71810
603 72740
604 73489
605 74228
606 76401
607 74262
608 78892
609 76062
610 75784
611 78916
612 78980
613 79188
614 73161
615 77572
616 79490
617 79850
618 79277
619 77841
620 79601
621 79640
622 79826
623 79852
624 79956
625 80068
626 80358
627 80561
628 80653
629 80670
630 80750
631 81170
632 80983
633 81220
634 86665
635 74470
636 81412
637 81398
638 81405
639 81649
640 81564
641 81797
642 81178
643 81708
644 84266
645 78798
646 81912
647 81987
648 82223
649 82588
650 83073
651 82808
652 83057
653 82865
654 82903
655 83103
656 83370
657 83454
658 83284
659 83490
660 83732
661 83763
662 83912
663 83848
664 84185
665 84422
666 84472
667 85724
668 84550
669 84699
670 84896
671 87301
672 85109
673 85248
674 85350
675 85326
676 85557
677 85845
678 87826
679 87076
680 86387
681 87252
682 87637
683 71698
684 87878
685 88086
686 88127
687 88145
688 88399
689 88408
690 88691
691 88553
692 88812
693 89447
694 89508
695 89220
696 88909
697 89632
698 89683
699 90198
700 90335
701 90355
702 90384
703 90413
704 90416
705 90542
706 90468
707 90657
708 91701
709 90488
710 90842
711 90876
712 90895
713 90908
714 91458
715 91087
716 91542
717 91564
718 91663
719 91726
720 91764
721 91074
722 91780
723 92061
724 92238
725 92286
726 92380
727 92252
728 92012
729 92588
730 92621
731 92821
732 93136
733 93137
734 92646
735 93282
736 93304
737 93483
738 94372
739 95970
740 93683
741 93601
742 93861
743 93866
744 93937
745 94883
746 95409
747 93995
748 94368
749 95338
750 95363
751 95440
752 96628
753 95474
754 95624
755 95715
756 95796
757 96011
758 96048
759 96657
760 96659
761 96973
762 98352
763 97320
764 96830
765 97361
766 97372
767 97440
768 97460
769 94746
770 98684
771 97742
772 94965
773 98652
774 98658
775 98699
776 98176
777 98579
778 98679
779 98722
780 98770
781 98942
782 98813
783 98933
784 98961
785 99103
786 99121
787 99007
788 99098
789 99143
790 98060
791 99264
792 100258
793 99551
794 99884
795 100396
796 99865
797 100093
798 100582
799 100461
800 100847
801 100921
802 100978
803 101904
804 101050
805 102366
806 101106
807 100984
808 101984
809 102460
810 102661
811 100968
812 102174
813 102833
814 102974
815 102768
816 103145
817 103596
818 103515
819 103878
820 103432
821 97016
822 104150
823 104236
824 104241
825 104333
826 104508
827 104843
828 104455
829 104670
830 105137
831 104760
832 104784
833 104662
834 105143
835 107174
836 105181
837 105310
838 105386
839 105777
840 105805
841 106079
842 106086
843 106330
844 106915
845 106306
846 106005
847 106632
848 107128
849 107189
850 107519
851 108597
852 107376
853 107718
854 108540
855 117293
856 107248
857 107619
858 107637
859 107963
860 108363
861 106114
862 111164
863 112532
864 107719
865 108269
866 108793
867 108309
868 116146
869 109922
870 110186
871 110392
872 117821
873 118186
874 104855
875 109033
876 109319
877 109316
878 109342
879 109522
880 109701
881 109852
882 109700
883 109857
884 109973
885 109554
886 110238
887 110241
888 110790
889 110241
890 109327
891 111017
892 111214
893 111631
894 111776
895 111986
896 111362
897 112411
898 112629
899 112847
900 112921
901 113395
902 113130
903 113142
904 113384
905 113398
906 113455
907 113548
908 113731
909 114127
910 114031
911 114292
912 114396
913 114460
914 114571
915 114526
916 114929
917 114711
918 114944
919 115118
920 115432
921 115622
922 115765
923 115826
924 115461
925 115924
926 116172
927 116224
928 116393
929 116523
930 113561
931 116665
932 117252
933 118200
934 117767
935 117288
936 118407
937 119101
938 118661
939 118797
940 118975
941 119235
942 119244
943 119279
944 119505
945 119598
946 119970
947 119913
948 120181
949 120484
950 120525
951 121121
952 121358
953 120866
954 121130
955 121157
956 121498
957 121640
958 121910
959 122249
960 121689
961 122120
962 121788
963 121928
964 122243
965 120604
966 122355
967 122384
968 122467
969 122821
970 116602
971 123093
972 123158
973 123285
974 123441
975 123563
976 123600
977 123985
978 124037
979 124081
980 124258
981 124379
982 125219
983 124556
984 124744
985 125642
986 124875
987 124695
988 125774
989 125995
990 124959
991 125776
992 126260
993 126291
994 126593
995 126639
996 127542
997 123705
998 123799
999 124284
1000 126776
1001 127173
1002 128426
1003 125894
1004 127540
1005 127473
1006 125631
1007 127603
1008 119055
1009 128110
1010 128535
1011 137429
1012 128091
1013 125143
1014 129371
1015 126137
1016 127100
1017 125751
1018 128633
1019 129478
1020 130164
1021 129550
1022 126417
1023 129707
1024 130652
1025 131291
1026 132838
1027 130365
1028 130028
1029 130249
1030 130803
1031 130815
1032 131140
1033 131339
1034 131355
1035 132779
1036 134527
1037 132627
1038 134201
1039 131372
1040 135932
1041 132763
1042 133628
1043 133782
1044 136563
1045 137702
1046 139089
1047 132634
1048 131954
1049 135133
1050 138476
1051 132590
1052 133744
1053 134240
1054 135425
1055 136597
1056 131370
1057 138669
1058 138051
1059 140363
1060 141704
1061 142564
1062 143392
1063 143704
1064 143970
1065 144201
1066 144390
1067 144438
1068 144572
1069 145312
1070 147143
1071 145444
1072 147518
1073 147595
1074 148612
1075 148667
1076 132996
1077 150671
1078 146038
1079 148782
1080 149831
1081 149860
1082 59680
1083 150161
1084 150669
1085 131575
1086 131581
1087 131626
1088 131773
1089 132872
1090 131958
1091 131931
1092 132023
1093 133280
1094 131842
1095 133906
1096 133773
1097 135723
1098 132425
1099 132666
1100 132691
1101 132953
1102 133176
1103 133290
1104 133735
1105 133829
1106 134632
1107 134243
1108 134476
1109 133146
1110 134050
1111 131940
1112 134416
1113 136013
1114 135798
1115 135746
1116 136165
1117 136616
1118 136710
1119 136804
1120 137051
1121 138090
1122 137080
1123 138753
1124 138255
1125 138807
1126 139388
1127 137362
1128 139480
1129 138623
1130 138529
1131 138794
1132 139016
1133 139012
1134 139577
1135 137660
1136 137928
1137 138189
1138 139755
1139 139917
1140 139936
1141 140072
1142 140302
1143 140751
1144 141511
1145 142049
1146 142262
1147 142496
1148 142447
1149 143065
1150 142242
1151 142824
1152 141806
1153 145838
1154 144550
1155 144192
1156 144568
1157 145040
1158 145144
1159 145300
1160 145424
1161 147894
1162 146035
1163 142287
1164 146365
1165 148034
1166 147717
1167 148051
1168 148137
1169 148750
1170 148920
1171 149163
1172 149561
1173 149607
1174 151089
1175 149754
1176 153517
1177 150445
1178 151310
1179 151337
1180 151646
1181 138417
1182 151850
1183 152110
1184 152293
1185 152431
1186 152256
1187 152629
1188 153365
1189 153664
1190 153665
1191 154358
1192 154576
1193 156300
1194 154678
1195 155055
1196 155295
1197 158373
1198 152656
1199 133197
1200 153110
1201 153286
1202 153537
1203 154087
1204 154189
1205 154464
1206 154480
1207 153702
1208 155728
1209 155221
1210 154644
1211 155094
1212 156405
1213 156242
1214 156786
1215 140251
1216 144501
1217 140333
1218 142863
1219 140400
1220 140464
1221 141589
1222 156177
1223 140753
1224 142873
1225 141682
1226 144485
1227 144568
1228 146061
1229 146254
1230 146581
1231 147308
1232 147814
1233 149795
1234 150361
1235 155350
1236 155575
1237 157386
1238 156597
1239 157089
1240 156880
1241 148032
1242 157285
1243 148092
1244 150561
1245 150664
1246 150805
1247 156401
1248 150904
1249 142377
1250 153676
1251 152297
1252 158430
1253 152712
1254 157000
1255 157285
1256 155450
1257 157416
1258 157456
1259 157472
1260 157664
1261 157452
1262 157764
1263 158084
1264 158116
1265 158120
1266 158246
1267 158711
1268 158827
1269 158892
1270 158940
1271 158302
1272 158839
1273 159002
1274 145073
1275 159302
1276 159782
1277 159621
1278 159565
1279 159835
1280 159668
1281 159943
1282 159966
1283 160170
1284 160379
1285 160587
1286 160678
1287 160409
1288 161274
1289 160309
1290 160392
1291 160734
1292 160749
1293 161006
1294 160539
1295 161008
1296 161070
1297 161315
1298 161095
1299 161119
1300 160741
1301 161784
1302 161839
1303 162170
1304 162021
1305 162082
1306 162808
1307 161945
1308 161999
1309 162259
1310 161856
1311 162334
1312 162841
1313 162834
1314 60877
1315 163101
1316 163223
1317 163226
1318 164593
1319 163363
1320 163916
1321 164041
1322 164086
1323 164128
1324 164220
1325 164558
1326 164688
1327 164692
1328 165029
1329 165011
1330 163130
1331 165094
1332 165454
1333 166158
1334 168039
1335 168355
1336 171443
1337 168582
1338 169730
1339 170186
1340 171871
1341 171753
1342 171684
1343 171901
1344 172916
1345 165306
1346 166666
1347 165713
1348 166900
1349 168708
1350 166917
1351 166922
1352 166967
1353 168742
1354 168959
1355 166138
1356 167756
1357 168759
1358 170332
1359 170617
1360 170728
1361 171830
1362 171863
1363 173093
1364 168046
1365 168544
1366 165351
1367 172156
1368 171055
1369 172229
1370 172784
1371 172967
1372 173020
1373 172975
1374 173035
1375 173148
1376 173353
1377 173444
1378 173596
1379 171460
1380 173636
1381 173771
1382 174204
1383 174765
1384 173969
1385 175025
1386 173802
1387 174094
1388 174222
1389 174247
1390 174417
1391 174644
1392 174884
1393 174942
1394 174594
1395 175403
1396 175421
1397 175737
1398 175486
1399 175750
1400 175743
1401 176098
1402 176703
1403 175194
1404 175863
1405 176302
1406 176059
1407 176522
1408 176451
1409 176736
1410 176468
1411 176552
1412 176761
1413 177336
1414 176760
1415 176864
1416 176984
1417 177504
1418 177577
1419 177649
1420 178178
1421 178787
1422 179415
1423 178408
1424 180049
1425 180356
1426 181806
1427 181894
1428 182906
1429 182180
1430 182759
1431 180875
1432 182673
1433 184247
1434 184485
1435 184591
1436 182703
1437 189676
1438 177609
1439 178306
1440 180845
1441 182671
1442 186437
1443 184747
1444 185642
1445 185813
1446 185506
1447 187784
1448 178499
1449 180483
1450 184753
1451 186994
1452 186754
1453 186976
1454 187356
1455 187791
1456 189787
1457 188606
1458 188740
1459 189808
1460 189969
1461 190239
1462 190889
1463 190985
1464 190647
1465 190959
1466 192455
1467 192486
1468 192567
1469 192823
1470 192910
1471 194132
1472 197814
1473 194391
1474 197423
1475 192737
1476 194495
1477 194902
1478 195460
1479 196269
1480 195661
1481 197655
1482 195917
1483 198043
1484 198065
1485 198317
1486 198906
1487 200442
1488 200897
1489 201025
1490 201284
1491 201539
1492 201560
1493 201809
1494 203442
1495 198813
1496 209323
1497 202046
1498 205043
1499 203843
1500 198154
1501 205785
1502 207238
1503 208531
1504 210344
1505 208328
1506 216603
1507 198945
1508 201491
1509 200737
1510 200783
1511 199855
1512 201554
1513 201616
1514 206505
1515 206565
1516 210673
1517 206730
1518 211827
1519 201929
1520 210143
1521 210983
1522 211688
1523 210847
1524 212539
1525 215286
1526 210747
1527 211531
1528 212977
1529 211054
1530 213386
1531 213509
1532 213984
1533 214380
1534 214470
1535 214702
1536 215604
1537 216367
1538 201296
1539 203345
1540 203424
1541 209633
1542 204082
1543 207897
1544 204725
1545 211716
1546 215676
1547 211933
1548 211988
1549 213601
1550 213156
1551 216690
1552 215984
1553 203079
1554 216846
1555 218033
1556 218380
1557 221977
1558 216955
1559 218192
1560 218593
1561 218602
1562 218627
1563 220662
1564 221346
1565 219358
1566 224570
1567 218740
1568 219960
1569 224041
1570 220261
1571 220975
1572 223547
1573 223974
1574 224609
1575 224763
1576 225179
1577 222044
1578 223441
1579 224226
1580 225709
1581 225787
1582 225814
1583 225846
1584 226136
1585 226148
1586 226167
1587 226228
1588 226229
1589 226423
1590 226346
1591 226551
1592 226770
1593 227083
1594 227499
1595 226663
1596 227503
1597 227523
1598 227647
1599 228073
1600 228820
1601 228375
1602 236747
1603 228671
1604 228136
1605 228305
1606 228832
1607 228863
1608 228913
1609 231227
1610 233843
1611 236055
1612 229040
1613 234695
1614 235245
1615 234867
1616 236439
1617 228829
1618 236526
1619 236912
1620 237594
1621 238054
1622 238156
1623 240156
1624 240827
1625 241421
1626 243356
1627 171055
1628 246230
1629 246893
1630 229066
1631 229244
1632 229420
1633 229478
1634 230016
1635 230262
1636 230325
1637 230763
1638 231260
1639 232592
1640 234240
1641 231386
1642 231671
1643 232814
1644 233853
1645 233347
1646 233459
1647 233881
1648 234507
1649 232100
1650 234511
1651 234873
1652 235076
1653 235219
1654 235464
1655 235785
1656 236939
1657 235809
1658 235952
1659 237531
1660 238052
1661 238641
1662 239055
1663 240132
1664 241790
1665 242165
1666 240334
1667 242274
1668 242968
1669 243837
1670 244042
1671 244847
1672 245562
1673 245668
1674 246748
1675 246693
1676 249553
1677 245739
1678 248011
1679 247531
1680 239794
1681 240499
1682 240748
1683 241857
1684 243805
1685 166625
1686 246512
1687 248719
1688 244757
1689 248115
1690 248241
1691 248358
1692 248623
1693 246860
1694 248998
1695 249589
1696 249636
1697 283940
1698 249651
1699 249662
1700 249761
1701 249216
1702 178342
1703 179397
1704 180295
1705 180471
1706 180474
1707 180572
1708 181014
1709 181103
1710 181180
1711 181222
1712 181483
1713 182092
1714 182445
1715 183423
1716 184999
1717 188992
1718 184328
1719 185237
1720 185560
1721 192747
1722 186494
1723 192932
1724 186907
1725 189989
1726 191088
1727 191131
1728 192338
1729 195004
1730 187281
1731 190031
1732 190127
1733 191015
1734 191493
1735 190941
1736 193506
1737 193353
1738 188516
1739 191758
1740 191882
1741 194794
1742 194887
1743 195568
1744 196190
1745 197428
1746 199065
1747 183620
1748 188789
1749 197690
1750 199048
1751 197852
1752 191581
1753 197947
1754 183352
1755 199101
1756 199122
1757 200070
1758 201524
1759 201006
1760 202275
1761 202357
1762 202848
1763 203015
1764 206415
1765 206141
1766 205672
1767 208447
1768 205038
1769 206240
1770 206840
1771 206984
1772 206968
1773 205279
1774 208287
1775 204474
1776 208333
1777 212351
1778 210433
1779 208513
1780 212043
1781 212517
1782 210414
1783 212626
1784 212768
1785 213584
1786 214191
1787 212870
1788 214504
1789 214581
1790 217717
1791 214582
1792 214209
1793 217811
1794 218142
1795 218507
1796 215315
1797 219273
1798 219392
1799 219652
1800 219898
1801 221134
1802 222512
1803 222476
1804 222761
1805 221840
1806 222929
1807 228785
1808 223703
1809 200170
1810 211844
1811 224320
1812 223933
1813 224662
1814 223929
1815 223768
1816 224381
1817 224526
1818 224964
1819 225469
1820 225474
1821 224665
1822 225581
1823 226136
1824 226610
1825 227512
1826 228124
1827 228449
1828 228573
1829 228572
1830 228898
1831 229501
1832 230931
1833 229735
1834 230380
1835 230535
1836 230845
1837 230997
1838 231774
1839 232886
1840 233083
1841 233994
1842 234657
1843 234519
1844 234862
1845 233110
1846 235612
1847 241460
1848 236833
1849 235867
1850 239168
1851 236252
1852 238357
1853 238696
1854 239365
1855 240643
1856 238918
1857 238008
1858 240173
1859 238123
1860 239032
1861 241230
1862 239369
1863 240881
1864 241477
1865 241588
1866 243537
1867 242795
1868 244291
1869 242242
1870 243989
1871 237472
1872 244377
1873 244980
1874 245701
1875 245262
1876 246095
1877 246804
1878 247318
1879 250355
1880 249354
1881 249911
1882 250461
1883 250658
1884 247079
1885 250952
1886 251667
1887 248767
1888 251404
1889 248898
1890 251010
1891 251223
1892 251746
1893 252027
1894 252077
1895 252507
1896 252599
1897 252123
1898 252284
1899 252438
1900 252636
1901 252867
1902 253486
1903 252877
1904 252999
1905 253727
1906 253810
1907 253884
1908 253842
1909 254337
1910 254511
1911 254148
1912 254747
1913 255024
1914 255095
1915 255474
1916 256870
1917 255647
1918 255649
1919 256019
1920 257110
1921 256257
1922 256364
1923 257178
1924 256898
1925 253809
1926 260998
1927 257190
1928 257208
1929 258168
1930 258249
1931 257662
1932 258437
1933 259014
1934 258466
1935 258905
1936 258815
1937 259036
1938 259446
1939 259186
1940 261151
1941 259694
1942 259820
1943 261998
1944 260586
1945 260772
1946 261818
1947 262604
1948 263067
1949 263247
1950 263374
1951 264201
1952 264297
1953 292709
1954 236839
1955 260666
1956 260775
1957 261223
1958 261981
1959 262293
1960 263439
1961 262349
1962 264662
1963 263277
1964 264677
1965 264889
1966 265008
1967 265250
1968 265318
1969 265326
1970 266533
1971 266240
1972 266564
1973 266606
1974 266620
1975 266654
1976 266853
1977 266982
1978 267932
1979 267934
1980 268120
1981 268026
1982 268429
1983 268496
1984 268694
1985 273643
1986 268504
1987 268525
1988 268649
1989 268793
1990 269150
1991 271931
1992 273136
1993 275624
1994 269210
1995 276686
1996 269728
1997 269786
1998 270093
1999 276311
2000 270243
2001 271204
2002 278426
2003 272435
2004 272492
2005 273505
2006 276971
2007 273688
2008 275052
2009 277003
2010 278696
2011 260682
2012 278854
2013 279573
2014 270441
2015 270514
2016 271037
2017 272011
2018 272035
2019 270456
2020 272692
2021 271437
2022 273196
2023 273335
2024 273478
2025 274688
2026 275634
2027 275812
2028 273997
2029 276370
2030 275812
2031 276456
2032 273597
2033 276722
2034 277147
2035 277178
2036 277174
2037 277027
2038 277596
2039 277694
2040 279888
2041 277786
2042 278786
2043 278835
2044 279825
2045 279648
2046 281773
2047 280560
2048 280730
2049 277690
2050 277755
2051 281742
2052 281843
2053 278685
2054 281396
2055 282355
2056 281985
2057 279529
2058 282813
2059 282905
2060 283636
2061 282825
2062 283626
2063 283552
2064 286740
2065 283478
2066 283694
2067 284352
2068 285449
2069 285715
2070 286182
2071 286181
2072 286366
2073 286196
2074 287152
2075 287184
2076 287238
2077 287488
2078 287593
2079 288000
2080 288008
2081 288364
2082 288592
2083 289044
2084 289303
2085 290167
2086 291287
2087 291421
2088 291593
2089 292066
2090 293371
2091 292103
2092 292540
2093 292616
2094 292882
2095 293166
2096 297084
2097 285960
2098 289676
2099 290541
2100 290797
2101 291068
2102 291508
2103 293400
2104 295721
2105 292117
2106 293739
2107 293942
2108 294243
2109 294345
2110 294511
2111 295137
2112 296014
2113 296594
2114 296863
2115 297039
2116 297244
2117 297412
2118 298338
2119 298689
2120 295537
2121 295874
2122 295606
2123 296445
2124 297960
2125 298372
2126 299582
2127 298645
2128 299792
2129 166417
2130 248068
2131 249923
2132 248305
2133 251244
2134 253334
2135 253417
2136 263751
2137 248424
2138 252009
2139 251512
2140 253650
2141 254204
2142 254882
2143 255314
2144 255255
2145 255824
2146 264199
2147 256190
2148 258749
2149 259719
2150 257055
2151 260973
2152 262890
2153 262516
2154 256668
2155 259592
2156 259703
2157 260078
2158 262106
2159 263152
2160 264297
2161 248223
2162 264759
2163 267288
2164 268190
2165 269251
2166 271275
2167 273139
2168 286065
2169 274446
2170 274877
2171 275682
2172 280067
2173 284183
2174 287610
2175 265885
2176 274881
2177 286355
2178 285624
2179 288495
2180 266566
2181 267544
2182 270552
2183 271104
2184 288380
2185 289101
2186 289116
2187 293148
2188 268020
2189 271403
2190 271595
2191 272312
2192 278302
2193 271674
2194 275016
2195 272408
2196 276713
2197 276678
2198 278375
2199 278756
2200 279234
2201 277145
2202 279320
2203 279675
2204 279897
2205 281201
2206 281957
2207 283450
2208 282469
2209 283950
2210 285015
2211 285528
2212 286262
2213 286387
2214 286520
2215 287697
2216 290441
2217 289557
2218 290446
2219 288927
2220 289940
2221 290515
2222 285016
2223 290499
2224 294671
2225 291138
2226 291731
2227 292246
2228 293757
2229 292228
2230 250390
2231 294878
2232 295870
2233 296128
2234 296448
2235 297895
2236 298134
2237 297897
2238 298260
2239 298452
2240 300901
2241 301082
2242 306564
2243 298662
2244 298671
2245 300473
2246 300601
2247 299655
2248 300395
2249 301611
2250 300147
2251 300522
2252 301960
2253 301145
2254 301751
2255 302480
2256 301838
2257 301314
2258 301501
2259 302249
2260 302686
2261 302279
2262 302760
2263 303040
2264 303111
2265 303808
2266 303909
2267 306496
2268 300608
2269 304557
2270 304564
2271 302094
2272 300626
2273 304014
2274 306717
2275 304168
2276 305154
2277 300890
2278 305543
2279 305264
2280 306774
2281 305486
2282 305825
2283 306608
2284 311338
2285 305780
2286 306853
2287 306917
2288 304467
2289 306347
2290 307709
2291 308329
2292 306948
2293 308306
2294 308577
2295 308953
2296 308302
2297 309348
2298 307184
2299 309214
2300 309103
2301 307843
2302 309404
2303 309498
2304 310688
2305 309742
2306 310545
2307 310894
2308 316780
2309 307771
2310 310890
2311 311134
2312 311867
2313 311641
2314 164264
2315 311917
2316 168619
2317 168904
2318 170427
2319 171671
2320 173641
2321 187869
2322 177859
2323 174890
2324 184059
2325 187005
2326 178458
2327 178802
2328 179564
2329 179609
2330 180340
2331 181390
2332 188693
2333 182354
2334 183006
2335 184931
2336 187416
2337 189973
2338 190574
2339 193231
2340 194243
2341 194397
2342 195054
2343 195132
2344 198127
2345 198605
2346 199738
2347 200991
2348 201070
2349 201540
2350 202704
2351 207534
2352 203203
2353 207731
2354 211838
2355 207142
2356 210498
2357 211983
2358 213155
2359 218069
2360 228341
2361 215490
2362 222523
2363 235384
2364 219259
2365 221676
2366 225997
2367 258124
2368 226388
2369 198353
2370 204520
2371 208509
2372 209506
2373 227287
2374 205431
2375 217256
2376 223470
2377 209747
2378 227189
2379 219889
2380 213374
2381 226826
2382 219555
2383 230615
2384 234132
2385 235146
2386 239038
2387 240490
2388 242196
2389 242646
2390 248741
2391 250161
2392 250819
2393 251498
2394 252095
2395 257188
2396 253755
2397 268552
2398 252891
2399 257839
2400 258022
2401 232024
2402 258725
2403 260091
2404 269796
2405 263786
2406 268934
2407 264876
2408 270188
2409 271755
2410 280455
2411 273348
2412 271814
2413 279733
2414 274154
2415 281828
2416 282857
2417 286496
2418 225733
2419 289621
2420 286858
2421 251165
2422 267595
2423 251240
2424 253549
2425 253879
2426 254380
2427 258018
2428 264676
2429 300010
2430 258407
2431 260855
2432 261523
2433 269541
2434 261196
2435 266662
2436 268945
2437 269147
2438 269676
2439 275176
2440 277853
2441 278737
2442 278094
2443 279961
2444 281925
2445 289320
2446 292842
2447 294670
2448 285098
2449 287555
2450 289086
2451 293114
2452 295001
2453 293449
2454 298602
2455 282604
2456 302205
2457 303485
2458 304320
2459 307399
2460 308957
2461 309642
2462 309823
2463 310054
2464 307573
2465 311763
2466 312096
2467 312923
2468 312095
2469 312142
2470 312510
2471 312861
2472 313319
2473 312197
2474 312375
2475 312894
2476 313010
2477 314026
2478 313779
2479 313019
2480 313822
2481 314094
2482 314782
2483 314884
2484 315404
2485 314241
2486 314468
2487 315726
2488 314490
2489 314596
2490 314948
2491 315127
2492 315211
2493 315737
2494 315986
2495 316341
2496 315231
2497 304799
2498 315351
2499 315123
2500 316011
2501 316197
2502 316234
2503 316237
2504 316532
2505 316703
2506 316882
2507 316916
2508 316672
2509 315339
2510 316805
2511 317001
2512 313653
2513 317146
2514 317204
2515 317205
2516 317703
2517 317569
2518 318225
2519 317371
2520 317795
2521 317536
2522 318290
2523 318872
2524 318747
2525 318929
2526 320037
2527 322585
2528 321740
2529 322613
2530 322310
2531 319229
2532 320338
2533 320645
2534 321298
2535 320607
2536 320841
2537 322048
2538 321664
2539 322111
2540 322559
2541 322637
2542 322654
2543 322704
2544 322844
2545 322949
2546 322995
2547 323034
2548 323841
2549 323259
2550 323397
2551 323996
2552 323688
2553 323109
2554 323827
2555 318340
2556 324095
2557 324129
2558 324199
2559 325554
2560 324259
2561 324275
2562 324788
2563 324413
2564 324625
2565 324638
2566 324676
2567 324816
2568 325309
2569 324877
2570 324855
2571 325624
2572 325015
2573 325370
2574 325486
2575 325695
2576 325619
2577 320168
2578 325744
2579 325795
2580 325840
2581 325958
2582 326039
2583 326168
2584 326234
2585 326380
2586 326996
2587 327012
2588 326473
2589 326728
2590 327302
2591 327332
2592 327322
2593 327429
2594 327353
2595 326243
2596 327687
2597 327832
2598 327925
2599 327980
2600 328824
2601 327965
2602 328009
2603 328457
2604 328235
2605 327994
2606 328303
2607 327766
2608 328457
2609 328991
2610 329512
2611 328632
2612 329591
2613 329593
2614 329725
2615 331197
2616 330134
2617 330597
2618 331306
2619 330360
2620 330881
2621 330571
2622 330846
2623 330716
2624 331487
2625 332109
2626 331710
2627 331894
2628 332016
2629 332859
2630 332442
2631 331225
2632 332965
2633 333047
2634 333530
2635 333621
2636 333932
2637 334250
2638 333221
2639 333673
2640 333943
2641 333968
2642 334315
2643 334052
2644 334223
2645 334245
2646 334325
2647 153808
2648 336752
2649 334472
2650 334466
2651 334615
2652 334814
2653 334925
2654 335001
2655 335023
2656 335392
2657 335449
2658 335745
2659 336754
2660 335648
2661 335784
2662 334922
2663 335640
2664 335719
2665 335755
2666 336282
2667 336320
2668 336459
2669 336495
2670 336576
2671 336635
2672 335526
2673 336905
2674 336968
2675 336986
2676 337214
2677 337526
2678 337381
2679 337669
2680 337824
2681 338776
2682 338029
2683 338796
2684 338778
2685 338705
2686 338876
2687 338851
2688 338992
2689 339014
2690 339100
2691 337083
2692 339475
2693 339161
2694 339481
2695 339498
2696 339779
2697 339786
2698 339797
2699 339853
2700 340528
2701 340275
2702 340374
2703 340104
2704 340604
2705 341550
2706 340644
2707 340713
2708 340927
2709 341635
2710 341065
2711 341586
2712 341589
2713 341649
2714 341804
2715 341948
2716 342464
2717 342389
2718 342415
2719 342729
2720 342046
2721 342701
2722 342635
2723 342337
2724 342923
2725 346344
2726 343085
2727 344903
2728 345159
2729 345947
2730 345527
2731 340821
2732 342948
2733 342983
2734 342983
2735 343699
2736 344067
2737 344071
2738 344123
2739 344227
2740 344757
2741 344604
2742 344925
2743 344929
2744 345114
2745 345210
2746 344327
2747 345503
2748 345571
2749 345873
2750 346098
2751 346481
2752 346396
2753 341065
2754 346409
2755 346812
2756 346878
2757 346952
2758 346936
2759 347169
2760 347154
2761 347256
2762 347556
2763 348233
2764 350194
2765 350606
2766 350868
2767 351077
2768 351360
2769 351633
2770 351897
2771 352038
2772 352313
2773 352660
2774 352764
2775 353133
2776 352501
2777 353087
2778 351414
2779 347407
2780 347838
2781 348173
2782 348261
2783 349439
2784 349473
2785 350076
2786 351327
2787 352779
2788 350322
2789 352440
2790 348941
2791 356154
2792 352517
2793 349585
2794 349611
2795 351830
2796 353037
2797 353523
2798 353066
2799 356057
2800 350248
2801 355166
2802 357034
2803 352713
2804 350016
2805 353171
2806 353292
2807 353937
2808 353586
2809 353801
2810 353823
2811 354860
2812 353765
2813 353919
2814 354650
2815 354714
2816 354747
2817 354938
2818 355728
2819 354229
2820 354677
2821 356307
2822 355155
2823 355037
2824 355186
2825 355582
2826 356086
2827 356328
2828 356438
2829 356718
2830 356599
2831 356607
2832 356814
2833 356982
2834 357109
2835 357114
2836 356883
2837 357151
2838 357330
2839 354063
2840 357786
2841 357906
2842 358340
2843 358099
2844 358420
2845 358458
2846 358605
2847 358789
2848 358795
2849 358628
2850 358699
2851 358812
2852 359017
2853 359534
2854 359256
2855 359612
2856 360284
2857 359649
2858 359933
2859 360105
2860 360138
2861 360301
2862 359953
2863 360888
2864 359672
2865 360996
2866 361111
2867 361149
2868 362088
2869 361293
2870 361216
2871 362400
2872 362447
2873 363339
2874 363762
2875 363173
2876 364512
2877 363553
2878 363960
2879 364095
2880 365126
2881 363921
2882 364125
2883 364236
2884 364673
2885 363943
2886 365365
2887 365827
2888 365855
2889 366176
2890 366178
2891 365695
2892 366403
2893 366452
2894 366558
2895 367281
2896 366744
2897 367368
2898 367662
2899 367424
2900 367759
2901 367820
2902 367773
2903 367964
2904 368032
2905 368374
2906 368268
2907 368503
2908 369150
2909 369650
2910 369458
2911 369767
2912 369791
2913 370084
2914 373292
2915 369091
2916 370263
2917 370270
2918 370356
2919 370631
2920 371050
2921 371195
2922 369227
2923 371281
2924 371243
2925 371438
2926 371677
2927 371765
2928 372722
2929 371993
2930 372008
2931 372044
2932 372773
2933 372800
2934 373732
2935 372997
2936 373580
2937 373024
2938 367834
2939 373561
2940 373807
2941 373769
2942 374071
2943 374142
2944 374307
2945 376209
2946 374424
2947 374510
2948 374392
2949 375059
2950 374460
2951 374970
2952 375198
2953 375457
2954 374613
2955 374750
2956 375338
2957 375041
2958 375753
2959 375153
2960 375577
2961 375980
2962 376017
2963 376012
2964 376067
2965 374267
2966 376244
2967 376289
2968 377493
2969 376321
2970 366484
2971 377087
2972 377152
2973 377187
2974 377551
2975 377875
2976 378127
2977 378529
2978 379266
2979 377674
2980 377795
2981 377831
2982 378408
2983 378653
2984 379036
2985 378397
2986 379276
2987 379479
2988 381866
2989 365398
2990 368897
2991 368971
2992 369032
2993 369404
2994 373010
2995 369919
2996 376758
2997 377202
2998 379218
2999 379499
3000 379569
3001 380022
3002 377325
3003 380102
3004 380135
3005 380171
3006 380211
3007 380392
3008 380439
3009 380599
3010 371000
3011 380226
3012 380565
3013 380739
3014 380898
3015 380939
3016 382456
3017 380984
3018 370056
3019 380987
3020 371519
3021 372468
3022 374359
3023 375159
3024 379822
3025 382121
3026 381966
3027 382262
3028 381747
3029 382193
3030 359720
3031 382533
3032 382925
3033 383165
3034 382765
3035 383255
3036 383456
3037 383747
3038 384202
3039 383806
3040 383869
3041 384224
3042 384258
3043 382616
3044 386229
3045 385092
3046 385221
3047 386363
3048 385507
3049 385494
3050 386285
3051 382815
3052 383261
3053 383446
3054 384631
3055 382950
3056 386469
3057 383465
3058 384197
3059 386005
3060 386518
3061 386482
3062 382540
3063 386845
3064 387040
3065 387155
3066 387174
3067 387928
3068 388073
3069 388135
3070 388672
3071 389046
3072 388958
3073 389275
3074 389059
3075 389103
3076 389196
3077 389064
3078 390825
3079 388772
3080 389082
3081 389429
3082 389580
3083 389730
3084 390446
3085 390635
3086 390904
3087 390598
3088 390494
3089 390767
3090 391077
3091 391234
3092 391286
3093 391298
3094 391629
3095 391707
3096 391641
3097 392570
3098 391806
3099 391825
3100 391833
3101 391873
3102 392005
3103 393281
3104 393342
3105 391992
3106 394833
3107 391985
3108 393673
3109 393740
3110 393392
3111 393911
3112 393972
3113 394221
3114 395003
3115 395316
3116 395629
3117 395813
3118 396189
3119 395879
3120 410942
3121 393584
3122 394090
3123 394063
3124 383278
3125 395498
3126 384213
3127 384271
3128 386853
3129 390435
3130 387380
3131 387591
3132 389803
3133 390464
3134 396673
3135 391146
3136 390319
3137 390962
3138 391509
3139 392094
3140 394922
3141 395235
3142 396221
3143 395808
3144 392995
3145 396240
3146 393903
3147 396309
3148 396400
3149 396415
3150 396748
3151 396337
3152 396943
3153 396981
3154 397733
3155 399098
3156 400015
3157 401534
3158 397347
3159 397071
3160 405638
3161 397975
3162 405241
3163 406055
3164 406244
3165 398020
3166 407302
3167 408663
3168 399967
3169 409100
3170 409882
3171 412586
3172 410289
3173 413513
3174 415233
3175 409724
3176 410458
3177 413906
3178 415044
3179 415160
3180 415662
3181 397021
3182 417686
3183 415784
3184 400471
3185 416101
3186 416910
3187 417440
3188 416459
3189 432620
3190 404068
3191 418870
3192 421432
3193 418081
3194 419447
3195 375710
3196 398122
3197 398604
3198 398690
3199 398634
3200 398842
3201 399391
3202 399028
3203 399367
3204 399501
3205 399590
3206 399659
3207 399733
3208 400078
3209 400383
3210 400440
3211 401006
3212 400676
3213 400827
3214 401224
3215 401255
3216 401858
3217 401910
3218 401943
3219 402149
3220 403888
3221 402053
3222 402781
3223 403351
3224 404284
3225 404711
3226 404736
3227 404960
3228 405739
3229 405996
3230 406239
3231 401944
3232 402125
3233 402445
3234 401201
3235 403416
3236 402579
3237 404356
3238 403558
3239 404514
3240 404604
3241 404972
3242 405148
3243 405577
3244 406487
3245 406611
3246 406629
3247 406634
3248 406654
3249 406876
3250 407004
3251 407184
3252 407077
3253 407206
3254 407290
3255 407497
3256 407604
3257 408201
3258 408357
3259 407557
3260 409642
3261 408194
3262 409387
3263 412748
3264 407583
3265 408600
3266 408837
3267 409746
3268 410487
3269 410514
3270 415388
3271 410485
3272 407731
3273 410029
3274 410513
3275 411095
3276 410111
3277 410113
3278 410478
3279 410700
3280 411160
3281 411355
3282 411451
3283 412124
3284 412393
3285 413356
3286 412475
3287 412799
3288 412840
3289 413407
3290 416615
3291 413643
3292 412348
3293 414567
3294 413726
3295 414092
3296 413944
3297 419606
3298 414193
3299 400427
3300 415306
3301 414694
3302 414847
3303 415039
3304 415091
3305 417370
3306 414768
3307 415317
3308 415771
3309 417561
3310 417124
3311 417692
3312 408322
3313 408509
3314 409955
3315 408626
3316 408587
3317 409268
3318 409136
3319 413279
3320 409408
3321 410597
3322 411218
3323 412477
3324 413382
3325 413634
3326 413804
3327 414047
3328 413994
3329 414339
3330 415777
3331 417800
3332 416950
3333 417895
3334 418063
3335 418339
3336 418241
3337 418333
3338 418325
3339 417669
3340 418597
3341 418867
3342 418892
3343 418655
3344 418712
3345 418843
3346 418895
3347 423251
3348 419323
3349 419964
3350 420117
3351 420424
3352 419999
3353 420418
3354 419905
3355 420799
3356 420061
3357 420843
3358 421113
3359 421246
3360 421365
3361 421487
3362 422074
3363 422528
3364 422493
3365 423207
3366 423150
3367 422578
3368 423333
3369 423527
3370 423350
3371 423568
3372 423735
3373 423777
3374 423625
3375 423990
3376 424366
3377 424487
3378 425905
3379 424408
3380 426109
3381 424734
3382 425606
3383 425121
3384 426250
3385 426770
3386 425149
3387 425249
3388 426867
3389 426082
3390 426382
3391 426232
3392 427044
3393 427108
3394 427600
3395 428033
3396 425098
3397 425304
3398 426517
3399 426591
3400 427126
3401 425519
3402 427627
3403 427744
3404 428273
3405 428234
3406 427754
3407 427911
3408 427946
3409 426808
3410 428334
3411 428422
3412 428635
3413 429053
3414 429578
3415 429918
3416 429996
3417 430252
3418 426624
3419 428912
3420 429386
3421 429403
3422 430065
3423 430088
3424 430113
3425 430157
3426 430116
3427 430259
3428 424506
3429 430820
3430 431175
3431 431639
3432 432356
3433 432498
3434 432811
3435 432847
3436 433017
3437 433412
3438 433430
3439 432936
3440 434224
3441 433206
3442 433760
3443 434084
3444 434037
3445 433042
3446 434249
3447 434442
3448 434675
3449 434631
3450 434989
3451 436539
3452 438957
3453 432260
3454 434361
3455 434470
3456 434716
3457 434617
3458 434671
3459 434884
3460 435032
3461 435347
3462 435141
3463 435066
3464 435410
3465 435825
3466 435938
3467 436677
3468 436971
3469 435489
3470 441657
3471 435588
3472 435481
3473 436343
3474 436550
3475 436820
3476 436915
3477 437177
3478 437121
3479 443173
3480 444451
3481 438402
3482 438970
3483 439459
3484 439636
3485 440386
3486 440510
3487 441073
3488 441080
3489 445007
3490 445121
3491 443672
3492 445123
3493 445840
3494 446201
3495 447919
3496 448779
3497 446759
3498 448804
3499 449233
3500 449705
3501 449088
3502 449149
3503 449479
3504 450095
3505 450513
3506 451502
3507 450587
3508 451325
3509 451946
3510 452331
3511 452439
3512 452893
3513 452542
3514 452932
3515 453139
3516 453724
3517 463652
3518 453964
3519 435730
3520 454632
3521 437186
3522 437802
3523 437502
3524 438218
3525 438284
3526 438406
3527 438592
3528 438757
3529 439348
3530 439882
3531 438541
3532 439292
3533 439420
3534 437368
3535 440054
3536 440079
3537 442225
3538 442830
3539 443582
3540 446062
3541 441224
3542 442133
3543 446702
3544 444213
3545 445756
3546 448953
3547 445527
3548 448674
3549 447894
3550 437393
3551 450008
3552 450107
3553 456103
3554 456136
3555 455950
3556 456244
3557 456337
3558 456369
3559 456376
3560 456767
3561 457185
3562 457712
3563 458049
3564 458098
3565 458882
3566 464194
3567 458251
3568 457435
3569 458485
3570 458195
3571 430348
3572 462370
3573 458624
3574 462704
3575 463056
3576 463759
3577 463828
3578 464290
3579 463811
3580 464364
3581 440375
3582 440717
3583 440831
3584 441156
3585 441473
3586 441879
3587 441182
3588 441980
3589 441880
3590 443106
3591 441537
3592 441853
3593 442456
3594 443078
3595 442380
3596 442882
3597 443246
3598 443217
3599 467096
3600 443573
3601 444291
3602 445095
3603 444491
3604 445209
3605 445975
3606 445400
3607 444723
3608 445453
3609 446249
3610 448435
3611 454816
3612 446303
3613 446338
3614 446357
3615 446532
3616 446797
3617 446578
3618 446744
3619 447506
3620 447917
3621 463025
3622 446927
3623 445400
3624 447029
3625 447834
3626 451841
3627 447971
3628 448393
3629 455106
3630 457754
3631 448948
3632 453396
3633 455483
3634 458683
3635 459477
3636 461821
3637 459359
3638 462365
3639 448708
3640 448905
3641 449076
3642 451021
3643 451057
3644 451132
3645 451593
3646 451852
3647 452207
3648 452762
3649 453053
3650 453136
3651 453256
3652 452987
3653 453471
3654 453661
3655 453743
3656 453846
3657 453880
3658 454574
3659 454482
3660 454650
3661 454814
3662 454271
3663 453456
3664 454899
3665 455501
3666 455565
3667 455620
3668 455685
3669 456451
3670 456017
3671 456464
3672 456759
3673 456899
3674 456770
3675 456946
3676 457137
3677 457162
3678 457638
3679 457982
3680 458926
3681 457137
3682 459637
3683 466637
3684 457537
3685 458062
3686 459965
3687 460617
3688 460667
3689 461150
3690 461741
3691 460355
3692 461811
3693 459854
3694 461839
3695 463373
3696 462205
3697 462516
3698 463586
3699 442201
3700 463822
3701 464571
3702 464692
3703 465020
3704 465053
3705 465243
3706 465416
3707 464647
3708 465571
3709 465498
3710 465658
3711 465930
3712 466021
3713 466601
3714 466604
3715 466713
3716 467325
3717 467023
3718 467195
3719 467494
3720 468605
3721 468069
3722 468104
3723 468247
3724 468276
3725 468415
3726 468195
3727 468527
3728 468578
3729 468730
3730 469986
3731 468357
3732 468655
3733 469069
3734 469190
3735 469599
3736 469143
3737 469400
3738 469415
3739 470520
3740 469310
3741 469432
3742 469858
3743 470068
3744 470304
3745 469626
3746 470531
3747 470993
3748 470689
3749 471014
3750 471469
3751 471271
3752 471661
3753 471705
3754 471836
3755 472016
3756 472221
3757 472249
3758 472331
3759 472482
3760 472647
3761 471975
3762 472707
3763 472879
3764 473095
3765 473432
3766 473445
3767 473543
3768 472014
3769 473604
3770 473683
3771 474219
3772 474994
3773 475144
3774 474050
3775 474378
3776 474855
3777 475242
3778 475368
3779 475525
3780 476024
3781 476281
3782 477242
3783 475646
3784 452950
3785 476630
3786 476679
3787 478889
3788 476851
3789 476721
3790 476949
3791 477003
3792 477051
3793 480269
3794 476988
3795 477291
3796 477827
3797 477369
3798 477384
3799 477703
3800 478508
3801 479188
3802 477497
3803 477612
3804 477627
3805 478360
3806 482908
3807 478543
3808 479002
3809 479342
3810 477828
3811 479256
3812 477645
3813 478689
3814 479594
3815 480757
3816 481792
3817 479991
3818 481531
3819 480568
3820 477325
3821 483490
3822 483509
3823 484491
3824 486546
3825 483696
3826 487892
3827 485076
3828 485959
3829 487426
3830 485721
3831 487986
3832 488255
3833 488876
3834 488383
3835 488784
3836 488837
3837 488609
3838 489196
3839 489636
3840 490234
3841 490295
3842 490377
3843 490576
3844 492232
3845 491778
3846 490325
3847 492238
3848 491386
3849 492758
3850 492849
3851 493992
3852 493544
3853 494293
3854 493985
3855 478915
3856 479509
3857 479593
3858 479619
3859 479745
3860 479877
3861 480046
3862 480271
3863 480295
3864 480821
3865 480957
3866 481079
3867 481179
3868 480329
3869 481362
3870 482981
3871 482092
3872 482544
3873 482095
3874 482570
3875 482702
3876 482433
3877 481991
3878 482990
3879 483086
3880 483248
3881 483302
3882 486186
3883 488587
3884 489619
3885 482610
3886 490064
3887 483832
3888 484071
3889 484234
3890 485378
3891 484498
3892 484542
3893 484749
3894 484901
3895 485092
3896 485208
3897 484882
3898 485813
3899 485917
3900 485935
3901 486154
3902 486540
3903 486281
3904 486555
3905 486688
3906 487871
3907 488478
3908 488792
3909 489891
3910 489335
3911 490568
3912 491002
3913 491115
3914 496212
3915 492166
3916 494235
3917 495054
3918 495610
3919 495637
3920 482111
3921 496083
3922 487756
3923 488361
3924 489421
3925 495498
3926 495871
3927 496208
3928 496414
3929 497941
3930 488868
3931 490624
3932 491220
3933 493982
3934 490657
3935 493236
3936 490917
3937 493529
3938 494554
3939 491062
3940 492355
3941 492747
3942 493508
3943 496280
3944 496532
3945 496556
3946 492420
3947 496688
3948 491110
3949 491837
3950 495989
3951 496588
3952 497038
3953 496678
3954 496804
3955 497854
3956 496678
3957 493206
3958 493380
3959 494861
3960 496959
3961 497878
3962 497056
3963 497135
3964 497195
3965 497571
3966 498970
3967 498435
3968 499141
3969 498450
3970 498040
3971 498879
3972 499220
3973 483794
3974 499611
3975 499814
3976 499888
3977 500018
3978 500106
3979 500067
3980 500238
3981 500240
3982 500484
3983 500750
3984 500927
3985 501104
3986 501146
3987 501188
3988 501305
3989 501106
3990 501389
3991 501409
3992 501566
3993 501567
3994 501618
3995 501656
3996 501648
3997 501758
3998 501999
3999 501469
4000 502413
4001 501762
4002 501790
4003 501959
4004 502672
4005 502684
4006 502685
4007 503051
4008 503417
4009 503789
4010 504729
4011 504904
4012 502896
4013 503040
4014 503139
4015 503273
4016 503484
4017 503663
4018 503737
4019 504000
4020 504336
4021 504800
4022 504119
4023 504987
4024 505163
4025 508003
4026 505221
4027 505381
4028 505434
4029 505275
4030 505523
4031 505576
4032 506602
4033 506049
4034 506702
4035 505956
4036 506765
4037 506985
4038 507643
4039 507754
4040 507978
4041 508007
4042 476413
4043 508064
4044 508986
4045 508146
4046 508506
4047 508568
4048 508677
4049 508929
4050 509060
4051 509450
4052 510934
4053 511324
4054 509270
4055 509674
4056 510105
4057 510314
4058 510386
4059 511659
4060 511652
4061 509802
4062 511822
4063 511937
4064 511947
4065 513715
4066 511968
4067 512221
4068 512647
4069 512664
4070 513232
4071 512954
4072 512057
4073 513958
4074 514303
4075 514555
4076 514410
4077 516356
4078 513420
4079 514663
4080 514873
4081 515067
4082 515135
4083 514875
4084 517125
4085 515180
4086 515637
4087 515692
4088 516944
4089 516032
4090 516075
4091 516438
4092 516659
4093 516723
4094 517164
4095 517256
4096 517697
4097 515883
4098 517193
4099 516833
4100 517390
4101 509125
4102 517699
4103 518418
4104 532829
4105 518738
4106 517754
4107 520249
4108 520498
4109 526458
4110 518107
4111 527986
4112 518404
4113 520953
4114 518183
4115 521910
4116 518253
4117 522840
4118 518037
4119 531121
4120 529873
4121 522125
4122 528756
4123 532299
4124 528763
4125 517981
4126 518502
4127 519360
4128 519496
4129 519678
4130 519542
4131 519527
4132 520464
4133 525259
4134 525700
4135 520466
4136 526487
4137 532488
4138 519068
4139 519437
4140 521639
4141 524796
4142 523628
4143 528705
4144 530864
4145 532467
4146 533742
4147 533429
4148 533844
4149 533941
4150 534838
4151 535306
4152 535445
4153 538776
4154 539870
4155 553412
4156 539964
4157 540247
4158 540200
4159 521534
4160 530733
4161 538276
4162 540781
4163 541500
4164 542559
4165 543273
4166 545647
4167 542889
4168 543558
4169 543102
4170 549289
4171 543745
4172 544151
4173 545527
4174 546121
4175 550837
4176 550065
4177 551333
4178 551487
4179 542750
4180 544405
4181 547941
4182 544537
4183 551404
4184 544674
4185 552485
4186 552756
4187 553012
4188 553039
4189 553423
4190 554685
4191 553492
4192 555095
4193 555150
4194 555266
4195 555361
4196 555436
4197 511874
4198 559800
4199 557651
4200 558542
4201 559459
4202 559933
4203 560100
4204 560417
4205 561201
4206 560603
4207 559431
4208 561705
4209 562227
4210 519729
4211 520054
4212 520240
4213 520288
4214 519954
4215 520439
4216 520564
4217 520797
4218 521058
4219 521202
4220 521515
4221 521526
4222 534878
4223 521537
4224 522775
4225 523364
4226 523655
4227 525756
4228 525915
4229 520679
4230 521879
4231 521953
4232 522211
4233 522999
4234 523435
4235 523624
4236 523208
4237 525481
4238 523260
4239 524228
4240 524383
4241 524622
4242 524692
4243 524856
4244 524865
4245 525575
4246 524871
4247 525594
4248 527440
4249 525821
4250 525920
4251 523489
4252 525290
4253 525325
4254 525921
4255 525934
4256 525967
4257 527387
4258 527015
4259 527020
4260 526160
4261 527310
4262 528162
4263 527270
4264 526392
4265 527848
4266 527993
4267 528201
4268 528082
4269 526784
4270 527710
4271 522129
4272 527761
4273 528683
4274 529468
4275 529295
4276 529378
4277 529682
4278 529818
4279 529991
4280 530021
4281 530466
4282 530113
4283 531223
4284 531330
4285 532478
4286 532984
4287 529774
4288 529790
4289 530135
4290 530588
4291 535823
4292 529908
4293 529982
4294 531174
4295 531462
4296 531699
4297 532289
4298 533300
4299 531209
4300 531730
4301 532014
4302 533367
4303 533321
4304 533324
4305 534370
4306 535148
4307 532486
4308 535193
4309 535343
4310 535489
4311 534402
4312 535532
4313 535674
4314 538500
4315 535836
4316 532211
4317 536000
4318 533352
4319 533752
4320 534331
4321 536281
4322 536425
4323 536620
4324 535344
4325 536460
4326 536761
4327 536993
4328 537072
4329 537148
4330 537163
4331 537377
4332 538224
4333 537407
4334 537500
4335 537718
4336 538574
4337 537902
4338 537987
4339 537133
4340 538582
4341 538731
4342 539216
4343 539326
4344 538714
4345 539393
4346 539482
4347 539533
4348 540007
4349 539957
4350 541247
4351 539626
4352 540200
4353 538942
4354 540513
4355 540533
4356 540553
4357 540643
4358 540943
4359 540802
4360 541012
4361 541391
4362 541403
4363 541434
4364 541670
4365 541766
4366 541896
4367 542014
4368 542056
4369 542571
4370 542933
4371 543010
4372 543289
4373 543409
4374 542580
4375 543346
4376 543576
4377 542889
4378 543646
4379 543759
4380 543840
4381 543935
4382 544019
4383 544025
4384 544444
4385 543950
4386 544877
4387 545014
4388 544997
4389 545376
4390 545393
4391 545653
4392 546010
4393 541891
4394 548708
4395 544533
4396 544537
4397 545244
4398 545707
4399 545883
4400 546143
4401 546545
4402 546625
4403 546650
4404 547611
4405 547818
4406 547827
4407 546898
4408 546913
4409 547257
4410 548116
4411 548777
4412 547174
4413 547558
4414 548346
4415 548059
4416 549224
4417 548132
4418 548917
4419 548566
4420 548722
4421 548950
4422 549501
4423 549876
4424 550075
4425 550239
4426 550495
4427 552230
4428 550615
4429 547442
4430 549532
4431 549599
4432 549979
4433 550003
4434 550106
4435 550242
4436 549792
4437 550427
4438 550755
4439 550846
4440 550954
4441 551176
4442 551030
4443 551073
4444 551214
4445 551478
4446 551580
4447 551662
4448 551973
4449 553352
4450 552360
4451 552816
4452 552500
4453 553106
4454 553247
4455 553720
4456 554063
4457 554344
4458 554083
4459 554488
4460 554619
4461 555232
4462 554899
4463 554937
4464 555089
4465 555041
4466 553636
4467 555605
4468 556531
4469 556615
4470 558443
4471 558467
4472 558695
4473 556615
4474 559200
4475 560620
4476 557463
4477 557943
4478 559259
4479 559636
4480 560275
4481 560226
4482 560646
4483 561194
4484 561423
4485 558692
4486 555745
4487 560798
4488 556221
4489 561779
4490 561889
4491 562162
4492 562186
4493 562267
4494 562442
4495 562476
4496 562493
4497 562555
4498 562528
4499 562620
4500 563116
4501 555645
4502 556366
4503 559212
4504 560053
4505 563460
4506 560199
4507 561545
4508 561565
4509 562802
4510 559662
4511 562907
4512 563475
4513 564130
4514 563066
4515 559327
4516 561500
4517 563603
4518 563608
4519 563919
4520 563933
4521 564122
4522 564189
4523 564215
4524 563875
4525 563948
4526 564045
4527 563941
4528 564326
4529 522723
4530 564777
4531 564852
4532 564921
4533 564961
4534 565913
4535 565120
4536 565355
4537 565740
4538 566003
4539 566059
4540 566134
4541 566171
4542 565872
4543 566222
4544 566244
4545 566306
4546 566404
4547 566926
4548 567128
4549 567467
4550 569821
4551 567569
4552 567603
4553 567610
4554 567847
4555 567473
4556 567958
4557 570523
4558 568667
4559 566857
4560 569955
4561 570905
4562 571270
4563 571821
4564 571889
4565 572191
4566 570907
4567 571832
4568 572363
4569 573360
4570 568753
4571 566859
4572 568788
4573 569276
4574 572062
4575 572456
4576 574247
4577 574520
4578 573936
4579 574969
4580 575638
4581 567175
4582 567475
4583 567528
4584 567615
4585 567845
4586 567968
4587 567935
4588 568029
4589 568502
4590 569223
4591 569489
4592 569441
4593 569574
4594 569634
4595 570988
4596 571417
4597 574292
4598 574755
4599 574499
4600 575382
4601 636349
4602 569726
4603 569947
4604 570067
4605 570124
4606 570371
4607 570599
4608 570150
4609 571127
4610 570352
4611 571308
4612 572220
4613 572160
4614 572584
4615 572233
4616 571642
4617 572544
4618 573073
4619 574451
4620 573532
4621 573777
4622 574630
4623 574347
4624 574565
4625 575123
4626 574702
4627 578492
4628 573378
4629 573441
4630 575661
4631 576036
4632 574017
4633 574795
4634 573724
4635 574876
4636 576100
4637 576171
4638 576542
4639 576631
4640 576718
4641 576568
4642 577083
4643 577128
4644 577508
4645 577616
4646 579624
4647 578142
4648 578148
4649 579222
4650 579817
4651 578641
4652 579179
4653 580509
4654 576483
4655 578305
4656 578564
4657 579443
4658 579502
4659 579832
4660 580806
4661 579856
4662 579862
4663 574322
4664 580317
4665 580428
4666 580636
4667 580669
4668 580816
4669 580956
4670 580995
4671 581153
4672 581191
4673 576600
4674 581525
4675 581624
4676 582132
4677 582055
4678 582390
4679 582503
4680 582627
4681 583074
4682 583378
4683 585905
4684 583383
4685 583467
4686 583921
4687 583980
4688 584056
4689 584143
4690 584356
4691 585153
4692 585188
4693 588158
4694 585696
4695 585740
4696 585455
4697 586068
4698 586241
4699 586746
4700 586836
4701 587411
4702 587930
4703 588377
4704 588170
4705 587871
4706 588435
4707 589803
4708 592395
4709 586727
4710 582786
4711 589232
4712 590137
4713 590748
4714 591149
4715 591507
4716 591546
4717 591554
4718 592404
4719 591978
4720 579599
4721 592357
4722 607100
4723 581689
4724 581997
4725 581801
4726 582502
4727 582578
4728 582629
4729 582906
4730 582996
4731 583046
4732 583314
4733 583182
4734 583853
4735 583606
4736 583775
4737 584414
4738 584480
4739 584740
4740 585214
4741 585343
4742 585960
4743 586171
4744 586200
4745 586331
4746 586330
4747 588219
4748 586700
4749 589256
4750 588618
4751 589398
4752 589806
4753 585483
4754 589627
4755 589739
4756 589888
4757 589921
4758 586237
4759 588215
4760 590318
4761 593835
4762 592573
4763 592444
4764 592582
4765 592681
4766 592732
4767 593146
4768 593195
4769 593458
4770 593516
4771 593577
4772 593581
4773 593617
4774 593758
4775 593644
4776 593837
4777 594178
4778 594202
4779 592754
4780 594274
4781 594389
4782 594422
4783 594555
4784 594854
4785 595084
4786 594889
4787 595139
4788 597809
4789 595168
4790 595616
4791 596185
4792 596919
4793 597055
4794 597147
4795 597341
4796 599799
4797 597420
4798 598464
4799 598828
4800 597662
4801 596876
4802 599022
4803 599288
4804 600100
4805 599187
4806 599791
4807 600054
4808 594793
4809 602162
4810 594955
4811 596617
4812 597131
4813 600199
4814 594973
4815 595322
4816 598846
4817 597519
4818 598879
4819 596249
4820 600109
4821 600343
4822 600891
4823 597498
4824 597878
4825 599211
4826 598409
4827 598869
4828 599415
4829 599723
4830 599784
4831 600098
4832 601210
4833 601317
4834 604007
4835 600470
4836 603738
4837 605994
4838 604375
4839 604927
4840 596965
4841 600530
4842 600601
4843 600702
4844 600735
4845 601274
4846 601378
4847 601103
4848 602300
4849 602882
4850 603317
4851 603330
4852 603364
4853 603547
4854 601776
4855 603498
4856 603556
4857 603654
4858 603843
4859 604552
4860 604139
4861 604414
4862 604425
4863 604325
4864 604533
4865 604634
4866 604833
4867 604868
4868 605304
4869 605344
4870 605937
4871 606585
4872 606965
4873 606863
4874 607121
4875 605105
4876 605143
4877 605212
4878 605209
4879 605316
4880 606705
4881 607193
4882 607106
4883 605434
4884 607608
4885 607665
4886 607680
4887 607810
4888 608040
4889 608208
4890 608108
4891 591255
4892 608166
4893 608271
4894 608438
4895 608563
4896 608611
4897 608694
4898 608757
4899 608399
4900 608887
4901 609031
4902 609368
4903 609452
4904 609516
4905 609663
4906 610249
4907 610246
4908 610707
4909 610356
4910 610701
4911 610640
4912 611523
4913 610422
4914 611205
4915 610723
4916 611762
4917 610721
4918 610777
4919 611643
4920 609699
4921 611053
4922 612130
4923 612160
4924 612203
4925 599579
4926 612237
4927 612353
4928 612568
4929 612752
4930 612936
4931 613113
4932 613402
4933 612538
4934 612621
4935 613390
4936 613429
4937 613588
4938 613239
4939 613294
4940 613442
4941 613452
4942 613861
4943 613898
4944 613905
4945 614065
4946 614240
4947 614245
4948 623446
4949 614476
4950 613521
4951 618166
4952 614256
4953 615295
4954 615680
4955 615707
4956 616302
4957 618276
4958 618668
4959 615123
4960 615394
4961 616797
4962 618232
4963 625216
4964 614420
4965 617171
4966 619237
4967 619509
4968 620244
4969 620727
4970 614356
4971 619838
4972 620774
4973 621022
4974 621513
4975 621816
4976 622695
4977 623051
4978 623676
4979 623778
4980 625086
4981 622210
4982 621556
4983 622631
4984 624948
4985 623290
4986 624184
4987 623132
4988 624965
4989 626712
4990 625016
4991 614371
4992 614672
4993 619371
4994 614906
4995 615691
4996 615944
4997 615016
4998 616181
4999 620636
5000 616232
5001 616319
5002 616875
5003 617508
5004 617679
5005 617852
5006 618542
5007 619356
5008 619859
5009 620725
5010 617012
5011 617060
5012 617689
5013 618169
5014 619324
5015 620841
5016 620884
5017 621762
5018 621940
5019 622073
5020 621814
5021 622343
5022 623681
5023 621213
5024 622134
5025 615468
5026 622588
5027 623068
5028 622230
5029 622299
5030 623842
5031 623957
5032 624568
5033 625013
5034 624792
5035 624844
5036 625148
5037 625365
5038 625826
5039 625862
5040 625880
5041 626091
5042 626106
5043 626272
5044 626386
5045 626483
5046 626477
5047 626533
5048 627192
5049 627464
5050 627054
5051 627123
5052 627035
5053 627552
5054 625129
5055 627747
5056 627925
5057 628037
5058 628188
5059 628265
5060 628335
5061 628473
5062 629119
5063 628591
5064 629009
5065 629101
5066 628420
5067 629168
5068 630670
5069 629235
5070 629326
5071 630113
5072 629870
5073 631197
5074 629553
5075 630497
5076 630990
5077 629847
5078 631417
5079 629725
5080 629904
5081 629630
5082 629936
5083 630895
5084 631032
5085 631389
5086 631672
5087 631141
5088 631792
5089 631945
5090 632760
5091 629821
5092 630520
5093 629836
5094 630306
5095 632066
5096 632369
5097 632458
5098 632981
5099 633160
5100 633494
5101 632797
5102 632261
5103 633233
5104 633268
5105 633895
5106 633795
5107 633904
5108 634317
5109 634193
5110 634265
5111 634354
5112 634382
5113 634507
5114 634746
5115 634898
5116 634959
5117 634971
5118 635945
5119 629634
5120 630942
5121 635075
5122 635658
5123 635712
5124 633309
5125 635400
5126 635403
5127 635414
5128 635975
5129 635481
5130 635844
5131 635874
5132 636065
5133 632367
5134 636103
5135 635230
5136 636351
5137 636548
5138 636371
5139 636485
5140 636663
5141 619967
5142 636694
5143 636823
5144 637015
5145 637112
5146 637373
5147 637378
5148 637475
5149 637545
5150 637722
5151 638029
5152 637478
5153 638055
5154 638240
5155 638482
5156 639202
5157 639367
5158 637684
5159 638738
5160 637702
5161 638157
5162 638322
5163 638414
5164 638080
5165 639028
5166 641731
5167 639162
5168 639281
5169 639568
5170 639678
5171 640088
5172 640163
5173 640404
5174 640520
5175 642060
5176 641176
5177 640970
5178 641192
5179 641551
5180 641543
5181 641974
5182 641486
5183 642145
5184 642410
5185 642684
5186 642766
5187 642892
5188 642931
5189 643207
5190 643054
5191 643061
5192 642820
5193 643318
5194 643760
5195 643026
5196 639303
5197 648576
5198 641807
5199 644195
5200 645335
5201 641871
5202 644278
5203 642575
5204 643859
5205 644364
5206 644639
5207 645389
5208 647316
5209 646379
5210 644895
5211 647651
5212 645365
5213 646958
5214 645604
5215 645667
5216 646619
5217 646456
5218 646387
5219 646632
5220 646675
5221 645777
5222 646686
5223 647046
5224 647494
5225 647498
5226 648483
5227 647769
5228 647855
5229 648412
5230 591313
5231 652253
5232 638127
5233 641338
5234 640197
5235 639583
5236 640801
5237 643507
5238 648627
5239 649443
5240 649528
5241 650026
5242 649425
5243 650460
5244 649712
5245 650153
5246 650197
5247 650308
5248 650710
5249 650751
5250 650154
5251 650754
5252 650758
5253 651093
5254 651144
5255 651901
5256 650884
5257 651191
5258 651199
5259 651272
5260 651201
5261 650994
5262 651426
5263 651539
5264 651950
5265 651973
5266 652819
5267 652688
5268 652532
5269 652818
5270 653058
5271 653114
5272 653237
5273 653325
5274 653524
5275 653601
5276 653684
5277 653254
5278 653972
5279 654174
5280 654080
5281 654422
5282 654660
5283 654786
5284 654815
5285 655646
5286 651628
5287 655648
5288 656715
5289 655706
5290 656913
5291 657027
5292 653982
5293 654082
5294 654387
5295 655980
5296 654739
5297 656119
5298 655676
5299 654655
5300 655535
5301 655758
5302 656009
5303 656167
5304 656440
5305 656447
5306 656489
5307 657276
5308 657225
5309 657299
5310 655846
5311 658169
5312 657348
5313 657392
5314 657564
5315 657453
5316 657629
5317 658856
5318 655675
5319 658250
5320 614426
5321 658624
5322 658772
5323 660916
5324 657569
5325 658272
5326 658367
5327 658918
5328 659401
5329 658937
5330 659103
5331 659124
5332 659230
5333 659288
5334 659413
5335 659444
5336 659855
5337 659767
5338 659646
5339 659983
5340 660060
5341 660221
5342 660790
5343 660898
5344 661089
5345 660125
5346 661191
5347 661228
5348 661749
5349 661451
5350 661492
5351 661782
5352 661538
5353 661735
5354 662050
5355 662322
5356 662310
5357 419139
5358 662583
5359 662858
5360 662868
5361 663099
5362 663128
5363 663009
5364 663306
5365 663689
5366 663728
5367 663692
5368 664071
5369 664164
5370 664612
5371 663115
5372 664668
5373 664938
5374 663102
5375 665107
5376 666248
5377 667142
5378 665202
5379 665427
5380 665684
5381 665605
5382 666109
5383 665827
5384 666103
5385 667245
5386 667930
5387 667447
5388 666234
5389 666806
5390 666431
5391 666391
5392 666812
5393 666897
5394 667147
5395 666826
5396 666838
5397 667144
5398 667182
5399 667328
5400 667193
5401 667567
5402 667590
5403 667474
5404 667754
5405 668133
5406 664011
5407 668217
5408 668224
5409 668255
5410 668413
5411 668619
5412 668683
5413 668660
5414 668770
5415 670072
5416 669701
5417 670080
5418 670136
5419 670185
5420 670622
5421 670209
5422 670671
5423 670840
5424 670907
5425 671120
5426 671162
5427 671284
5428 672848
5429 668877
5430 669627
5431 670189
5432 671428
5433 671643
5434 671873
5435 671371
5436 672572
5437 671450
5438 672130
5439 672137
5440 672093
5441 672309
5442 671454
5443 672309
5444 672266
5445 671472
5446 672631
5447 671902
5448 672869
5449 673020
5450 673564
5451 673919
5452 674043
5453 674150
5454 664517
5455 674460
5456 674570
5457 674806
5458 675659
5459 674695
5460 675923
5461 674731
5462 675856
5463 675497
5464 675577
5465 675496
5466 675629
5467 676109
5468 676151
5469 676181
5470 676429
5471 676791
5472 676580
5473 674893
5474 676896
5475 677639
5476 677664
5477 679296
5478 679351
5479 679585
5480 680655
5481 680656
5482 681410
5483 681519
5484 681843
5485 682721
5486 679840
5487 682979
5488 681237
5489 678502
5490 683208
5491 681361
5492 683325
5493 685514
5494 685874
5495 686177
5496 688435
5497 683590
5498 684381
5499 685407
5500 687084
5501 687625
5502 686695
5503 687626
5504 692537
5505 691461
5506 694175
5507 694981
5508 690861
5509 691327
5510 692403
5511 692961
5512 695024
5513 695538
5514 695958
5515 699385
5516 700166
5517 701111
5518 702714
5519 700525
5520 703432
5521 697274
5522 698387
5523 705416
5524 696871
5525 699251
5526 704612
5527 705342
5528 705517
5529 705716
5530 705776
5531 707308
5532 707650
5533 708298
5534 706404
5535 696078
5536 698076
5537 701546
5538 707282
5539 708310
5540 708354
5541 708411
5542 699885
5543 668844
5544 706767
5545 676187
5546 676293
5547 676429
5548 676596
5549 679929
5550 676326
5551 676452
5552 676761
5553 676863
5554 676965
5555 677008
5556 677112
5557 677218
5558 677468
5559 678881
5560 677435
5561 677626
5562 680698
5563 678642
5564 679347
5565 682805
5566 680244
5567 682126
5568 683925
5569 681647
5570 677707
5571 681908
5572 678426
5573 681966
5574 682166
5575 682688
5576 683515
5577 683777
5578 683809
5579 683165
5580 678099
5581 678832
5582 679570
5583 681798
5584 680230
5585 681014
5586 682200
5587 681479
5588 683284
5589 679401
5590 682187
5591 680483
5592 682237
5593 684088
5594 682542
5595 682664
5596 682807
5597 683782
5598 682864
5599 683903
5600 684113
5601 684820
5602 684240
5603 677224
5604 683989
5605 685991
5606 684866
5607 685038
5608 685149
5609 679559
5610 682025
5611 683211
5612 684414
5613 684434
5614 685924
5615 685988
5616 684709
5617 686498
5618 688371
5619 686624
5620 688356
5621 686626
5622 688428
5623 687784
5624 686550
5625 688439
5626 688495
5627 689332
5628 688661
5629 689798
5630 690414
5631 690354
5632 690696
5633 690534
5634 688262
5635 690547
5636 691059
5637 692650
5638 692900
5639 694116
5640 691544
5641 693236
5642 693573
5643 698099
5644 691927
5645 693934
5646 696020
5647 694086
5648 691454
5649 691951
5650 692449
5651 692941
5652 692942
5653 697953
5654 694147
5655 696222
5656 696788
5657 697495
5658 698339
5659 695285
5660 695829
5661 697874
5662 696567
5663 696889
5664 695927
5665 697935
5666 697265
5667 691412
5668 698181
5669 698527
5670 698602
5671 699124
5672 699561
5673 699617
5674 699599
5675 699263
5676 699756
5677 699804
5678 700982
5679 700063
5680 700971
5681 701331
5682 700933
5683 701911
5684 702033
5685 702068
5686 702164
5687 702220
5688 702581
5689 702745
5690 702479
5691 703295
5692 702770
5693 703537
5694 703543
5695 703815
5696 703894
5697 706296
5698 702863
5699 702869
5700 703015
5701 703146
5702 704311
5703 703877
5704 704349
5705 706360
5706 709550
5707 704443
5708 704576
5709 704882
5710 706139
5711 713824
5712 706749
5713 706336
5714 707414
5715 707766
5716 706628
5717 707091
5718 707571
5719 713325
5720 715037
5721 703344
5722 707453
5723 707568
5724 708177
5725 707701
5726 707807
5727 708268
5728 708464
5729 708517
5730 708668
5731 708668
5732 708940
5733 708850
5734 708954
5735 709062
5736 709014
5737 708743
5738 709116
5739 709465
5740 707941
5741 709650
5742 709798
5743 709860
5744 709869
5745 710791
5746 710653
5747 710832
5748 716160
5749 711760
5750 711169
5751 711874
5752 713470
5753 713478
5754 712798
5755 715974
5756 715469
5757 711132
5758 713652
5759 711388
5760 711260
5761 712766
5762 711290
5763 712809
5764 713041
5765 713630
5766 713889
5767 713918
5768 713895
5769 714879
5770 714702
5771 715037
5772 715455
5773 716205
5774 701091
5775 724197
5776 711701
5777 716585
5778 716678
5779 718281
5780 716738
5781 716862
5782 716926
5783 717470
5784 717610
5785 717742
5786 718599
5787 718887
5788 718925
5789 719516
5790 719718
5791 719027
5792 716452
5793 720517
5794 719437
5795 720462
5796 721014
5797 721283
5798 721462
5799 721517
5800 722031
5801 722413
5802 722445
5803 723522
5804 723403
5805 723575
5806 721891
5807 721976
5808 722662
5809 723382
5810 722566
5811 730780
5812 721862
5813 716228
5814 716595
5815 717614
5816 717953
5817 717976
5818 718094
5819 719179
5820 719233
5821 719727
5822 719891
5823 720235
5824 723365
5825 725065
5826 720264
5827 720421
5828 720931
5829 721379
5830 721930
5831 722330
5832 725009
5833 724834
5834 723392
5835 723670
5836 723791
5837 722039
5838 723969
5839 724025
5840 724126
5841 724288
5842 724518
5843 724689
5844 725088
5845 725103
5846 724611
5847 725330
5848 725613
5849 725823
5850 726008
5851 726036
5852 726204
5853 726454
5854 726587
5855 727004
5856 726518
5857 727453
5858 727482
5859 727326
5860 727585
5861 726580
5862 728045
5863 728342
5864 728252
5865 728381
5866 726279
5867 728480
5868 728769
5869 728879
5870 728983
5871 729024
5872 729068
5873 729578
5874 729703
5875 729483
5876 729521
5877 729678
5878 730382
5879 728867
5880 729697
5881 729827
5882 730058
5883 730284
5884 730720
5885 730736
5886 730924
5887 730107
5888 730394
5889 690331
5890 731014
5891 731378
5892 731976
5893 731147
5894 731613
5895 731846
5896 732031
5897 732282
5898 733088
5899 732389
5900 732935
5901 733223
5902 733351
5903 734072
5904 734165
5905 734187
5906 733840
5907 734557
5908 734911
5909 735222
5910 735382
5911 735566
5912 735634
5913 736054
5914 735569
5915 735466
5916 735661
5917 735756
5918 735969
5919 736113
5920 735070
5921 736212
5922 736219
5923 736697
5924 736848
5925 736952
5926 737264
5927 737281
5928 737355
5929 697528
5930 737604
5931 737464
5932 737863
5933 772037
5934 730957
5935 732471
5936 732974
5937 731038
5938 733131
5939 733524
5940 731183
5941 733587
5942 736113
5943 734114
5944 737440
5945 737492
5946 738169
5947 737595
5948 737902
5949 738337
5950 738370
5951 738722
5952 733620
5953 735791
5954 734495
5955 738445
5956 736824
5957 738632
5958 738651
5959 736943
5960 738369
5961 737303
5962 738131
5963 738365
5964 738671
5965 738746
5966 738887
5967 740383
5968 732763
5969 738099
5970 739266
5971 739142
5972 739414
5973 740273
5974 738898
5975 739125
5976 739685
5977 740113
5978 740268
5979 740358
5980 740437
5981 744041
5982 740203
5983 734385
5984 740155
5985 740957
5986 740698
5987 740717
5988 740956
5989 740878
5990 741007
5991 740199
5992 741476
5993 741497
5994 742025
5995 741941
5996 741938
5997 742084
5998 742239
5999 743368
6000 742353
6001 744042
6002 742267
6003 744158
6004 744194
6005 743284
6006 743717
6007 743809
6008 745122
6009 744175
6010 744211
6011 744488
6012 742609
6013 744943
6014 758264
6015 743123
6016 743753
6017 743913
6018 745623
6019 746164
6020 745651
6021 745757
6022 745828
6023 745833
6024 744770
6025 745879
6026 746240
6027 746037
6028 746405
6029 746563
6030 746663
6031 747266
6032 747468
6033 747672
6034 743158
6035 747958
6036 747971
6037 748067
6038 747973
6039 748097
6040 749499
6041 748248
6042 748128
6043 749027
6044 748602
6045 749409
6046 749839
6047 749099
6048 749100
6049 749256
6050 749368
6051 749288
6052 749639
6053 749778
6054 750153
6055 750354
6056 749668
6057 750360
6058 750432
6059 750927
6060 751023
6061 751165
6062 751456
6063 751785
6064 752668
6065 752715
6066 752114
6067 752667
6068 753563
6069 747116
6070 750993
6071 751641
6072 752207
6073 752725
6074 753032
6075 753411
6076 755151
6077 752342
6078 754245
6079 752827
6080 753652
6081 754525
6082 754202
6083 754442
6084 754490
6085 754499
6086 754715
6087 753018
6088 754796
6089 755164
6090 755251
6091 755456
6092 755678
6093 756039
6094 755931
6095 755370
6096 757826
6097 754181
6098 755641
6099 758130
6100 756086
6101 756572
6102 756751
6103 756640
6104 757237
6105 757735
6106 757357
6107 757382
6108 757495
6109 757556
6110 757601
6111 756610
6112 758181
6113 758396
6114 758457
6115 758989
6116 759142
6117 759071
6118 760869
6119 762409
6120 763984
6121 761598
6122 762109
6123 764134
6124 764472
6125 765385
6126 766433
6127 766509
6128 767832
6129 770990
6130 771359
6131 772138
6132 756595
6133 758323
6134 758342
6135 758590
6136 759460
6137 759577
6138 759554
6139 759618
6140 759662
6141 759619
6142 759752
6143 759787
6144 759845
6145 759861
6146 759982
6147 760226
6148 760301
6149 760512
6150 760702
6151 760414
6152 760975
6153 760454
6154 760691
6155 761519
6156 761745
6157 762061
6158 762198
6159 762292
6160 762418
6161 762734
6162 763099
6163 762533
6164 762737
6165 762830
6166 763320
6167 763429
6168 763676
6169 764425
6170 764475
6171 764511
6172 764634
6173 765507
6174 764514
6175 765185
6176 765397
6177 765046
6178 764690
6179 765264
6180 765561
6181 765587
6182 766343
6183 765974
6184 770410
6185 765794
6186 765588
6187 765864
6188 766364
6189 767227
6190 770462
6191 767079
6192 766168
6193 766281
6194 765280
6195 769961
6196 766404
6197 767148
6198 767042
6199 766646
6200 767407
6201 767648
6202 767830
6203 767842
6204 768429
6205 768687
6206 768736
6207 768893
6208 768975
6209 769161
6210 769414
6211 768200
6212 769548
6213 770163
6214 770528
6215 770634
6216 770563
6217 772080
6218 769938
6219 770772
6220 769961
6221 770221
6222 770809
6223 771055
6224 771125
6225 771391
6226 771852
6227 772345
6228 772518
6229 772540
6230 772598
6231 772761
6232 772897
6233 773242
6234 773272
6235 773534
6236 773562
6237 773580
6238 773582
6239 773603
6240 773478
6241 773657
6242 773639
6243 773704
6244 773712
6245 773826
6246 773993
6247 774063
6248 774419
6249 773846
6250 773977
6251 774320
6252 774706
6253 774792
6254 774764
6255 774567
6256 774971
6257 775352
6258 775430
6259 775735
6260 776021
6261 778031
6262 776423
6263 776678
6264 777079
6265 778338
6266 779065
6267 779355
6268 775729
6269 775821
6270 777966
6271 775916
6272 775939
6273 776515
6274 776830
6275 779407
6276 780420
6277 779661
6278 776657
6279 776790
6280 778552
6281 776979
6282 778000
6283 778425
6284 778515
6285 777028
6286 778517
6287 778763
6288 781778
6289 782309
6290 781672
6291 782631
6292 782543
6293 782670
6294 782942
6295 783380
6296 783013
6297 783018
6298 784002
6299 779014
6300 779637
6301 779958
6302 780350
6303 780084
6304 780082
6305 780375
6306 781150
6307 781178
6308 780723
6309 781226
6310 781654
6311 781815
6312 782793
6313 782797
6314 783407
6315 783608
6316 784012
6317 784224
6318 784237
6319 784372
6320 785020
6321 784675
6322 785342
6323 784735
6324 784910
6325 785326
6326 784772
6327 785549
6328 769198
6329 785592
6330 785772
6331 785783
6332 787325
6333 786620
6334 786791
6335 787154
6336 787506
6337 787350
6338 786696
6339 787666
6340 787665
6341 787951
6342 788269
6343 788088
6344 788394
6345 787762
6346 788626
6347 787920
6348 785928
6349 788470
6350 788785
6351 789044
6352 789489
6353 785958
6354 787500
6355 787618
6356 787911
6357 788455
6358 789166
6359 789567
6360 790494
6361 789584
6362 789737
6363 785965
6364 798624
6365 791101
6366 789122
6367 789342
6368 790583
6369 791536
6370 789456
6371 791476
6372 791493
6373 791586
6374 790241
6375 791298
6376 790876
6377 794252
6378 791634
6379 791684
6380 792182
6381 791698
6382 792425
6383 794606
6384 792343
6385 792703
6386 793482
6387 794478
6388 795044
6389 792324
6390 793250
6391 791765
6392 794796
6393 795297
6394 794785
6395 794800
6396 795177
6397 794934
6398 795076
6399 795316
6400 795332
6401 795457
6402 795479
6403 795891
6404 795938
6405 796521
6406 796165
6407 795124
6408 797494
6409 795501
6410 795861
6411 795877
6412 796879
6413 796058
6414 797316
6415 797316
6416 797380
6417 792393
6418 797950
6419 795900
6420 796293
6421 797294
6422 797640
6423 798105
6424 798108
6425 798308
6426 796184
6427 798763
6428 799522
6429 798897
6430 800847
6431 799871
6432 798997
6433 800923
6434 801437
6435 801595
6436 801794
6437 799135
6438 803368
6439 800456
6440 802399
6441 800634
6442 798813
6443 800684
6444 800772
6445 803851
6446 800936
6447 801245
6448 799119
6449 799248
6450 801879
6451 799417
6452 801422
6453 801422
6454 802032
6455 800937
6456 802169
6457 800135
6458 802455
6459 802479
6460 804386
6461 802565
6462 802492
6463 802694
6464 803504
6465 803582
6466 803593
6467 803628
6468 803732
6469 803785
6470 804409
6471 804503
6472 801819
6473 804747
6474 804887
6475 805136
6476 805304
6477 809746
6478 805649
6479 806735
6480 805820
6481 806869
6482 806255
6483 806652
6484 806463
6485 805866
6486 806798
6487 806849
6488 807322
6489 807336
6490 807856
6491 809244
6492 809126
6493 808303
6494 809578
6495 808366
6496 810509
6497 805163
6498 805403
6499 805436
6500 805485
6501 810171
6502 810288
6503 807173
6504 809861
6505 810204
6506 810656
6507 810624
6508 807475
6509 810663
6510 811110
6511 810869
6512 811238
6513 811038
6514 811608
6515 811418
6516 812116
6517 812276
6518 811510
6519 811733
6520 811875
6521 812140
6522 812464
6523 811994
6524 812758
6525 812483
6526 806039
6527 808522
6528 809192
6529 810384
6530 811565
6531 812607
6532 812445
6533 812525
6534 812668
6535 811687
6536 811745
6537 809656
6538 812794
6539 813830
6540 813522
6541 814062
6542 813435
6543 814075
6544 814323
6545 814383
6546 814457
6547 814688
6548 816213
6549 819593
6550 816881
6551 816492
6552 816979
6553 818258
6554 819165
6555 819387
6556 820669
6557 819603
6558 819757
6559 821977
6560 822138
6561 821759
6562 822451
6563 814465
6564 814630
6565 814649
6566 822313
6567 817049
6568 817604
6569 823446
6570 814274
6571 821090
6572 823395
6573 823827
6574 825135
6575 825221
6576 825684
6577 813260
6578 828133
6579 830938
6580 822165
6581 824025
6582 822478
6583 825214
6584 828271
6585 828952
6586 829820
6587 829899
6588 829810
6589 831431
6590 828959
6591 831253
6592 830617
6593 832581
6594 831089
6595 832602
6596 830617
6597 831995
6598 832662
6599 831224
6600 832443
6601 832998
6602 833030
6603 833969
6604 833133
6605 833000
6606 833156
6607 844654
6608 811065
6609 814709
6610 814740
6611 815250
6612 815361
6613 815770
6614 815973
6615 816604
6616 815889
6617 815395
6618 817273
6619 817441
6620 819305
6621 818284
6622 819578
6623 818593
6624 817462
6625 819253
6626 818198
6627 819725
6628 819787
6629 815477
6630 820280
6631 820695
6632 821433
6633 821455
6634 822492
6635 822122
6636 822926
6637 823347
6638 824393
6639 821053
6640 821145
6641 821472
6642 821545
6643 821667
6644 822424
6645 822700
6646 823364
6647 823783
6648 824934
6649 823616
6650 825006
6651 825931
6652 822026
6653 820347
6654 826038
6655 825532
6656 825603
6657 826524
6658 826997
6659 827061
6660 827724
6661 827484
6662 827950
6663 828710
6664 826658
6665 827016
6666 828116
6667 827602
6668 828178
6669 828299
6670 828410
6671 828576
6672 829767
6673 830026
6674 830168
6675 830181
6676 830490
6677 830617
6678 831692
6679 832769
6680 832195
6681 832881
6682 833861
6683 832563
6684 834109
6685 834222
6686 827671
6687 834453
6688 834628
6689 834837
6690 834988
6691 835619
6692 836042
6693 836621
6694 836630
6695 836770
6696 837409
6697 835576
6698 837052
6699 834946
6700 837189
6701 836614
6702 837373
6703 837379
6704 837674
6705 837713
6706 837886
6707 837890
6708 838049
6709 838688
6710 838331
6711 837809
6712 839272
6713 839335
6714 839711
6715 840224
6716 840652
6717 841121
6718 843196
6719 843468
6720 843478
6721 843281
6722 843796
6723 849123
6724 843929
6725 839197
6726 841549
6727 842965
6728 842150
6729 844067
6730 846647
6731 844300
6732 845084
6733 846495
6734 845880
6735 846749
6736 847111
6737 846792
6738 814200
6739 846907
6740 839233
6741 840752
6742 842924
6743 843326
6744 844600
6745 849512
6746 847147
6747 844088
6748 848200
6749 848483
6750 843477
6751 849534
6752 849592
6753 850261
6754 855384
6755 850397
6756 853266
6757 853172
6758 843537
6759 844624
6760 848559
6761 848894
6762 846696
6763 849894
6764 850215
6765 851106
6766 852820
6767 851292
6768 846463
6769 851809
6770 852167
6771 851764
6772 853995
6773 852914
6774 849706
6775 853843
6776 853476
6777 853703
6778 854375
6779 853026
6780 854028
6781 854275
6782 854379
6783 854733
6784 855025
6785 856056
6786 854474
6787 854757
6788 855767
6789 855705
6790 855921
6791 856421
6792 856240
6793 847812
6794 856961
6795 857513
6796 858148
6797 857713
6798 857903
6799 858757
6800 859743
6801 859540
6802 859767
6803 860695
6804 861258
6805 860511
6806 861502
6807 862935
6808 862923
6809 863107
6810 863665
6811 863990
6812 864217
6813 864475
6814 865182
6815 865680
6816 866648
6817 865782
6818 865633
6819 865808
6820 865870
6821 859068
6822 863606
6823 864338
6824 864696
6825 864581
6826 864745
6827 866203
6828 866699
6829 866586
6830 866724
6831 867249
6832 867265
6833 867753
6834 867479
6835 866468
6836 871104
6837 867194
6838 867067
6839 868043
6840 868994
6841 870795
6842 868282
6843 869100
6844 869207
6845 870966
6846 869760
6847 870244
6848 869837
6849 867304
6850 870740
6851 871686
6852 868204
6853 870469
6854 870859
6855 871314
6856 871369
6857 871443
6858 871881
6859 871048
6860 872140
6861 872240
6862 873083
6863 873424
6864 875119
6865 872245
6866 873211
6867 938363
6868 806377
6869 830182
6870 830319
6871 830328
6872 830872
6873 831150
6874 831504
6875 831586
6876 831688
6877 831994
6878 832337
6879 832446
6880 832663
6881 832561
6882 832856
6883 833231
6884 833013
6885 833968
6886 834348
6887 834507
6888 834756
6889 834890
6890 835195
6891 836279
6892 835867
6893 836879
6894 837282
6895 837325
6896 837474
6897 837749
6898 837846
6899 838625
6900 838675
6901 838807
6902 839257
6903 841284
6904 840101
6905 841358
6906 841939
6907 840548
6908 841692
6909 842174
6910 844198
6911 842919
6912 844490
6913 842571
6914 844304
6915 845011
6916 845732
6917 850863
6918 845968
6919 847299
6920 847953
6921 852603
6922 853895
6923 846189
6924 847075
6925 847624
6926 848491
6927 849076
6928 848919
6929 849722
6930 851259
6931 852224
6932 852460
6933 854899
6934 847523
6935 856044
6936 861759
6937 853853
6938 856117
6939 835186
6940 838797
6941 838944
6942 840346
6943 841767
6944 842076
6945 844965
6946 847417
6947 850930
6948 852301
6949 842306
6950 855876
6951 856279
6952 857231
6953 856518
6954 857525
6955 857552
6956 858174
6957 858311
6958 858706
6959 858899
6960 859620
6961 859915
6962 860028
6963 861128
6964 861543
6965 862590
6966 863024
6967 863290
6968 863593
6969 862606
6970 863704
6971 865424
6972 865954
6973 864683
6974 864984
6975 865541
6976 866440
6977 866532
6978 867380
6979 868178
6980 870588
6981 867058
6982 867774
6983 869704
6984 870403
6985 870552
6986 868658
6987 876927
6988 868341
6989 869778
6990 869953
6991 871493
6992 872407
6993 872474
6994 873322
6995 873793
6996 874031
6997 874147
6998 874520
6999 874644
7000 875211
7001 875436
7002 874191
7003 872759
7004 875260
7005 875413
7006 875582
7007 875811
7008 876524
7009 876056
7010 876466
7011 876915
7012 877220
7013 877748
7014 877290
7015 877708
7016 875695
7017 879230
7018 878322
7019 875911
7020 876277
7021 878972
7022 877080
7023 877250
7024 878355
7025 878565
7026 879017
7027 879440
7028 879762
7029 878583
7030 876852
7031 879179
7032 878426
7033 879854
7034 879891
7035 880013
7036 880040
7037 880589
7038 880659
7039 880910
7040 881515
7041 881211
7042 886556
7043 880361
7044 880536
7045 881330
7046 880638
7047 880765
7048 869300
7049 881548
7050 881548
7051 882971
7052 881625
7053 881653
7054 883777
7055 883815
7056 883866
7057 881662
7058 885104
7059 885925
7060 886674
7061 886938
7062 887187
7063 883075
7064 883694
7065 883779
7066 884161
7067 885740
7068 885838
7069 886397
7070 885177
7071 886552
7072 886864
7073 886971
7074 887250
7075 884509
7076 887568
7077 887280
7078 887491
7079 865039
7080 919334
7081 887530
7082 878814
7083 888435
7084 887641
7085 887789
7086 889317
7087 887947
7088 887822
7089 887904
7090 883418
7091 888336
7092 888901
7093 889330
7094 888074
7095 899221
7096 889258
7097 885165
7098 889450
7099 889535
7100 890727
7101 890996
7102 889311
7103 889579
7104 890831
7105 889680
7106 890545
7107 890567
7108 892091
7109 890677
7110 891305
7111 891101
7112 891536
7113 891075
7114 891978
7115 892043
7116 892295
7117 895386
7118 892362
7119 892376
7120 892543
7121 892658
7122 892730
7123 892780
7124 893404
7125 893193
7126 893594
7127 893750
7128 893997
7129 893955
7130 894440
7131 894495
7132 894522
7133 894633
7134 894725
7135 895952
7136 896469
7137 894888
7138 892428
7139 895281
7140 897141
7141 901308
7142 898611
7143 894749
7144 894981
7145 895276
7146 895209
7147 896150
7148 901199
7149 894760
7150 899425
7151 898963
7152 900062
7153 904899
7154 899470
7155 899965
7156 894098
7157 902479
7158 905635
7159 906701
7160 907824
7161 912243
7162 908740
7163 910949
7164 912238
7165 909277
7166 882048
7167 896196
7168 896348
7169 896464
7170 896640
7171 896238
7172 896560
7173 897004
7174 897019
7175 897211
7176 897279
7177 897350
7178 897771
7179 897778
7180 899568
7181 898092
7182 900618
7183 899111
7184 897911
7185 899885
7186 899844
7187 899924
7188 898035
7189 898069
7190 899198
7191 900292
7192 900440
7193 899563
7194 900486
7195 900760
7196 900825
7197 901103
7198 901166
7199 901307
7200 901336
7201 901188
7202 901553
7203 899465
7204 900417
7205 901676
7206 902690
7207 901735
7208 901969
7209 904298
7210 901750
7211 901894
7212 902066
7213 902355
7214 902456
7215 902504
7216 902727
7217 902744
7218 903335
7219 903493
7220 903994
7221 904655
7222 904758
7223 904771
7224 902997
7225 901770
7226 903383
7227 903405
7228 903922
7229 904430
7230 904741
7231 904738
7232 903676
7233 904842
7234 904846
7235 905371
7236 905674
7237 905552
7238 905733
7239 904415
7240 905783
7241 906183
7242 906274
7243 906582
7244 906484
7245 906758
7246 906799
7247 907111
7248 907139
7249 907443
7250 906932
7251 907732
7252 902746
7253 907863
7254 908142
7255 908289
7256 908301
7257 908388
7258 908505
7259 908385
7260 910915
7261 909156
7262 909245
7263 912751
7264 909335
7265 910527
7266 909011
7267 910996
7268 911366
7269 911896
7270 912606
7271 911213
7272 902558
7273 911899
7274 911947
7275 912682
7276 912317
7277 912425
7278 912699
7279 912470
7280 902058
7281 908430
7282 909347
7283 909854
7284 910222
7285 910953
7286 909207
7287 910506
7288 911136
7289 911196
7290 910251
7291 911335
7292 911584
7293 911791
7294 912423
7295 911929
7296 912081
7297 913043
7298 912866
7299 912485
7300 913108
7301 913169
7302 913282
7303 913298
7304 913377
7305 913458
7306 913475
7307 913496
7308 913715
7309 913766
7310 913815
7311 913880
7312 913915
7313 913970
7314 914020
7315 914147
7316 914147
7317 914241
7318 914426
7319 914241
7320 914341
7321 914478
7322 914642
7323 915411
7324 915375
7325 914785
7326 915604
7327 914843
7328 915489
7329 915091
7330 915565
7331 915387
7332 915627
7333 915938
7334 916186
7335 916266
7336 916306
7337 914972
7338 932502
7339 916605
7340 916640
7341 916883
7342 917177
7343 917306
7344 917477
7345 917483
7346 917610
7347 918474
7348 917585
7349 917680
7350 917782
7351 917873
7352 918159
7353 918557
7354 918611
7355 918820
7356 918590
7357 918959
7358 919109
7359 919126
7360 919219
7361 920680
7362 919390
7363 919561
7364 919888
7365 920067
7366 919455
7367 920135
7368 920900
7369 920202
7370 920304
7371 920549
7372 920306
7373 920383
7374 920588
7375 920600
7376 920694
7377 919351
7378 921125
7379 920760
7380 921707
7381 921762
7382 927028
7383 920801
7384 921045
7385 921987
7386 922036
7387 922273
7388 922392
7389 922877
7390 927399
7391 921082
7392 922863
7393 922913
7394 923493
7395 923121
7396 920494
7397 923277
7398 924193
7399 928063
7400 924305
7401 925862
7402 928414
7403 926163
7404 927345
7405 932917
7406 926581
7407 927281
7408 928067
7409 927377
7410 928575
7411 928735
7412 929496
7413 929631
7414 929642
7415 929676
7416 929989
7417 930054
7418 930078
7419 930256
7420 930550
7421 930061
7422 930203
7423 929274
7424 930368
7425 930604
7426 930616
7427 931097
7428 931068
7429 930953
7430 931326
7431 931828
7432 932442
7433 931833
7434 931743
7435 932439
7436 932866
7437 933056
7438 933501
7439 933700
7440 933821
7441 934532
7442 933938
7443 934317
7444 934168
7445 934343
7446 934580
7447 935620
7448 934579
7449 915057
7450 934676
7451 934637
7452 934687
7453 934742
7454 934987
7455 918148
7456 935438
7457 935217
7458 935437
7459 935569
7460 935803
7461 942235
7462 936365
7463 935905
7464 921188
7465 921285
7466 921292
7467 922234
7468 924096
7469 922769
7470 923604
7471 924418
7472 924423
7473 924505
7474 924646
7475 924862
7476 926056
7477 925601
7478 926323
7479 927088
7480 926771
7481 927684
7482 928423
7483 930399
7484 928539
7485 936858
7486 928659
7487 923820
7488 930296
7489 930391
7490 932287
7491 928761
7492 931643
7493 930833
7494 933645
7495 933850
7496 933948
7497 934329
7498 935580
7499 935820
7500 935230
7501 940096
7502 931383
7503 935974
7504 937803
7505 933650
7506 936408
7507 936001
7508 936533
7509 937127
7510 937397
7511 937712
7512 939807
7513 941665
7514 932760
7515 942029
7516 937824
7517 937910
7518 938032
7519 942286
7520 938193
7521 938242
7522 942232
7523 942420
7524 943578
7525 942037
7526 930930
7527 942659
7528 938250
7529 938289
7530 938981
7531 939510
7532 940016
7533 938552
7534 939760
7535 938808
7536 939095
7537 939543
7538 939701
7539 940748
7540 941163
7541 941359
7542 940869
7543 941506
7544 941732
7545 942199
7546 943111
7547 942332
7548 943090
7549 942946
7550 943735
7551 944113
7552 944137
7553 944503
7554 944446
7555 944543
7556 944670
7557 945084
7558 947075
7559 944677
7560 945764
7561 945291
7562 945908
7563 947184
7564 947186
7565 947421
7566 944800
7567 947651
7568 945732
7569 946930
7570 947884
7571 948256
7572 948321
7573 948455
7574 944648
7575 945276
7576 946371
7577 946547
7578 946714
7579 946775
7580 946808
7581 946857
7582 945332
7583 946858
7584 946999
7585 947027
7586 947061
7587 947294
7588 947858
7589 947050
7590 947945
7591 947067
7592 947101
7593 947562
7594 947902
7595 947959
7596 948124
7597 948409
7598 948564
7599 948572
7600 948636
7601 948843
7602 948696
7603 948816
7604 948848
7605 948679
7606 949086
7607 976457
7608 947183
7609 949229
7610 949570
7611 949857
7612 949590
7613 950122
7614 950406
7615 958759
7616 950719
7617 952972
7618 970442
7619 950754
7620 952156
7621 950165
7622 972183
7623 950256
7624 950363
7625 963203
7626 965246
7627 975814
7628 963310
7629 945123
7630 950791
7631 950859
7632 951097
7633 953190
7634 950933
7635 951628
7636 951740
7637 952778
7638 952794
7639 953004
7640 953152
7641 953257
7642 953405
7643 953423
7644 952740
7645 953515
7646 953690
7647 953964
7648 954203
7649 954362
7650 954607
7651 954925
7652 954984
7653 954954
7654 955061
7655 953916
7656 954941
7657 954845
7658 955099
7659 955406
7660 955412
7661 955454
7662 955942
7663 956084
7664 956127
7665 955949
7666 956179
7667 956199
7668 957395
7669 957852
7670 958396
7671 960081
7672 956047
7673 956275
7674 956315
7675 956653
7676 956775
7677 956839
7678 959117
7679 956850
7680 957158
7681 957350
7682 957317
7683 957710
7684 958244
7685 958459
7686 958635
7687 959028
7688 959121
7689 959334
7690 959669
7691 959747
7692 959869
7693 959882
7694 960085
7695 960088
7696 960116
7697 968785
7698 954383
7699 960351
7700 961087
7701 961647
7702 962021
7703 961896
7704 962657
7705 960990
7706 961685
7707 962804
7708 961850
7709 962015
7710 962078
7711 962763
7712 962195
7713 962890
7714 960143
7715 960191
7716 960699
7717 961332
7718 962182
7719 961390
7720 961510
7721 960557
7722 962378
7723 962602
7724 962897
7725 963187
7726 963096
7727 963183
7728 963459
7729 963752
7730 965140
7731 964136
7732 964498
7733 964687
7734 964474
7735 965179
7736 965465
7737 965536
7738 965733
7739 965861
7740 965947
7741 966263
7742 966012
7743 966272
7744 966561
7745 966343
7746 967191
7747 966404
7748 967843
7749 967356
7750 967527
7751 965223
7752 967639
7753 967675
7754 967835
7755 968438
7756 968683
7757 969155
7758 969616
7759 969744
7760 969572
7761 970379
7762 974255
7763 970586
7764 971334
7765 971355
7766 973173
7767 970564
7768 971557
7769 971766
7770 972369
7771 972062
7772 971749
7773 972204
7774 972304
7775 972450
7776 974433
7777 972907
7778 973153
7779 974066
7780 973195
7781 973749
7782 974345
7783 975055
7784 974279
7785 972551
7786 974537
7787 960143
7788 974774
7789 968558
7790 973677
7791 985031
7792 962212
7793 964333
7794 965651
7795 966272
7796 966029
7797 966615
7798 966969
7799 967413
7800 966071
7801 966979
7802 968033
7803 969023
7804 966916
7805 969519
7806 969885
7807 970375
7808 971116
7809 970104
7810 971223
7811 971669
7812 972145
7813 972257
7814 973437
7815 974720
7816 974795
7817 974907
7818 975073
7819 975280
7820 975129
7821 975161
7822 975388
7823 975432
7824 975514
7825 975546
7826 975642
7827 975970
7828 976003
7829 975907
7830 976779
7831 975972
7832 976348
7833 976477
7834 976729
7835 975596
7836 976175
7837 977212
7838 976704
7839 976902
7840 977219
7841 977316
7842 977505
7843 977266
7844 977341
7845 977494
7846 975049
7847 978292
7848 978878
7849 981884
7850 978882
7851 979678
7852 980059
7853 981030
7854 980974
7855 981022
7856 981216
7857 981355
7858 981589
7859 981619
7860 981662
7861 981715
7862 981914
7863 981954
7864 981969
7865 980844
7866 982030
7867 982352
7868 982853
7869 982081
7870 983096
7871 982134
7872 979371
7873 982410
7874 983184
7875 983375
7876 983363
7877 983605
7878 983732
7879 983949
7880 984221
7881 984261
7882 984559
7883 984681
7884 984749
7885 984791
7886 984954
7887 984963
7888 985275
7889 985291
7890 985239
7891 985493
7892 985592
7893 985665
7894 986132
7895 986831
7896 987125
7897 987034
7898 987581
7899 987110
7900 987158
7901 987378
7902 987440
7903 987887
7904 988502
7905 989929
7906 988622
7907 989226
7908 990105
7909 990311
7910 992871
7911 990551
7912 987936
7913 990598
7914 991183
7915 991790
7916 992893
7917 992283
7918 995914
7919 992290
7920 992423
7921 992442
7922 992545
7923 985318
7924 993292
7925 993532
7926 993806
7927 986191
7928 993853
7929 994062
7930 994304
7931 995822
7932 986599
7933 986600
7934 987245
7935 989753
7936 987163
7937 988297
7938 989215
7939 987555
7940 988752
7941 988841
7942 989156
7943 988918
7944 989157
7945 989405
7946 989508
7947 990106
7948 989636
7949 989100
7950 990353
7951 990639
7952 990366
7953 990404
7954 990851
7955 994100
7956 990409
7957 991535
7958 990412
7959 991834
7960 990971
7961 992202
7962 992380
7963 992675
7964 993452
7965 994018
7966 993960
7967 992562
7968 994283
7969 994770
7970 994919
7971 995040
7972 995233
7973 995472
7974 996098
7975 995639
7976 995674
7977 994879
7978 996632
7979 996691
7980 997035
7981 997130
7982 996896
7983 997036
7984 997371
7985 997488
7986 997696
7987 995287
7988 997836
7989 998126
7990 998714
7991 999451
7992 998439
7993 999671
7994 998686
7995 998693
7996 999189
7997 999212
7998 999488
7999 211732
