-11256
22 1 96
7 4 95
27 21 94
5 17 92
1 28 91
2 3 91
22 3 90
19 27 90
16 3 90
10 20 87
1 13 86
8 19 85
5 28 84
7 15 84
6 2 84
24 28 83
14 15 83
8 11 82
1 19 82
2 13 81
5 26 80
19 4 79
14 21 79
5 7 79
4 15 78
19 0 78
12 15 78
4 21 78
20 28 77
14 20 76
14 3 76
1 17 76
1 26 75
29 5 75
24 20 74
1 27 74
5 15 73
1 3 72
9 3 72
14 8 71
1 18 70
23 26 70
2 19 70
10 25 69
22 17 69
19 25 68
2 8 68
4 17 68
19 21 68
11 20 67
23 21 67
13 18 67
8 16 67
2 15 66
12 4 65
16 9 65
22 10 64
28 26 64
24 27 64
28 13 63
5 13 62
8 3 62
11 16 62
19 28 61
10 28 60
27 0 60
22 26 59
8 17 59
28 21 59
2 10 58
8 18 57
1 23 56
6 7 56
14 26 55
8 26 55
1 25 54
14 5 54
19 7 54
16 10 53
22 11 52
12 0 52
22 9 52
11 26 52
4 26 51
17 26 51
11 10 51
7 26 51
29 0 50
10 18 49
29 16 49
23 27 48
19 18 48
16 26 48
22 15 48
29 23 47
23 9 47
12 7 47
22 5 46
6 0 46
29 17 46
4 20 44
17 13 44
6 12 44
29 4 43
17 20 43
5 18 43
7 20 42
29 1 42
24 0 42
8 7 42
15 13 41
2 24 41
1 0 38
25 13 37
8 13 37
23 10 37
19 15 37
29 20 36
3 25 36
24 11 36
2 5 36
8 15 35
22 0 35
12 27 35
6 4 34
6 13 34
6 8 34
2 18 34
14 12 34
20 13 33
22 27 32
10 21 32
6 21 31
14 7 31
17 28 30
24 10 30
12 26 30
5 10 30
11 21 30
9 21 30
5 20 29
23 18 29
6 9 29
29 25 28
10 13 28
3 18 28
8 25 27
9 17 27
19 13 26
17 18 26
6 27 26
20 21 25
9 15 25
4 3 25
24 15 25
29 22 25
7 21 24
24 13 23
22 20 23
23 13 23
28 18 23
24 9 23
9 27 23
29 18 22
6 24 22
22 13 21
6 1 21
11 12 21
26 21 21
5 9 20
8 20 19
2 12 19
29 15 18
22 18 18
6 25 17
6 11 17
27 13 15
2 20 13
15 26 12
3 13 11
5 4 11
17 21 11
6 23 11
4 25 10
24 16 10
16 13 9
15 18 9
22 4 8
6 22 8
0 25 7
11 13 6
16 27 6
28 25 5
7 18 5
15 3 4
11 0 4
1 15 3
15 10 3
12 23 2
22 21 1
8 9 1
20 4 0
25 18 0
26 27 0
19 6 0
3 6 0
24 14 -1
27 1 -2
19 20 -2
11 3 -2
6 17 -2
4 19 -2
21 22 -2
7 10 -3
10 5 -3
11 19 -3
26 2 -4
13 2 -4
27 3 -4
10 29 -4
29 7 -4
26 14 -4
3 1 -5
23 4 -5
14 1 -5
17 23 -5
2 16 -5
14 13 -6
12 8 -6
15 21 -6
22 12 -6
3 21 -6
13 19 -6
16 29 -6
12 13 -7
16 25 -7
4 9 -7
8 27 -7
13 26 -7
3 5 -7
17 4 -8
23 25 -9
2 25 -9
5 3 -9
29 26 -9
15 1 -10
15 17 -10
19 9 -10
10 3 -10
4 23 -10
23 6 -10
26 19 -10
11 25 -11
7 1 -11
12 17 -11
10 0 -11
17 16 -11
10 1 -12
6 5 -12
23 2 -12
20 17 -12
27 15 -12
23 28 -13
7 3 -13
4 18 -13
24 21 -13
13 27 -13
5 19 -13
7 25 -14
9 25 -14
2 11 -14
10 27 -14
27 28 -15
12 9 -15
25 11 -15
19 17 -15
11 17 -15
26 3 -16
29 12 -16
1 12 -16
11 22 -16
5 1 -17
5 21 -17
13 10 -17
17 2 -17
0 6 -17
3 22 -17
21 3 -18
21 11 -19
1 11 -19
20 22 -19
1 20 -20
4 27 -20
26 23 -20
0 21 -20
13 12 -20
18 24 -20
16 6 -20
21 19 -20
23 24 -20
22 28 -21
18 28 -21
14 4 -21
21 1 -21
0 13 -21
6 19 -21
28 24 -21
2 4 -22
26 17 -22
0 11 -22
5 23 -22
1 9 -22
10 26 -22
1 14 -22
7 8 -23
16 20 -23
4 12 -23
8 10 -24
25 21 -24
11 15 -24
9 0 -24
4 28 -25
18 9 -25
24 26 -25
14 24 -25
14 25 -26
16 4 -26
2 7 -26
29 28 -27
18 27 -27
17 0 -27
18 4 -28
7 13 -28
28 14 -28
5 16 -28
7 6 -28
18 19 -28
2 28 -29
23 0 -29
20 12 -29
0 26 -29
11 18 -30
6 18 -30
5 27 -30
18 10 -30
21 0 -30
29 14 -30
14 28 -31
29 24 -31
22 24 -31
12 25 -32
26 20 -32
16 18 -32
24 23 -32
25 23 -32
3 0 -32
14 10 -32
20 19 -32
27 24 -32
3 7 -32
27 25 -33
22 8 -33
9 26 -33
3 11 -33
23 7 -33
19 10 -34
24 2 -34
29 2 -34
14 18 -34
15 20 -35
27 18 -35
12 10 -35
18 0 -35
7 23 -36
24 25 -37
12 18 -37
0 12 -37
20 26 -37
12 24 -37
8 4 -38
1 21 -38
20 3 -38
13 21 -38
25 7 -38
19 24 -38
27 17 -39
26 10 -39
0 16 -39
9 18 -40
4 29 -40
24 6 -40
18 6 -41
12 20 -42
18 20 -42
4 0 -42
15 27 -42
25 27 -42
22 16 -42
15 11 -43
8 12 -43
26 0 -44
24 18 -44
6 3 -44
24 19 -44
25 14 -44
22 7 -44
16 8 -45
29 27 -45
25 2 -45
8 5 -45
22 29 -45
10 11 -46
6 10 -46
2 27 -46
10 24 -46
25 19 -46
15 7 -46
8 28 -47
16 0 -47
7 9 -47
14 2 -47
18 8 -48
8 23 -48
15 0 -48
7 0 -48
5 0 -48
26 16 -48
11 4 -49
7 28 -49
1 10 -49
5 12 -49
6 26 -49
21 18 -49
14 22 -49
16 28 -50
1 16 -50
25 22 -50
16 22 -50
11 23 -52
24 22 -53
2 21 -54
14 0 -54
1 24 -54
12 28 -55
9 13 -55
29 8 -55
4 1 -55
25 4 -55
13 5 -55
9 2 -55
11 9 -55
27 23 -55
26 29 -55
20 18 -56
11 27 -56
26 18 -56
16 21 -56
20 23 -56
5 24 -56
17 6 -57
26 9 -58
24 12 -58
4 24 -58
3 28 -59
7 17 -59
18 11 -59
26 25 -60
21 12 -60
22 23 -60
13 9 -60
24 7 -60
11 14 -60
0 8 -61
14 19 -61
20 24 -61
15 28 -62
17 25 -62
3 16 -62
11 28 -63
28 9 -63
13 15 -63
14 16 -63
23 19 -63
5 25 -64
12 19 -64
29 19 -64
28 1 -65
21 25 -65
0 4 -65
12 21 -65
16 2 -65
9 24 -65
25 24 -65
16 23 -66
27 5 -66
6 16 -66
29 10 -67
0 9 -67
19 3 -67
23 3 -67
28 29 -67
2 22 -67
17 14 -67
13 28 -68
9 20 -68
29 13 -68
13 23 -68
2 17 -68
21 27 -68
6 14 -68
25 8 -69
24 4 -70
18 29 -70
13 6 -70
6 20 -71
24 17 -71
21 6 -71
11 7 -71
11 2 -72
25 6 -72
2 29 -72
27 20 -73
28 0 -73
25 26 -73
9 6 -73
26 12 -74
5 14 -74
3 29 -74
13 7 -74
13 22 -74
13 1 -75
0 20 -75
9 10 -75
8 0 -75
12 2 -75
27 29 -76
19 14 -76
13 8 -77
6 28 -77
12 3 -77
26 5 -77
22 25 -78
17 11 -78
13 3 -78
4 16 -78
10 4 -79
23 17 -79
3 26 -80
14 9 -80
19 12 -80
20 0 -80
26 22 -80
27 19 -80
1 8 -81
16 15 -81
27 7 -81
25 1 -82
8 21 -82
15 22 -82
27 22 -83
29 3 -84
21 10 -84
16 19 -84
11 1 -85
5 8 -85
11 29 -85
20 25 -86
6 15 -87
14 17 -87
10 16 -87
18 16 -87
15 25 -88
2 1 -88
7 12 -88
2 23 -88
9 23 -88
21 17 -89
19 26 -89
14 11 -90
23 15 -90
17 27 -90
12 16 -90
12 1 -91
24 8 -91
19 11 -91
4 10 -91
16 5 -91
2 26 -91
0 10 -91
28 5 -91
0 18 -91
17 19 -91
29 11 -92
16 17 -92
27 26 -92
26 15 -92
0 17 -92
6 29 -92
19 29 -92
9 28 -93
17 3 -93
2 9 -93
16 7 -93
23 20 -94
28 15 -94
0 15 -94
1 4 -95
16 11 -95
1 7 -95
7 29 -95
25 5 -96
29 21 -96
24 3 -97
25 3 -97
22 19 -97
4 13 -98
4 2 -98
17 10 -98
20 6 -98
10 8 -99
29 9 -99
5 11 -99
14 27 -100
10 9 -100
2 0 -100
17 15 -100
14 23 -100
7 27 -100
28 7 -100
